(00.000000) Unable to get $HOME directory, local configuration file will not be used.(00.000000) files stat: fs/file-max 93280, fs/nr_open 1048576
(00.000000) rlimit: RLIMIT_NOFILE unlimited for self
(00.000044) Warn  (criu/log.c:203): The early log isn't empty
(00.000052) Version: 3.11 (gitid v3.11-230-ga284d197)
(00.000056) Running on ubuntu Linux 4.18.0-18-generic #19~18.04.1-Ubuntu SMP Fri Apr 5 10:22:13 UTC 2019 x86_64
(00.000066) Loaded kdat cache from /run/criu.kdat
(00.000098) Will dump/restore TCP connections
(00.000165) cpu: x86_family 6 x86_vendor_id GenuineIntel x86_model_id Intel(R) Core(TM) i5-6300HQ CPU @ 2.30GHz
(00.000173) cpu: fpu: xfeatures_mask 0x15 xsave_size 1088 xsave_size_max 1088 xsaves_size 960
(00.000190) cpu: fpu: x87 floating point registers     xstate_offsets      0 / 0      xstate_sizes    160 / 160   
(00.000193) cpu: fpu: AVX registers                    xstate_offsets    576 / 576    xstate_sizes    256 / 256   
(00.000195) cpu: fpu: MPX CSR                          xstate_offsets   1024 / 832    xstate_sizes     64 / 64    
(00.000198) cpu: fpu:1 fxsr:1 xsave:1 xsaveopt:1 xsavec:1 xgetbv1:0 xsaves:1
(00.000220) kernel pid_max=131072
(00.000223) Reading image tree
(00.000242) Add mnt ns 12 pid 1
(00.000247) Add net ns 9 pid 1
(00.000251) pstree pid_max=1
(00.000255) Will restore in 6c020000 namespaces
(00.000258) NS mask to use 6c020000
(00.000288) Collecting 37/54 (flags 2)
(00.000299) Collected [go/src/time/time] ID 0x1
(00.000303) Collected pipe entry ID 0x2 PIPE ID 0xb7ec
(00.000310) Found id pipe:[47084] (fd 1) in inherit fd list
(00.000314) Collected pipe entry ID 0x3 PIPE ID 0xb7ed
(00.000318) Found id pipe:[47085] (fd 2) in inherit fd list
(00.000323) Collected pipe entry ID 0x4 PIPE ID 0xb7ee
(00.000328) Found id pipe:[47086] (fd 9) in inherit fd list
(00.000331) Collected [go/src/time] ID 0x5
(00.000334) Collected [.] ID 0x6
(00.000337)  `- ... done
(00.000339) Collecting 43/63 (flags 0)
(00.000343) No remap-fpath.img image
(00.000346)  `- ... done
(00.000403) cg: rewriting docker/cc822f6bd3abca647ffe620337a92f50339193938df0345dd4dd9617e92df150 to /docker/096924be38fded68d3b8f67ca2b7cf2728fd7bdb200ae4172a047730d3c1a02e
(00.000410) cg: rewriting docker/cc822f6bd3abca647ffe620337a92f50339193938df0345dd4dd9617e92df150 to /docker/096924be38fded68d3b8f67ca2b7cf2728fd7bdb200ae4172a047730d3c1a02e
(00.000413) cg: rewriting docker/cc822f6bd3abca647ffe620337a92f50339193938df0345dd4dd9617e92df150 to /docker/096924be38fded68d3b8f67ca2b7cf2728fd7bdb200ae4172a047730d3c1a02e
(00.000417) cg: rewriting docker/cc822f6bd3abca647ffe620337a92f50339193938df0345dd4dd9617e92df150 to /docker/096924be38fded68d3b8f67ca2b7cf2728fd7bdb200ae4172a047730d3c1a02e
(00.000420) cg: rewriting docker/cc822f6bd3abca647ffe620337a92f50339193938df0345dd4dd9617e92df150 to /docker/096924be38fded68d3b8f67ca2b7cf2728fd7bdb200ae4172a047730d3c1a02e
(00.000423) cg: rewriting docker/cc822f6bd3abca647ffe620337a92f50339193938df0345dd4dd9617e92df150 to /docker/096924be38fded68d3b8f67ca2b7cf2728fd7bdb200ae4172a047730d3c1a02e
(00.000427) cg: rewriting docker/cc822f6bd3abca647ffe620337a92f50339193938df0345dd4dd9617e92df150 to /docker/096924be38fded68d3b8f67ca2b7cf2728fd7bdb200ae4172a047730d3c1a02e
(00.000430) cg: rewriting docker/cc822f6bd3abca647ffe620337a92f50339193938df0345dd4dd9617e92df150 to /docker/096924be38fded68d3b8f67ca2b7cf2728fd7bdb200ae4172a047730d3c1a02e
(00.000433) cg: rewriting  to /
(00.000436) cg: rewriting docker/cc822f6bd3abca647ffe620337a92f50339193938df0345dd4dd9617e92df150 to /docker/096924be38fded68d3b8f67ca2b7cf2728fd7bdb200ae4172a047730d3c1a02e
(00.000439) cg: rewriting docker/cc822f6bd3abca647ffe620337a92f50339193938df0345dd4dd9617e92df150 to /docker/096924be38fded68d3b8f67ca2b7cf2728fd7bdb200ae4172a047730d3c1a02e
(00.000442) cg: rewriting docker/cc822f6bd3abca647ffe620337a92f50339193938df0345dd4dd9617e92df150 to /docker/096924be38fded68d3b8f67ca2b7cf2728fd7bdb200ae4172a047730d3c1a02e
(00.000445) cg: Preparing cgroups yard (cgroups restore mode 0x4)
(00.000639) cg: Opening .criu.cgyard.OBYYpM as cg yard
(00.000652) cg: 	Making controller dir .criu.cgyard.OBYYpM/perf_event (perf_event)
(00.000773) cg: Determined cgroup dir perf_event//docker/096924be38fded68d3b8f67ca2b7cf2728fd7bdb200ae4172a047730d3c1a02e already exist
(00.000777) cg: Skip restoring properties on cgroup dir perf_event//docker/096924be38fded68d3b8f67ca2b7cf2728fd7bdb200ae4172a047730d3c1a02e
(00.000787) cg: 	Making controller dir .criu.cgyard.OBYYpM/net_cls,net_prio (net_cls,net_prio)
(00.000886) cg: Determined cgroup dir net_cls,net_prio//docker/096924be38fded68d3b8f67ca2b7cf2728fd7bdb200ae4172a047730d3c1a02e already exist
(00.000889) cg: Skip restoring properties on cgroup dir net_cls,net_prio//docker/096924be38fded68d3b8f67ca2b7cf2728fd7bdb200ae4172a047730d3c1a02e
(00.000896) cg: 	Making controller dir .criu.cgyard.OBYYpM/pids (pids)
(00.000991) cg: Determined cgroup dir pids//docker/096924be38fded68d3b8f67ca2b7cf2728fd7bdb200ae4172a047730d3c1a02e already exist
(00.000994) cg: Skip restoring properties on cgroup dir pids//docker/096924be38fded68d3b8f67ca2b7cf2728fd7bdb200ae4172a047730d3c1a02e
(00.001001) cg: 	Making controller dir .criu.cgyard.OBYYpM/devices (devices)
(00.001096) cg: Determined cgroup dir devices//docker/096924be38fded68d3b8f67ca2b7cf2728fd7bdb200ae4172a047730d3c1a02e already exist
(00.001098) cg: Skip restoring properties on cgroup dir devices//docker/096924be38fded68d3b8f67ca2b7cf2728fd7bdb200ae4172a047730d3c1a02e
(00.001106) cg: 	Making controller dir .criu.cgyard.OBYYpM/cpuset (cpuset)
(00.001200) cg: Determined cgroup dir cpuset//docker/096924be38fded68d3b8f67ca2b7cf2728fd7bdb200ae4172a047730d3c1a02e already exist
(00.001203) cg: Skip restoring properties on cgroup dir cpuset//docker/096924be38fded68d3b8f67ca2b7cf2728fd7bdb200ae4172a047730d3c1a02e
(00.001210) cg: 	Making controller dir .criu.cgyard.OBYYpM/blkio (blkio)
(00.001305) cg: Determined cgroup dir blkio//docker/096924be38fded68d3b8f67ca2b7cf2728fd7bdb200ae4172a047730d3c1a02e already exist
(00.001307) cg: Skip restoring properties on cgroup dir blkio//docker/096924be38fded68d3b8f67ca2b7cf2728fd7bdb200ae4172a047730d3c1a02e
(00.001314) cg: 	Making controller dir .criu.cgyard.OBYYpM/cpu,cpuacct (cpu,cpuacct)
(00.001409) cg: Determined cgroup dir cpu,cpuacct//docker/096924be38fded68d3b8f67ca2b7cf2728fd7bdb200ae4172a047730d3c1a02e already exist
(00.001412) cg: Skip restoring properties on cgroup dir cpu,cpuacct//docker/096924be38fded68d3b8f67ca2b7cf2728fd7bdb200ae4172a047730d3c1a02e
(00.001419) cg: 	Making controller dir .criu.cgyard.OBYYpM/freezer (freezer)
(00.001513) cg: Determined cgroup dir freezer//docker/096924be38fded68d3b8f67ca2b7cf2728fd7bdb200ae4172a047730d3c1a02e already exist
(00.001516) cg: Skip restoring properties on cgroup dir freezer//docker/096924be38fded68d3b8f67ca2b7cf2728fd7bdb200ae4172a047730d3c1a02e
(00.001523) cg: 	Making controller dir .criu.cgyard.OBYYpM/rdma (rdma)
(00.001616) cg: Determined cgroup dir rdma// already exist
(00.001619) cg: Skip restoring properties on cgroup dir rdma//
(00.001626) cg: 	Making controller dir .criu.cgyard.OBYYpM/memory (memory)
(00.001721) cg: Determined cgroup dir memory//docker/096924be38fded68d3b8f67ca2b7cf2728fd7bdb200ae4172a047730d3c1a02e already exist
(00.001723) cg: Skip restoring properties on cgroup dir memory//docker/096924be38fded68d3b8f67ca2b7cf2728fd7bdb200ae4172a047730d3c1a02e
(00.001731) cg: 	Making controller dir .criu.cgyard.OBYYpM/hugetlb (hugetlb)
(00.001826) cg: Determined cgroup dir hugetlb//docker/096924be38fded68d3b8f67ca2b7cf2728fd7bdb200ae4172a047730d3c1a02e already exist
(00.001828) cg: Skip restoring properties on cgroup dir hugetlb//docker/096924be38fded68d3b8f67ca2b7cf2728fd7bdb200ae4172a047730d3c1a02e
(00.001836) cg: 	Making controller dir .criu.cgyard.OBYYpM/systemd (none,name=systemd)
(00.001944) cg: Determined cgroup dir systemd//docker/096924be38fded68d3b8f67ca2b7cf2728fd7bdb200ae4172a047730d3c1a02e already exist
(00.001947) cg: Skip restoring properties on cgroup dir systemd//docker/096924be38fded68d3b8f67ca2b7cf2728fd7bdb200ae4172a047730d3c1a02e
(00.001956) Running pre-restore scripts
(00.001958) 	RPC
(00.028324) Saved netns fd for links restore
(00.028397) mnt: Reading mountpoint images (id 12 pid 1)
(00.028403) mnt: 		Will mount 929 from /
(00.028406) mnt: 		Will mount 929 @ /tmp/.criu.mntns.lCGNoy/12-0000000000/sys/firmware
(00.028408) mnt: 	Read 929 mp @ /tmp/.criu.mntns.lCGNoy/12-0000000000/sys/firmware
(00.028413) mnt: 		Will mount 928 from /sys/fs/cgroup/perf_event (E)
(00.028415) mnt: 		Will mount 928 @ /tmp/.criu.mntns.lCGNoy/12-0000000000/sys/fs/cgroup/perf_event
(00.028417) mnt: 	Read 928 mp @ /tmp/.criu.mntns.lCGNoy/12-0000000000/sys/fs/cgroup/perf_event
(00.028420) mnt: 		Will mount 927 from /sys/fs/cgroup/net_cls,net_prio (E)
(00.028422) mnt: 		Will mount 927 @ /tmp/.criu.mntns.lCGNoy/12-0000000000/sys/fs/cgroup/net_cls,net_prio
(00.028423) mnt: 	Read 927 mp @ /tmp/.criu.mntns.lCGNoy/12-0000000000/sys/fs/cgroup/net_cls,net_prio
(00.028426) mnt: 		Will mount 926 from /sys/fs/cgroup/pids/system.slice/docker.service (E)
(00.028428) mnt: 		Will mount 926 @ /tmp/.criu.mntns.lCGNoy/12-0000000000/sys/fs/cgroup/pids
(00.028430) mnt: 	Read 926 mp @ /tmp/.criu.mntns.lCGNoy/12-0000000000/sys/fs/cgroup/pids
(00.028432) mnt: 		Will mount 925 from /sys/fs/cgroup/devices/system.slice/docker.service (E)
(00.028434) mnt: 		Will mount 925 @ /tmp/.criu.mntns.lCGNoy/12-0000000000/sys/fs/cgroup/devices
(00.028436) mnt: 	Read 925 mp @ /tmp/.criu.mntns.lCGNoy/12-0000000000/sys/fs/cgroup/devices
(00.028443) mnt: 		Will mount 924 from /sys/fs/cgroup/cpuset (E)
(00.028446) mnt: 		Will mount 924 @ /tmp/.criu.mntns.lCGNoy/12-0000000000/sys/fs/cgroup/cpuset
(00.028447) mnt: 	Read 924 mp @ /tmp/.criu.mntns.lCGNoy/12-0000000000/sys/fs/cgroup/cpuset
(00.028450) mnt: 		Will mount 923 from /sys/fs/cgroup/blkio (E)
(00.028452) mnt: 		Will mount 923 @ /tmp/.criu.mntns.lCGNoy/12-0000000000/sys/fs/cgroup/blkio
(00.028454) mnt: 	Read 923 mp @ /tmp/.criu.mntns.lCGNoy/12-0000000000/sys/fs/cgroup/blkio
(00.028457) mnt: 		Will mount 922 from /sys/fs/cgroup/cpu,cpuacct (E)
(00.028458) mnt: 		Will mount 922 @ /tmp/.criu.mntns.lCGNoy/12-0000000000/sys/fs/cgroup/cpu,cpuacct
(00.028460) mnt: 	Read 922 mp @ /tmp/.criu.mntns.lCGNoy/12-0000000000/sys/fs/cgroup/cpu,cpuacct
(00.028463) mnt: 		Will mount 921 from /sys/fs/cgroup/freezer (E)
(00.028465) mnt: 		Will mount 921 @ /tmp/.criu.mntns.lCGNoy/12-0000000000/sys/fs/cgroup/freezer
(00.028466) mnt: 	Read 921 mp @ /tmp/.criu.mntns.lCGNoy/12-0000000000/sys/fs/cgroup/freezer
(00.028469) mnt: 		Will mount 920 from /sys/fs/cgroup/rdma (E)
(00.028471) mnt: 		Will mount 920 @ /tmp/.criu.mntns.lCGNoy/12-0000000000/sys/fs/cgroup/rdma
(00.028473) mnt: 	Read 920 mp @ /tmp/.criu.mntns.lCGNoy/12-0000000000/sys/fs/cgroup/rdma
(00.028475) mnt: 		Will mount 919 from /sys/fs/cgroup/memory (E)
(00.028477) mnt: 		Will mount 919 @ /tmp/.criu.mntns.lCGNoy/12-0000000000/sys/fs/cgroup/memory
(00.028479) mnt: 	Read 919 mp @ /tmp/.criu.mntns.lCGNoy/12-0000000000/sys/fs/cgroup/memory
(00.028483) mnt: 		Will mount 918 from /sys/fs/cgroup/hugetlb (E)
(00.028485) mnt: 		Will mount 918 @ /tmp/.criu.mntns.lCGNoy/12-0000000000/sys/fs/cgroup/hugetlb
(00.028486) mnt: 	Read 918 mp @ /tmp/.criu.mntns.lCGNoy/12-0000000000/sys/fs/cgroup/hugetlb
(00.028489) mnt: 		Will mount 917 from /sys/fs/cgroup/systemd/system.slice/docker.service (E)
(00.028491) mnt: 		Will mount 917 @ /tmp/.criu.mntns.lCGNoy/12-0000000000/sys/fs/cgroup/systemd
(00.028492) mnt: 	Read 917 mp @ /tmp/.criu.mntns.lCGNoy/12-0000000000/sys/fs/cgroup/systemd
(00.028495) mnt: 		Will mount 916 from /
(00.028497) mnt: 		Will mount 916 @ /tmp/.criu.mntns.lCGNoy/12-0000000000/sys/fs/cgroup
(00.028498) mnt: 	Read 916 mp @ /tmp/.criu.mntns.lCGNoy/12-0000000000/sys/fs/cgroup
(00.028501) mnt: 		Will mount 915 from /
(00.028502) mnt: 		Will mount 915 @ /tmp/.criu.mntns.lCGNoy/12-0000000000/sys
(00.028504) mnt: 	Read 915 mp @ /tmp/.criu.mntns.lCGNoy/12-0000000000/sys
(00.028507) mnt: 		Will mount 914 from /var/lib/docker/containers/096924be38fded68d3b8f67ca2b7cf2728fd7bdb200ae4172a047730d3c1a02e/shm (E)
(00.028508) mnt: 		Will mount 914 @ /tmp/.criu.mntns.lCGNoy/12-0000000000/dev/shm
(00.028516) mnt: 	Read 914 mp @ /tmp/.criu.mntns.lCGNoy/12-0000000000/dev/shm
(00.028520) mnt: 		Will mount 913 from /
(00.028522) mnt: 		Will mount 913 @ /tmp/.criu.mntns.lCGNoy/12-0000000000/dev/mqueue
(00.028524) mnt: 	Read 913 mp @ /tmp/.criu.mntns.lCGNoy/12-0000000000/dev/mqueue
(00.028526) mnt: 		Will mount 912 from /
(00.028528) mnt: 		Will mount 912 @ /tmp/.criu.mntns.lCGNoy/12-0000000000/dev/pts
(00.028529) mnt: 	Read 912 mp @ /tmp/.criu.mntns.lCGNoy/12-0000000000/dev/pts
(00.028532) mnt: 		Will mount 911 from /
(00.028534) mnt: 		Will mount 911 @ /tmp/.criu.mntns.lCGNoy/12-0000000000/dev
(00.028535) mnt: 	Read 911 mp @ /tmp/.criu.mntns.lCGNoy/12-0000000000/dev
(00.028538) mnt: 		Will mount 910 from /dev/null (E)
(00.028540) mnt: 		Will mount 910 @ /tmp/.criu.mntns.lCGNoy/12-0000000000/proc/sched_debug
(00.028541) mnt: 	Read 910 mp @ /tmp/.criu.mntns.lCGNoy/12-0000000000/proc/sched_debug
(00.028544) mnt: 		Will mount 909 from /dev/null (E)
(00.028545) mnt: 		Will mount 909 @ /tmp/.criu.mntns.lCGNoy/12-0000000000/proc/timer_list
(00.028547) mnt: 	Read 909 mp @ /tmp/.criu.mntns.lCGNoy/12-0000000000/proc/timer_list
(00.028551) mnt: 		Will mount 908 from /dev/null (E)
(00.028553) mnt: 		Will mount 908 @ /tmp/.criu.mntns.lCGNoy/12-0000000000/proc/kcore
(00.028554) mnt: 	Read 908 mp @ /tmp/.criu.mntns.lCGNoy/12-0000000000/proc/kcore
(00.028557) mnt: 		Will mount 907 from /sysrq-trigger
(00.028559) mnt: 		Will mount 907 @ /tmp/.criu.mntns.lCGNoy/12-0000000000/proc/sysrq-trigger
(00.028560) mnt: 	Read 907 mp @ /tmp/.criu.mntns.lCGNoy/12-0000000000/proc/sysrq-trigger
(00.028563) mnt: 		Will mount 906 from /sys
(00.028564) mnt: 		Will mount 906 @ /tmp/.criu.mntns.lCGNoy/12-0000000000/proc/sys
(00.028566) mnt: 	Read 906 mp @ /tmp/.criu.mntns.lCGNoy/12-0000000000/proc/sys
(00.028568) mnt: 		Will mount 905 from /irq
(00.028570) mnt: 		Will mount 905 @ /tmp/.criu.mntns.lCGNoy/12-0000000000/proc/irq
(00.028572) mnt: 	Read 905 mp @ /tmp/.criu.mntns.lCGNoy/12-0000000000/proc/irq
(00.028574) mnt: 		Will mount 904 from /fs
(00.028576) mnt: 		Will mount 904 @ /tmp/.criu.mntns.lCGNoy/12-0000000000/proc/fs
(00.028577) mnt: 	Read 904 mp @ /tmp/.criu.mntns.lCGNoy/12-0000000000/proc/fs
(00.028581) mnt: 		Will mount 903 from /bus
(00.028583) mnt: 		Will mount 903 @ /tmp/.criu.mntns.lCGNoy/12-0000000000/proc/bus
(00.028584) mnt: 	Read 903 mp @ /tmp/.criu.mntns.lCGNoy/12-0000000000/proc/bus
(00.028586) mnt: 		Will mount 902 from /asound
(00.028588) mnt: 		Will mount 902 @ /tmp/.criu.mntns.lCGNoy/12-0000000000/proc/asound
(00.028590) mnt: 	Read 902 mp @ /tmp/.criu.mntns.lCGNoy/12-0000000000/proc/asound
(00.028592) mnt: 		Will mount 901 from /
(00.028594) mnt: 		Will mount 901 @ /tmp/.criu.mntns.lCGNoy/12-0000000000/proc
(00.028595) mnt: 	Read 901 mp @ /tmp/.criu.mntns.lCGNoy/12-0000000000/proc
(00.028598) mnt: 		Will mount 900 from /var/lib/docker/containers/096924be38fded68d3b8f67ca2b7cf2728fd7bdb200ae4172a047730d3c1a02e/hosts (E)
(00.028600) mnt: 		Will mount 900 @ /tmp/.criu.mntns.lCGNoy/12-0000000000/etc/hosts
(00.028602) mnt: 	Read 900 mp @ /tmp/.criu.mntns.lCGNoy/12-0000000000/etc/hosts
(00.028604) mnt: 		Will mount 899 from /var/lib/docker/containers/096924be38fded68d3b8f67ca2b7cf2728fd7bdb200ae4172a047730d3c1a02e/hostname (E)
(00.028606) mnt: 		Will mount 899 @ /tmp/.criu.mntns.lCGNoy/12-0000000000/etc/hostname
(00.028608) mnt: 	Read 899 mp @ /tmp/.criu.mntns.lCGNoy/12-0000000000/etc/hostname
(00.028612) mnt: 		Will mount 898 from /var/lib/docker/containers/096924be38fded68d3b8f67ca2b7cf2728fd7bdb200ae4172a047730d3c1a02e/resolv.conf (E)
(00.028614) mnt: 		Will mount 898 @ /tmp/.criu.mntns.lCGNoy/12-0000000000/etc/resolv.conf
(00.028615) mnt: 	Read 898 mp @ /tmp/.criu.mntns.lCGNoy/12-0000000000/etc/resolv.conf
(00.028618) mnt: 		Will mount 897 from /
(00.028620) mnt: 		Will mount 897 @ /tmp/.criu.mntns.lCGNoy/12-0000000000/
(00.028621) mnt: 	Read 897 mp @ /tmp/.criu.mntns.lCGNoy/12-0000000000/
(00.028627) No netns-9.img image
(00.028668) Warn  (criu/cr-restore.c:1266): Set CLONE_PARENT | CLONE_NEWPID but it might cause restore problem,because not all kernels support such clone flags combinations!
(00.028674) Forking task with 1 pid (flags 0x6c028000)
(00.029405) PID: real 16189 virt 1
(00.029473) Wait until namespaces are created
(00.047166) Running setup-namespaces scripts
(00.047183) 	RPC
(00.187809)      1: cg: Move into 2
(00.187841)      1: cg:   `-> blkio//docker/096924be38fded68d3b8f67ca2b7cf2728fd7bdb200ae4172a047730d3c1a02e/tasks
(00.187890)      1: cg:   `-> cpu,cpuacct//docker/096924be38fded68d3b8f67ca2b7cf2728fd7bdb200ae4172a047730d3c1a02e/tasks
(00.187907)      1: cg:   `-> cpuset//docker/096924be38fded68d3b8f67ca2b7cf2728fd7bdb200ae4172a047730d3c1a02e/tasks
(00.187941)      1: cg:   `-> devices//docker/096924be38fded68d3b8f67ca2b7cf2728fd7bdb200ae4172a047730d3c1a02e/tasks
(00.187968)      1: cg:   `-> freezer//docker/096924be38fded68d3b8f67ca2b7cf2728fd7bdb200ae4172a047730d3c1a02e/tasks
(00.187983)      1: cg:   `-> hugetlb//docker/096924be38fded68d3b8f67ca2b7cf2728fd7bdb200ae4172a047730d3c1a02e/tasks
(00.188013)      1: cg:   `-> memory//docker/096924be38fded68d3b8f67ca2b7cf2728fd7bdb200ae4172a047730d3c1a02e/tasks
(00.188026)      1: cg:   `-> systemd//docker/096924be38fded68d3b8f67ca2b7cf2728fd7bdb200ae4172a047730d3c1a02e/tasks
(00.188040)      1: cg:   `-> net_cls,net_prio//docker/096924be38fded68d3b8f67ca2b7cf2728fd7bdb200ae4172a047730d3c1a02e/tasks
(00.188054)      1: cg:   `-> perf_event//docker/096924be38fded68d3b8f67ca2b7cf2728fd7bdb200ae4172a047730d3c1a02e/tasks
(00.188067)      1: cg:   `-> pids//docker/096924be38fded68d3b8f67ca2b7cf2728fd7bdb200ae4172a047730d3c1a02e/tasks
(00.188080)      1: cg:   `-> rdma///tasks
(00.188091)      1: Calling restore_sid() for init
(00.188094)      1: Restoring 1 to 1 sid
(00.192449)      1: Mount procfs in crtools-proc.jFCyMk
(00.192659)      1: Collecting 41/37 (flags 2)
(00.192683)      1: No tty-info.img image
(00.192691)      1:  `- ... done
(00.192693)      1: Collecting 42/51 (flags 0)
(00.192702)      1: No tty-data.img image
(00.192715)      1:  `- ... done
(00.192719)      1: Restoring namespaces 1 flags 0x6c028000
(00.203361)      1: kernel/hostname nr 12
(00.203423)      1: kernel/domainname nr 6
(00.203654)      1: Restoring IPC namespace
(00.203663)      1: Restoring IPC variables
(00.211424)      1: Restoring IPC shared memory
(00.211449)      1: No ipcns-shm-10.img image
(00.211454)      1: Restoring IPC message queues
(00.211459)      1: No ipcns-msg-10.img image
(00.211461)      1: Restoring IPC semaphores sets
(00.211466)      1: No ipcns-sem-10.img image
(00.211520)      1: No netns-ct-9.img image
(00.211526)      1: No netns-exp-9.img image
(00.214436)      1: mnt: Restoring mount namespace
(00.214458)      1: mnt: Building mountpoints tree
(00.214462)      1: mnt: 	Building plain mount tree
(00.214464)      1: mnt: 		Working on 897->789
(00.214471)      1: mnt: Mountpoint 897 (@/tmp/.criu.mntns.lCGNoy/12-0000000000/) w/o parent 789
(00.214475)      1: mnt: Mountpoint 897 (@/tmp/.criu.mntns.lCGNoy/12-0000000000/) get parent 0 (@/tmp/.criu.mntns.lCGNoy)
(00.214479)      1: mnt: 		Working on 898->897
(00.214481)      1: mnt: 		Working on 899->897
(00.214487)      1: mnt: 		Working on 900->897
(00.214490)      1: mnt: 		Working on 901->897
(00.214493)      1: mnt: 		Working on 902->901
(00.214495)      1: mnt: 		Working on 903->901
(00.214500)      1: mnt: 		Working on 904->901
(00.214504)      1: mnt: 		Working on 905->901
(00.214506)      1: mnt: 		Working on 906->901
(00.214508)      1: mnt: 		Working on 907->901
(00.214510)      1: mnt: 		Working on 908->901
(00.214516)      1: mnt: 		Working on 909->901
(00.214519)      1: mnt: 		Working on 910->901
(00.214521)      1: mnt: 		Working on 911->897
(00.214524)      1: mnt: 		Working on 912->911
(00.214526)      1: mnt: 		Working on 913->911
(00.214528)      1: mnt: 		Working on 914->911
(00.214533)      1: mnt: 		Working on 915->897
(00.214537)      1: mnt: 		Working on 916->915
(00.214539)      1: mnt: 		Working on 917->916
(00.214541)      1: mnt: 		Working on 918->916
(00.214544)      1: mnt: 		Working on 919->916
(00.214555)      1: mnt: 		Working on 920->916
(00.214559)      1: mnt: 		Working on 921->916
(00.214561)      1: mnt: 		Working on 922->916
(00.214562)      1: mnt: 		Working on 923->916
(00.214564)      1: mnt: 		Working on 924->916
(00.214569)      1: mnt: 		Working on 925->916
(00.214575)      1: mnt: 		Working on 926->916
(00.214578)      1: mnt: 		Working on 927->916
(00.214583)      1: mnt: 		Working on 928->916
(00.214586)      1: mnt: 		Working on 929->915
(00.214589)      1: mnt: 	Resorting siblings on 0
(00.214591)      1: mnt: 	Resorting siblings on 897
(00.214593)      1: mnt: 	Resorting siblings on 898
(00.214595)      1: mnt: 	Resorting siblings on 899
(00.214596)      1: mnt: 	Resorting siblings on 900
(00.214598)      1: mnt: 	Resorting siblings on 901
(00.214600)      1: mnt: 	Resorting siblings on 902
(00.214602)      1: mnt: 	Resorting siblings on 903
(00.214604)      1: mnt: 	Resorting siblings on 904
(00.214606)      1: mnt: 	Resorting siblings on 905
(00.214608)      1: mnt: 	Resorting siblings on 906
(00.214610)      1: mnt: 	Resorting siblings on 907
(00.214612)      1: mnt: 	Resorting siblings on 908
(00.214614)      1: mnt: 	Resorting siblings on 909
(00.214616)      1: mnt: 	Resorting siblings on 910
(00.214618)      1: mnt: 	Resorting siblings on 911
(00.214620)      1: mnt: 	Resorting siblings on 912
(00.214621)      1: mnt: 	Resorting siblings on 913
(00.214623)      1: mnt: 	Resorting siblings on 914
(00.214625)      1: mnt: 	Resorting siblings on 915
(00.214627)      1: mnt: 	Resorting siblings on 916
(00.214629)      1: mnt: 	Resorting siblings on 917
(00.214631)      1: mnt: 	Resorting siblings on 918
(00.214633)      1: mnt: 	Resorting siblings on 919
(00.214635)      1: mnt: 	Resorting siblings on 920
(00.214637)      1: mnt: 	Resorting siblings on 921
(00.214639)      1: mnt: 	Resorting siblings on 922
(00.214641)      1: mnt: 	Resorting siblings on 923
(00.214644)      1: mnt: 	Resorting siblings on 924
(00.214646)      1: mnt: 	Resorting siblings on 925
(00.214649)      1: mnt: 	Resorting siblings on 926
(00.214651)      1: mnt: 	Resorting siblings on 927
(00.214654)      1: mnt: 	Resorting siblings on 928
(00.214656)      1: mnt: 	Resorting siblings on 929
(00.214657)      1: mnt: Done:
(00.214659)      1: mnt: [/tmp/.criu.mntns.lCGNoy](0->0)
(00.214661)      1: mnt:  [/tmp/.criu.mntns.lCGNoy/12-0000000000/](897->789)
(00.214664)      1: mnt:   [/tmp/.criu.mntns.lCGNoy/12-0000000000/etc/resolv.conf](898->897)
(00.214666)      1: mnt:   <--
(00.214667)      1: mnt:   [/tmp/.criu.mntns.lCGNoy/12-0000000000/etc/hostname](899->897)
(00.214669)      1: mnt:   <--
(00.214671)      1: mnt:   [/tmp/.criu.mntns.lCGNoy/12-0000000000/etc/hosts](900->897)
(00.214673)      1: mnt:   <--
(00.214675)      1: mnt:   [/tmp/.criu.mntns.lCGNoy/12-0000000000/proc](901->897)
(00.214676)      1: mnt:    [/tmp/.criu.mntns.lCGNoy/12-0000000000/proc/asound](902->901)
(00.214678)      1: mnt:    <--
(00.214680)      1: mnt:    [/tmp/.criu.mntns.lCGNoy/12-0000000000/proc/bus](903->901)
(00.214682)      1: mnt:    <--
(00.214684)      1: mnt:    [/tmp/.criu.mntns.lCGNoy/12-0000000000/proc/fs](904->901)
(00.214685)      1: mnt:    <--
(00.214687)      1: mnt:    [/tmp/.criu.mntns.lCGNoy/12-0000000000/proc/irq](905->901)
(00.214689)      1: mnt:    <--
(00.214691)      1: mnt:    [/tmp/.criu.mntns.lCGNoy/12-0000000000/proc/sys](906->901)
(00.214693)      1: mnt:    <--
(00.214694)      1: mnt:    [/tmp/.criu.mntns.lCGNoy/12-0000000000/proc/sysrq-trigger](907->901)
(00.214696)      1: mnt:    <--
(00.214698)      1: mnt:    [/tmp/.criu.mntns.lCGNoy/12-0000000000/proc/kcore](908->901)
(00.214700)      1: mnt:    <--
(00.214701)      1: mnt:    [/tmp/.criu.mntns.lCGNoy/12-0000000000/proc/timer_list](909->901)
(00.214703)      1: mnt:    <--
(00.214705)      1: mnt:    [/tmp/.criu.mntns.lCGNoy/12-0000000000/proc/sched_debug](910->901)
(00.214707)      1: mnt:    <--
(00.214708)      1: mnt:   <--
(00.214710)      1: mnt:   [/tmp/.criu.mntns.lCGNoy/12-0000000000/dev](911->897)
(00.214712)      1: mnt:    [/tmp/.criu.mntns.lCGNoy/12-0000000000/dev/pts](912->911)
(00.214717)      1: mnt:    <--
(00.214719)      1: mnt:    [/tmp/.criu.mntns.lCGNoy/12-0000000000/dev/mqueue](913->911)
(00.214721)      1: mnt:    <--
(00.214722)      1: mnt:    [/tmp/.criu.mntns.lCGNoy/12-0000000000/dev/shm](914->911)
(00.214724)      1: mnt:    <--
(00.214726)      1: mnt:   <--
(00.214728)      1: mnt:   [/tmp/.criu.mntns.lCGNoy/12-0000000000/sys](915->897)
(00.214730)      1: mnt:    [/tmp/.criu.mntns.lCGNoy/12-0000000000/sys/fs/cgroup](916->915)
(00.214731)      1: mnt:     [/tmp/.criu.mntns.lCGNoy/12-0000000000/sys/fs/cgroup/systemd](917->916)
(00.214733)      1: mnt:     <--
(00.214735)      1: mnt:     [/tmp/.criu.mntns.lCGNoy/12-0000000000/sys/fs/cgroup/hugetlb](918->916)
(00.214737)      1: mnt:     <--
(00.214739)      1: mnt:     [/tmp/.criu.mntns.lCGNoy/12-0000000000/sys/fs/cgroup/memory](919->916)
(00.214740)      1: mnt:     <--
(00.214742)      1: mnt:     [/tmp/.criu.mntns.lCGNoy/12-0000000000/sys/fs/cgroup/rdma](920->916)
(00.214744)      1: mnt:     <--
(00.214746)      1: mnt:     [/tmp/.criu.mntns.lCGNoy/12-0000000000/sys/fs/cgroup/freezer](921->916)
(00.214747)      1: mnt:     <--
(00.214749)      1: mnt:     [/tmp/.criu.mntns.lCGNoy/12-0000000000/sys/fs/cgroup/cpu,cpuacct](922->916)
(00.214751)      1: mnt:     <--
(00.214753)      1: mnt:     [/tmp/.criu.mntns.lCGNoy/12-0000000000/sys/fs/cgroup/blkio](923->916)
(00.214755)      1: mnt:     <--
(00.214756)      1: mnt:     [/tmp/.criu.mntns.lCGNoy/12-0000000000/sys/fs/cgroup/cpuset](924->916)
(00.214758)      1: mnt:     <--
(00.214760)      1: mnt:     [/tmp/.criu.mntns.lCGNoy/12-0000000000/sys/fs/cgroup/devices](925->916)
(00.214762)      1: mnt:     <--
(00.214763)      1: mnt:     [/tmp/.criu.mntns.lCGNoy/12-0000000000/sys/fs/cgroup/pids](926->916)
(00.214765)      1: mnt:     <--
(00.214767)      1: mnt:     [/tmp/.criu.mntns.lCGNoy/12-0000000000/sys/fs/cgroup/net_cls,net_prio](927->916)
(00.214769)      1: mnt:     <--
(00.214770)      1: mnt:     [/tmp/.criu.mntns.lCGNoy/12-0000000000/sys/fs/cgroup/perf_event](928->916)
(00.214772)      1: mnt:     <--
(00.214774)      1: mnt:    <--
(00.214776)      1: mnt:    [/tmp/.criu.mntns.lCGNoy/12-0000000000/sys/firmware](929->915)
(00.214777)      1: mnt:    <--
(00.214779)      1: mnt:   <--
(00.214781)      1: mnt:  <--
(00.214783)      1: mnt: <--
(00.214785)      1: mnt: Inspecting sharing on 897 shared_id 0 master_id 0 (@/tmp/.criu.mntns.lCGNoy/12-0000000000/)
(00.214787)      1: mnt: Inspecting sharing on 898 shared_id 0 master_id 0 (@/tmp/.criu.mntns.lCGNoy/12-0000000000/etc/resolv.conf)
(00.214790)      1: mnt: 	The mount 899 is bind for 898 (@/tmp/.criu.mntns.lCGNoy/12-0000000000/etc/hostname -> @/tmp/.criu.mntns.lCGNoy/12-0000000000/etc/resolv.conf)
(00.214792)      1: mnt: 	The mount 900 is bind for 898 (@/tmp/.criu.mntns.lCGNoy/12-0000000000/etc/hosts -> @/tmp/.criu.mntns.lCGNoy/12-0000000000/etc/resolv.conf)
(00.214794)      1: mnt: Inspecting sharing on 899 shared_id 0 master_id 0 (@/tmp/.criu.mntns.lCGNoy/12-0000000000/etc/hostname)
(00.214796)      1: mnt: Inspecting sharing on 900 shared_id 0 master_id 0 (@/tmp/.criu.mntns.lCGNoy/12-0000000000/etc/hosts)
(00.214798)      1: mnt: Inspecting sharing on 901 shared_id 0 master_id 0 (@/tmp/.criu.mntns.lCGNoy/12-0000000000/proc)
(00.214800)      1: mnt: 	The mount 902 is bind for 901 (@/tmp/.criu.mntns.lCGNoy/12-0000000000/proc/asound -> @/tmp/.criu.mntns.lCGNoy/12-0000000000/proc)
(00.214802)      1: mnt: 	The mount 903 is bind for 901 (@/tmp/.criu.mntns.lCGNoy/12-0000000000/proc/bus -> @/tmp/.criu.mntns.lCGNoy/12-0000000000/proc)
(00.214803)      1: mnt: 	The mount 904 is bind for 901 (@/tmp/.criu.mntns.lCGNoy/12-0000000000/proc/fs -> @/tmp/.criu.mntns.lCGNoy/12-0000000000/proc)
(00.214805)      1: mnt: 	The mount 905 is bind for 901 (@/tmp/.criu.mntns.lCGNoy/12-0000000000/proc/irq -> @/tmp/.criu.mntns.lCGNoy/12-0000000000/proc)
(00.214807)      1: mnt: 	The mount 906 is bind for 901 (@/tmp/.criu.mntns.lCGNoy/12-0000000000/proc/sys -> @/tmp/.criu.mntns.lCGNoy/12-0000000000/proc)
(00.214811)      1: mnt: 	The mount 907 is bind for 901 (@/tmp/.criu.mntns.lCGNoy/12-0000000000/proc/sysrq-trigger -> @/tmp/.criu.mntns.lCGNoy/12-0000000000/proc)
(00.214813)      1: mnt: Inspecting sharing on 902 shared_id 0 master_id 0 (@/tmp/.criu.mntns.lCGNoy/12-0000000000/proc/asound)
(00.214815)      1: mnt: Inspecting sharing on 903 shared_id 0 master_id 0 (@/tmp/.criu.mntns.lCGNoy/12-0000000000/proc/bus)
(00.214817)      1: mnt: Inspecting sharing on 904 shared_id 0 master_id 0 (@/tmp/.criu.mntns.lCGNoy/12-0000000000/proc/fs)
(00.214819)      1: mnt: Inspecting sharing on 905 shared_id 0 master_id 0 (@/tmp/.criu.mntns.lCGNoy/12-0000000000/proc/irq)
(00.214821)      1: mnt: Inspecting sharing on 906 shared_id 0 master_id 0 (@/tmp/.criu.mntns.lCGNoy/12-0000000000/proc/sys)
(00.214823)      1: mnt: Inspecting sharing on 907 shared_id 0 master_id 0 (@/tmp/.criu.mntns.lCGNoy/12-0000000000/proc/sysrq-trigger)
(00.214824)      1: mnt: Inspecting sharing on 908 shared_id 0 master_id 0 (@/tmp/.criu.mntns.lCGNoy/12-0000000000/proc/kcore)
(00.214826)      1: mnt: 	The mount 909 is bind for 908 (@/tmp/.criu.mntns.lCGNoy/12-0000000000/proc/timer_list -> @/tmp/.criu.mntns.lCGNoy/12-0000000000/proc/kcore)
(00.214828)      1: mnt: 	The mount 910 is bind for 908 (@/tmp/.criu.mntns.lCGNoy/12-0000000000/proc/sched_debug -> @/tmp/.criu.mntns.lCGNoy/12-0000000000/proc/kcore)
(00.214830)      1: mnt: Inspecting sharing on 909 shared_id 0 master_id 0 (@/tmp/.criu.mntns.lCGNoy/12-0000000000/proc/timer_list)
(00.214832)      1: mnt: Inspecting sharing on 910 shared_id 0 master_id 0 (@/tmp/.criu.mntns.lCGNoy/12-0000000000/proc/sched_debug)
(00.214834)      1: mnt: Inspecting sharing on 911 shared_id 0 master_id 0 (@/tmp/.criu.mntns.lCGNoy/12-0000000000/dev)
(00.214836)      1: mnt: Inspecting sharing on 912 shared_id 0 master_id 0 (@/tmp/.criu.mntns.lCGNoy/12-0000000000/dev/pts)
(00.214838)      1: mnt: Inspecting sharing on 913 shared_id 0 master_id 0 (@/tmp/.criu.mntns.lCGNoy/12-0000000000/dev/mqueue)
(00.214840)      1: mnt: Inspecting sharing on 914 shared_id 0 master_id 0 (@/tmp/.criu.mntns.lCGNoy/12-0000000000/dev/shm)
(00.214842)      1: mnt: Inspecting sharing on 915 shared_id 0 master_id 0 (@/tmp/.criu.mntns.lCGNoy/12-0000000000/sys)
(00.214844)      1: mnt: Inspecting sharing on 916 shared_id 0 master_id 0 (@/tmp/.criu.mntns.lCGNoy/12-0000000000/sys/fs/cgroup)
(00.214846)      1: mnt: Inspecting sharing on 917 shared_id 0 master_id 0 (@/tmp/.criu.mntns.lCGNoy/12-0000000000/sys/fs/cgroup/systemd)
(00.214848)      1: mnt: Inspecting sharing on 918 shared_id 0 master_id 0 (@/tmp/.criu.mntns.lCGNoy/12-0000000000/sys/fs/cgroup/hugetlb)
(00.214850)      1: mnt: Inspecting sharing on 919 shared_id 0 master_id 0 (@/tmp/.criu.mntns.lCGNoy/12-0000000000/sys/fs/cgroup/memory)
(00.214852)      1: mnt: Inspecting sharing on 920 shared_id 0 master_id 0 (@/tmp/.criu.mntns.lCGNoy/12-0000000000/sys/fs/cgroup/rdma)
(00.214854)      1: mnt: Inspecting sharing on 921 shared_id 0 master_id 0 (@/tmp/.criu.mntns.lCGNoy/12-0000000000/sys/fs/cgroup/freezer)
(00.214855)      1: mnt: Inspecting sharing on 922 shared_id 0 master_id 0 (@/tmp/.criu.mntns.lCGNoy/12-0000000000/sys/fs/cgroup/cpu,cpuacct)
(00.214857)      1: mnt: Inspecting sharing on 923 shared_id 0 master_id 0 (@/tmp/.criu.mntns.lCGNoy/12-0000000000/sys/fs/cgroup/blkio)
(00.214859)      1: mnt: Inspecting sharing on 924 shared_id 0 master_id 0 (@/tmp/.criu.mntns.lCGNoy/12-0000000000/sys/fs/cgroup/cpuset)
(00.214861)      1: mnt: Inspecting sharing on 925 shared_id 0 master_id 0 (@/tmp/.criu.mntns.lCGNoy/12-0000000000/sys/fs/cgroup/devices)
(00.214863)      1: mnt: Inspecting sharing on 926 shared_id 0 master_id 0 (@/tmp/.criu.mntns.lCGNoy/12-0000000000/sys/fs/cgroup/pids)
(00.214865)      1: mnt: Inspecting sharing on 927 shared_id 0 master_id 0 (@/tmp/.criu.mntns.lCGNoy/12-0000000000/sys/fs/cgroup/net_cls,net_prio)
(00.214867)      1: mnt: Inspecting sharing on 928 shared_id 0 master_id 0 (@/tmp/.criu.mntns.lCGNoy/12-0000000000/sys/fs/cgroup/perf_event)
(00.214869)      1: mnt: Inspecting sharing on 929 shared_id 0 master_id 0 (@/tmp/.criu.mntns.lCGNoy/12-0000000000/sys/firmware)
(00.214878)      1: mnt: Start with 0:/tmp/.criu.mntns.lCGNoy
(00.214897)      1: mnt: Start with 0:/tmp/.criu.mntns.lCGNoy
(00.242245)      1: mnt: Start with 0:/tmp/.criu.mntns.lCGNoy
(00.242263)      1: mnt: 	Mounting aufs @/tmp/.criu.mntns.lCGNoy/12-0000000000/ (0)
(00.243571)      1: mnt: 897:/tmp/.criu.mntns.lCGNoy/12-0000000000/ private 1 shared 0 slave 0
(00.244306)      1: mnt: 	Mounting unsupported @/tmp/.criu.mntns.lCGNoy/12-0000000000/etc/resolv.conf (0)
(00.244315)      1: mnt: 	Bind /var/lib/docker/containers/096924be38fded68d3b8f67ca2b7cf2728fd7bdb200ae4172a047730d3c1a02e/resolv.conf to /tmp/.criu.mntns.lCGNoy/12-0000000000/etc/resolv.conf
(00.244635)      1: mnt: 898:/tmp/.criu.mntns.lCGNoy/12-0000000000/etc/resolv.conf private 1 shared 0 slave 0
(00.244866)      1: mnt: 	Mounting unsupported @/tmp/.criu.mntns.lCGNoy/12-0000000000/etc/hostname (0)
(00.244872)      1: mnt: 	Bind /var/lib/docker/containers/096924be38fded68d3b8f67ca2b7cf2728fd7bdb200ae4172a047730d3c1a02e/hostname to /tmp/.criu.mntns.lCGNoy/12-0000000000/etc/hostname
(00.245105)      1: mnt: 899:/tmp/.criu.mntns.lCGNoy/12-0000000000/etc/hostname private 1 shared 0 slave 0
(00.245749)      1: mnt: 	Mounting unsupported @/tmp/.criu.mntns.lCGNoy/12-0000000000/etc/hosts (0)
(00.245757)      1: mnt: 	Bind /var/lib/docker/containers/096924be38fded68d3b8f67ca2b7cf2728fd7bdb200ae4172a047730d3c1a02e/hosts to /tmp/.criu.mntns.lCGNoy/12-0000000000/etc/hosts
(00.246303)      1: mnt: 900:/tmp/.criu.mntns.lCGNoy/12-0000000000/etc/hosts private 1 shared 0 slave 0
(00.246547)      1: mnt: 	Mounting proc @/tmp/.criu.mntns.lCGNoy/12-0000000000/proc (0)
(00.246941)      1: mnt: 901:/tmp/.criu.mntns.lCGNoy/12-0000000000/proc private 1 shared 0 slave 0
(00.248307)      1: mnt: 		Bind private /tmp/.criu.mntns.lCGNoy/12-0000000000/proc/sysrq-trigger
(00.248316)      1: mnt: 		Bind private /tmp/.criu.mntns.lCGNoy/12-0000000000/proc/sys
(00.248318)      1: mnt: 		Bind private /tmp/.criu.mntns.lCGNoy/12-0000000000/proc/irq
(00.248320)      1: mnt: 		Bind private /tmp/.criu.mntns.lCGNoy/12-0000000000/proc/fs
(00.248322)      1: mnt: 		Bind private /tmp/.criu.mntns.lCGNoy/12-0000000000/proc/bus
(00.248324)      1: mnt: 		Bind private /tmp/.criu.mntns.lCGNoy/12-0000000000/proc/asound
(00.248326)      1: mnt: 	Mounting proc @/tmp/.criu.mntns.lCGNoy/12-0000000000/proc/asound (0)
(00.248330)      1: mnt: 	Bind /tmp/.criu.mntns.lCGNoy/12-0000000000/proc/asound to /tmp/.criu.mntns.lCGNoy/12-0000000000/proc/asound
(00.249523)      1: mnt: 902:/tmp/.criu.mntns.lCGNoy/12-0000000000/proc/asound private 1 shared 0 slave 0
(00.250059)      1: mnt: 	Mounting proc @/tmp/.criu.mntns.lCGNoy/12-0000000000/proc/bus (0)
(00.250068)      1: mnt: 	Bind /tmp/.criu.mntns.lCGNoy/12-0000000000/proc/bus to /tmp/.criu.mntns.lCGNoy/12-0000000000/proc/bus
(00.250598)      1: mnt: 903:/tmp/.criu.mntns.lCGNoy/12-0000000000/proc/bus private 1 shared 0 slave 0
(00.251039)      1: mnt: 	Mounting proc @/tmp/.criu.mntns.lCGNoy/12-0000000000/proc/fs (0)
(00.251047)      1: mnt: 	Bind /tmp/.criu.mntns.lCGNoy/12-0000000000/proc/fs to /tmp/.criu.mntns.lCGNoy/12-0000000000/proc/fs
(00.251296)      1: mnt: 904:/tmp/.criu.mntns.lCGNoy/12-0000000000/proc/fs private 1 shared 0 slave 0
(00.255752)      1: mnt: 	Mounting proc @/tmp/.criu.mntns.lCGNoy/12-0000000000/proc/irq (0)
(00.255764)      1: mnt: 	Bind /tmp/.criu.mntns.lCGNoy/12-0000000000/proc/irq to /tmp/.criu.mntns.lCGNoy/12-0000000000/proc/irq
(00.257665)      1: mnt: 905:/tmp/.criu.mntns.lCGNoy/12-0000000000/proc/irq private 1 shared 0 slave 0
(00.262876)      1: mnt: 	Mounting proc @/tmp/.criu.mntns.lCGNoy/12-0000000000/proc/sys (0)
(00.262892)      1: mnt: 	Bind /tmp/.criu.mntns.lCGNoy/12-0000000000/proc/sys to /tmp/.criu.mntns.lCGNoy/12-0000000000/proc/sys
(00.263033)      1: mnt: 906:/tmp/.criu.mntns.lCGNoy/12-0000000000/proc/sys private 1 shared 0 slave 0
(00.263100)      1: mnt: 	Mounting proc @/tmp/.criu.mntns.lCGNoy/12-0000000000/proc/sysrq-trigger (0)
(00.263114)      1: mnt: 	Bind /tmp/.criu.mntns.lCGNoy/12-0000000000/proc/sysrq-trigger to /tmp/.criu.mntns.lCGNoy/12-0000000000/proc/sysrq-trigger
(00.263151)      1: mnt: 907:/tmp/.criu.mntns.lCGNoy/12-0000000000/proc/sysrq-trigger private 1 shared 0 slave 0
(00.263158)      1: mnt: 	Mounting devtmpfs @/tmp/.criu.mntns.lCGNoy/12-0000000000/proc/kcore (0)
(00.263160)      1: mnt: 	Bind /dev/null to /tmp/.criu.mntns.lCGNoy/12-0000000000/proc/kcore
(00.263172)      1: mnt: 908:/tmp/.criu.mntns.lCGNoy/12-0000000000/proc/kcore private 1 shared 0 slave 0
(00.263177)      1: mnt: 		Bind private /tmp/.criu.mntns.lCGNoy/12-0000000000/proc/sched_debug
(00.263179)      1: mnt: 		Bind private /tmp/.criu.mntns.lCGNoy/12-0000000000/proc/timer_list
(00.263181)      1: mnt: 	Mounting devtmpfs @/tmp/.criu.mntns.lCGNoy/12-0000000000/proc/timer_list (0)
(00.263183)      1: mnt: 	Bind /dev/null to /tmp/.criu.mntns.lCGNoy/12-0000000000/proc/timer_list
(00.263193)      1: mnt: 909:/tmp/.criu.mntns.lCGNoy/12-0000000000/proc/timer_list private 1 shared 0 slave 0
(00.263198)      1: mnt: 	Mounting devtmpfs @/tmp/.criu.mntns.lCGNoy/12-0000000000/proc/sched_debug (0)
(00.263200)      1: mnt: 	Bind /dev/null to /tmp/.criu.mntns.lCGNoy/12-0000000000/proc/sched_debug
(00.263210)      1: mnt: 910:/tmp/.criu.mntns.lCGNoy/12-0000000000/proc/sched_debug private 1 shared 0 slave 0
(00.263215)      1: mnt: 	Mounting tmpfs @/tmp/.criu.mntns.lCGNoy/12-0000000000/dev (0)
(00.295907)      1: mnt: 911:/tmp/.criu.mntns.lCGNoy/12-0000000000/dev private 1 shared 0 slave 0
(00.295931)      1: mnt: 	Mounting devpts @/tmp/.criu.mntns.lCGNoy/12-0000000000/dev/pts (0)
(00.296048)      1: mnt: 912:/tmp/.criu.mntns.lCGNoy/12-0000000000/dev/pts private 1 shared 0 slave 0
(00.296054)      1: mnt: 	Mounting mqueue @/tmp/.criu.mntns.lCGNoy/12-0000000000/dev/mqueue (0)
(00.296136)      1: mnt: 913:/tmp/.criu.mntns.lCGNoy/12-0000000000/dev/mqueue private 1 shared 0 slave 0
(00.296142)      1: mnt: 	Mounting tmpfs @/tmp/.criu.mntns.lCGNoy/12-0000000000/dev/shm (0)
(00.296144)      1: mnt: 	Bind /var/lib/docker/containers/096924be38fded68d3b8f67ca2b7cf2728fd7bdb200ae4172a047730d3c1a02e/shm to /tmp/.criu.mntns.lCGNoy/12-0000000000/dev/shm
(00.296157)      1: mnt: 914:/tmp/.criu.mntns.lCGNoy/12-0000000000/dev/shm private 1 shared 0 slave 0
(00.296162)      1: mnt: 	Mounting sysfs @/tmp/.criu.mntns.lCGNoy/12-0000000000/sys (0)
(00.296273)      1: mnt: 915:/tmp/.criu.mntns.lCGNoy/12-0000000000/sys private 1 shared 0 slave 0
(00.296279)      1: mnt: 	Mounting tmpfs @/tmp/.criu.mntns.lCGNoy/12-0000000000/sys/fs/cgroup (0)
(00.303107)      1: mnt: 916:/tmp/.criu.mntns.lCGNoy/12-0000000000/sys/fs/cgroup private 1 shared 0 slave 0
(00.303127)      1: mnt: 	Mounting cgroup @/tmp/.criu.mntns.lCGNoy/12-0000000000/sys/fs/cgroup/systemd (0)
(00.303130)      1: mnt: 	Bind /sys/fs/cgroup/systemd/system.slice/docker.service to /tmp/.criu.mntns.lCGNoy/12-0000000000/sys/fs/cgroup/systemd
(00.303149)      1: mnt: 917:/tmp/.criu.mntns.lCGNoy/12-0000000000/sys/fs/cgroup/systemd private 1 shared 0 slave 0
(00.303155)      1: mnt: 	Mounting cgroup @/tmp/.criu.mntns.lCGNoy/12-0000000000/sys/fs/cgroup/hugetlb (0)
(00.303157)      1: mnt: 	Bind /sys/fs/cgroup/hugetlb to /tmp/.criu.mntns.lCGNoy/12-0000000000/sys/fs/cgroup/hugetlb
(00.303168)      1: mnt: 918:/tmp/.criu.mntns.lCGNoy/12-0000000000/sys/fs/cgroup/hugetlb private 1 shared 0 slave 0
(00.303174)      1: mnt: 	Mounting cgroup @/tmp/.criu.mntns.lCGNoy/12-0000000000/sys/fs/cgroup/memory (0)
(00.303176)      1: mnt: 	Bind /sys/fs/cgroup/memory to /tmp/.criu.mntns.lCGNoy/12-0000000000/sys/fs/cgroup/memory
(00.303186)      1: mnt: 919:/tmp/.criu.mntns.lCGNoy/12-0000000000/sys/fs/cgroup/memory private 1 shared 0 slave 0
(00.303191)      1: mnt: 	Mounting cgroup @/tmp/.criu.mntns.lCGNoy/12-0000000000/sys/fs/cgroup/rdma (0)
(00.303193)      1: mnt: 	Bind /sys/fs/cgroup/rdma to /tmp/.criu.mntns.lCGNoy/12-0000000000/sys/fs/cgroup/rdma
(00.303203)      1: mnt: 920:/tmp/.criu.mntns.lCGNoy/12-0000000000/sys/fs/cgroup/rdma private 1 shared 0 slave 0
(00.303208)      1: mnt: 	Mounting cgroup @/tmp/.criu.mntns.lCGNoy/12-0000000000/sys/fs/cgroup/freezer (0)
(00.303216)      1: mnt: 	Bind /sys/fs/cgroup/freezer to /tmp/.criu.mntns.lCGNoy/12-0000000000/sys/fs/cgroup/freezer
(00.303227)      1: mnt: 921:/tmp/.criu.mntns.lCGNoy/12-0000000000/sys/fs/cgroup/freezer private 1 shared 0 slave 0
(00.303232)      1: mnt: 	Mounting cgroup @/tmp/.criu.mntns.lCGNoy/12-0000000000/sys/fs/cgroup/cpu,cpuacct (0)
(00.303234)      1: mnt: 	Bind /sys/fs/cgroup/cpu,cpuacct to /tmp/.criu.mntns.lCGNoy/12-0000000000/sys/fs/cgroup/cpu,cpuacct
(00.303244)      1: mnt: 922:/tmp/.criu.mntns.lCGNoy/12-0000000000/sys/fs/cgroup/cpu,cpuacct private 1 shared 0 slave 0
(00.303249)      1: mnt: 	Mounting cgroup @/tmp/.criu.mntns.lCGNoy/12-0000000000/sys/fs/cgroup/blkio (0)
(00.303251)      1: mnt: 	Bind /sys/fs/cgroup/blkio to /tmp/.criu.mntns.lCGNoy/12-0000000000/sys/fs/cgroup/blkio
(00.303261)      1: mnt: 923:/tmp/.criu.mntns.lCGNoy/12-0000000000/sys/fs/cgroup/blkio private 1 shared 0 slave 0
(00.303266)      1: mnt: 	Mounting cgroup @/tmp/.criu.mntns.lCGNoy/12-0000000000/sys/fs/cgroup/cpuset (0)
(00.303268)      1: mnt: 	Bind /sys/fs/cgroup/cpuset to /tmp/.criu.mntns.lCGNoy/12-0000000000/sys/fs/cgroup/cpuset
(00.303278)      1: mnt: 924:/tmp/.criu.mntns.lCGNoy/12-0000000000/sys/fs/cgroup/cpuset private 1 shared 0 slave 0
(00.303285)      1: mnt: 	Mounting cgroup @/tmp/.criu.mntns.lCGNoy/12-0000000000/sys/fs/cgroup/devices (0)
(00.303287)      1: mnt: 	Bind /sys/fs/cgroup/devices/system.slice/docker.service to /tmp/.criu.mntns.lCGNoy/12-0000000000/sys/fs/cgroup/devices
(00.303299)      1: mnt: 925:/tmp/.criu.mntns.lCGNoy/12-0000000000/sys/fs/cgroup/devices private 1 shared 0 slave 0
(00.303304)      1: mnt: 	Mounting cgroup @/tmp/.criu.mntns.lCGNoy/12-0000000000/sys/fs/cgroup/pids (0)
(00.303306)      1: mnt: 	Bind /sys/fs/cgroup/pids/system.slice/docker.service to /tmp/.criu.mntns.lCGNoy/12-0000000000/sys/fs/cgroup/pids
(00.303317)      1: mnt: 926:/tmp/.criu.mntns.lCGNoy/12-0000000000/sys/fs/cgroup/pids private 1 shared 0 slave 0
(00.303323)      1: mnt: 	Mounting cgroup @/tmp/.criu.mntns.lCGNoy/12-0000000000/sys/fs/cgroup/net_cls,net_prio (0)
(00.303325)      1: mnt: 	Bind /sys/fs/cgroup/net_cls,net_prio to /tmp/.criu.mntns.lCGNoy/12-0000000000/sys/fs/cgroup/net_cls,net_prio
(00.303335)      1: mnt: 927:/tmp/.criu.mntns.lCGNoy/12-0000000000/sys/fs/cgroup/net_cls,net_prio private 1 shared 0 slave 0
(00.303340)      1: mnt: 	Mounting cgroup @/tmp/.criu.mntns.lCGNoy/12-0000000000/sys/fs/cgroup/perf_event (0)
(00.303342)      1: mnt: 	Bind /sys/fs/cgroup/perf_event to /tmp/.criu.mntns.lCGNoy/12-0000000000/sys/fs/cgroup/perf_event
(00.303352)      1: mnt: 928:/tmp/.criu.mntns.lCGNoy/12-0000000000/sys/fs/cgroup/perf_event private 1 shared 0 slave 0
(00.303357)      1: mnt: 	Mounting tmpfs @/tmp/.criu.mntns.lCGNoy/12-0000000000/sys/firmware (0)
(00.307803)      1: mnt: 929:/tmp/.criu.mntns.lCGNoy/12-0000000000/sys/firmware private 1 shared 0 slave 0
(00.307822)      1: mnt: Start with 0:/tmp/.criu.mntns.lCGNoy
(00.326205)      1: mnt: Move the root to /tmp/.criu.mntns.lCGNoy/12-0000000000
iptables-restore: invalid option -- 'w'
ip6tables-restore: invalid option -- 'w'
(00.340770) Running post-setup-namespaces scripts
(00.340786) 	RPC
(00.342784)      1: Preparing info about shared resources
(00.343053)      1: Collecting 45/38 (flags 0)
(00.343066)      1: No filelocks.img image
(00.343070)      1:  `- ... done
(00.343072)      1: Collecting 39/27 (flags 0)
(00.343238)      1: Collected pipe data for 0xb7ec (chain 12)
(00.343247)      1:  `- ... done
(00.343249)      1: Collecting 40/27 (flags 0)
(00.343256)      1: No fifo-data.img image
(00.343258)      1:  `- ... done
(00.343259)      1: Collecting 38/64 (flags 0)
(00.343263)      1: No sk-queues.img image
(00.343265)      1:  `- ... done
(00.343443)      1: Found 10 VMAs in image
(00.343450)      1: vma 0x400000 0x48a000
(00.343453)      1: vma 0x48a000 0x547000
(00.343455)      1: vma 0x547000 0x55b000
(00.343457)      1: vma 0x55b000 0x579000
(00.343459)      1: vma 0xc000000000 0xc004000000
(00.343467)      1: vma 0x7f9633e5b000 0x7f963610c000
(00.343469)      1: vma 0x7ffc26189000 0x7ffc261aa000
(00.343471)      1: vma 0x7ffc261bb000 0x7ffc261be000
(00.343473)      1: vma 0x7ffc261be000 0x7ffc261c0000
(00.343475)      1: vma 0xffffffffff600000 0xffffffffff601000
(00.343626)      1: Collect fdinfo pid=1 fd=0 id=0x2
(00.343639)      1: Collect fdinfo pid=1 fd=1 id=0x3
(00.343643)      1: Collect fdinfo pid=1 fd=2 id=0x4
(00.343832)      1: skqueue: Preparing SCMs
(00.343839)      1: Pipes:
(00.343841)      1:  `- PIPE ID 0xb7ec
(00.343843)      1:   `- ID 0x55742b580c60 0x2
(00.343845)      1:    `- FD 0 pid 1
(00.343847)      1:     by 0x2
(00.343849)      1:  `- PIPE ID 0xb7ed
(00.343851)      1:   `- ID 0x55742b580e10 0x3
(00.343852)      1:    `- FD 1 pid 1
(00.343854)      1:     by 0x3
(00.343856)      1:  `- PIPE ID 0xb7ee
(00.343857)      1:   `- ID 0x55742b580fc0 0x4
(00.343859)      1:    `- FD 2 pid 1
(00.343861)      1:     by 0x4
(00.343863)      1: unix: ghost: Resolving addresses
(00.343865)      1: File descs:
(00.343867)      1:  `- type 1 ID 0x1
(00.343868)      1:  `- type 2 ID 0x2
(00.343870)      1:    `- FD 0 pid 1
(00.343872)      1:  `- type 2 ID 0x3
(00.343873)      1:    `- FD 1 pid 1
(00.343875)      1:  `- type 2 ID 0x4
(00.343877)      1:    `- FD 2 pid 1
(00.343878)      1:  `- type 1 ID 0x5
(00.343880)      1:  `- type 1 ID 0x6
(00.346217)      1: Opened local page read 1 (parent 0)
(00.346226)      1: Enqueue page-read
(00.346229)      1: Enqueue page-read
(00.346231)      1: Enqueue page-read
(00.346232)      1: Enqueue page-read
(00.346234)      1: Enqueue page-read
(00.346236)      1: Enqueue page-read
(00.346237)      1: Enqueue page-read
(00.346239)      1: Enqueue page-read
(00.346241)      1: Enqueue page-read
(00.346242)      1: Enqueue page-read
(00.346244)      1: Enqueue page-read
(00.346246)      1: Enqueue page-read
(00.346247)      1: Enqueue page-read
(00.346249)      1: Enqueue page-read
(00.346250)      1: Enqueue page-read
(00.346252)      1: Enqueue page-read
(00.346254)      1: Enqueue page-read
(00.346255)      1: Enqueue page-read
(00.346257)      1: Enqueue page-read
(00.346259)      1: Enqueue page-read
(00.346260)      1: Enqueue page-read
(00.346262)      1: Enqueue page-read
(00.346263)      1: Enqueue page-read
(00.346265)      1: Enqueue page-read
(00.346267)      1: Enqueue page-read
(00.346268)      1: Enqueue page-read
(00.346270)      1: Enqueue page-read
(00.346271)      1: Enqueue page-read
(00.346273)      1: Enqueue page-read
(00.346275)      1: Enqueue page-read
(00.346276)      1: Enqueue page-read
(00.346278)      1: Enqueue page-read
(00.346280)      1: Enqueue page-read
(00.346281)      1: Enqueue page-read
(00.346283)      1: Enqueue page-read
(00.346284)      1: Enqueue page-read
(00.346286)      1: Enqueue page-read
(00.346288)      1: Enqueue page-read
(00.346289)      1: Enqueue page-read
(00.346291)      1: Enqueue page-read
(00.346293)      1: Enqueue page-read
(00.346294)      1: Enqueue page-read
(00.346296)      1: Enqueue page-read
(00.346297)      1: Enqueue page-read
(00.346299)      1: Enqueue page-read
(00.346301)      1: Enqueue page-read
(00.346302)      1: Enqueue page-read
(00.346304)      1: Enqueue page-read
(00.346306)      1: Enqueue page-read
(00.346307)      1: Enqueue page-read
(00.346309)      1: Enqueue page-read
(00.346310)      1: Enqueue page-read
(00.346312)      1: Enqueue page-read
(00.346314)      1: Enqueue page-read
(00.346315)      1: Enqueue page-read
(00.346317)      1: Enqueue page-read
(00.346318)      1: Enqueue page-read
(00.346320)      1: Enqueue page-read
(00.346322)      1: Enqueue page-read
(00.346323)      1: Enqueue page-read
(00.346325)      1: Enqueue page-read
(00.346327)      1: Enqueue page-read
(00.346328)      1: Enqueue page-read
(00.346330)      1: Enqueue page-read
(00.346331)      1: Enqueue page-read
(00.346333)      1: Enqueue page-read
(00.346335)      1: Enqueue page-read
(00.346339)      1: nr_restored_pages: 135
(00.346341)      1: nr_shared_pages:   0
(00.346348)      1: nr_dropped_pages:   0
(00.346350)      1: nr_lazy:           0
(00.346356)      1: Shrunk premap area to 0x7f40216a1000(0)
(00.346359)      1: Restore on-core sigactions for 1
(00.346396)      1: Restoring children in alien sessions:
(00.346400)      1: Restoring children in our session:
(00.346408)      1: Restoring 1 to 1 pgid
(00.346413)      1: Restoring resources
(00.346421)      1: Opening fdinfo-s
(00.346425)      1: 		Creating pipe pipe_id=0xb7ec id=0x2
(00.346467)      1: Found id pipe:[47084] (fd 0) in inherit fd list
(00.346471)      1: File pipe:[47084] will be restored from fd 0 dumped from inherit fd 0
(00.346486)      1: 		Create fd for 0
(00.346488)      1: 		Creating pipe pipe_id=0xb7ed id=0x3
(00.346493)      1: Found id pipe:[47085] (fd 1) in inherit fd list
(00.346495)      1: File pipe:[47085] will be restored from fd 1 dumped from inherit fd 1
(00.346503)      1: 		Create fd for 1
(00.346505)      1: 		Creating pipe pipe_id=0xb7ee id=0x4
(00.346509)      1: Found id pipe:[47086] (fd 2) in inherit fd list
(00.346511)      1: File pipe:[47086] will be restored from fd 2 dumped from inherit fd 2
(00.346518)      1: 		Create fd for 2
(00.346521)      1: Opening 0x00000000400000-0x0000000048a000 0000000000000000 (41) vma
(00.346535)      1: Opening 0x0000000048a000-0x00000000547000 0x0000000008a000 (41) vma
(00.346538)      1: Opening 0x00000000547000-0x0000000055b000 0x00000000147000 (41) vma
(00.347328)      1: `- render 57 iovs (0x400000:4096...)
(00.347344)      1: Restore via sigreturn
(00.347420)      1: Parsed 55742a592000-55742a6c2000 vma
(00.347425)      1: Parsed 55742a8c2000-55742a8e1000 vma
(00.347427)      1: Parsed 55742a8c2000-55742a8e7000 vma
(00.347429)      1: Parsed 55742a8c2000-55742a8f9000 vma
(00.347431)      1: Parsed 55742b57d000-55742b59e000 vma
(00.347433)      1: Parsed 7f4027af1000-7f4027c8e000 vma
(00.347435)      1: Parsed 7f4027af1000-7f4027e8d000 vma
(00.347437)      1: Parsed 7f4027af1000-7f4027e8e000 vma
(00.347439)      1: Parsed 7f4027af1000-7f4027e8f000 vma
(00.347441)      1: Parsed 7f4027af1000-7f4027ea9000 vma
(00.347443)      1: Parsed 7f4027af1000-7f40280a8000 vma
(00.347444)      1: Parsed 7f4027af1000-7f40280a9000 vma
(00.347446)      1: Parsed 7f4027af1000-7f40280aa000 vma
(00.347448)      1: Parsed 7f4027af1000-7f40280ae000 vma
(00.347450)      1: Parsed 7f4027af1000-7f40280b5000 vma
(00.347452)      1: Parsed 7f4027af1000-7f40282b4000 vma
(00.347454)      1: Parsed 7f4027af1000-7f40282b5000 vma
(00.347456)      1: Parsed 7f4027af1000-7f40282b6000 vma
(00.347458)      1: Parsed 7f4027af1000-7f402849d000 vma
(00.347460)      1: Parsed 7f4027af1000-7f402869d000 vma
(00.347461)      1: Parsed 7f4027af1000-7f40286a1000 vma
(00.347463)      1: Parsed 7f4027af1000-7f40286a3000 vma
(00.347465)      1: Parsed 7f4027af1000-7f40286a7000 vma
(00.347467)      1: Parsed 7f4027af1000-7f40286be000 vma
(00.347469)      1: Parsed 7f4027af1000-7f40288bd000 vma
(00.347471)      1: Parsed 7f4027af1000-7f40288be000 vma
(00.347473)      1: Parsed 7f4027af1000-7f40288bf000 vma
(00.347474)      1: Parsed 7f4027af1000-7f40288c1000 vma
(00.347476)      1: Parsed 7f4027af1000-7f40288df000 vma
(00.347478)      1: Parsed 7f4027af1000-7f4028ade000 vma
(00.347480)      1: Parsed 7f4027af1000-7f4028ae0000 vma
(00.347482)      1: Parsed 7f4027af1000-7f4028ae1000 vma
(00.347484)      1: Parsed 7f4027af1000-7f4028ae4000 vma
(00.347486)      1: Parsed 7f4027af1000-7f4028ce3000 vma
(00.347488)      1: Parsed 7f4027af1000-7f4028ce4000 vma
(00.347490)      1: Parsed 7f4027af1000-7f4028ce5000 vma
(00.347491)      1: Parsed 7f4027af1000-7f4028ced000 vma
(00.347493)      1: Parsed 7f4027af1000-7f4028eec000 vma
(00.347495)      1: Parsed 7f4027af1000-7f4028eed000 vma
(00.347506)      1: Parsed 7f4027af1000-7f4028eee000 vma
(00.347508)      1: Parsed 7f4027af1000-7f4028f01000 vma
(00.347510)      1: Parsed 7f4027af1000-7f4029100000 vma
(00.347512)      1: Parsed 7f4027af1000-7f4029101000 vma
(00.347514)      1: Parsed 7f4027af1000-7f4029102000 vma
(00.347516)      1: Parsed 7f4027af1000-7f4029103000 vma
(00.347523)      1: Parsed 7f4027af1000-7f402912a000 vma
(00.347525)      1: Parsed 7f4029303000-7f4029306000 vma
(00.347527)      1: Parsed 7f4029303000-7f4029310000 vma
(00.347529)      1: Parsed 7f4029303000-7f4029316000 vma
(00.347530)      1: Parsed 7f4029303000-7f4029318000 vma
(00.347532)      1: Parsed 7f4029303000-7f4029328000 vma
(00.347534)      1: Parsed 7f4029303000-7f402932a000 vma
(00.347536)      1: Parsed 7f4029303000-7f402932b000 vma
(00.347538)      1: Parsed 7f4029303000-7f402932c000 vma
(00.347540)      1: Parsed 7f4029303000-7f402932d000 vma
(00.347542)      1: Parsed 7ffecfbb2000-7ffecfbd3000 vma
(00.347544)      1: Parsed 7ffecfbf9000-7ffecfbfc000 vma
(00.347546)      1: Parsed 7ffecfbf9000-7ffecfbfe000 vma
(00.347548)      1: Parsed ffffffffff600000-ffffffffff601000 vma
(00.347554)      1: 5 threads require 252K of memory
(00.347556)      1: Found bootstrap VMA hint at: 0x10000 (needs ~272K)
(00.347664)      1: 	call mremap(0x7f4029303000, 8192, 8192, MAYMOVE | FIXED, 0x4b000)
(00.347673)      1: 	call mremap(0x7f4029316000, 8192, 8192, MAYMOVE | FIXED, 0x4d000)
(00.347743)      1: x86: xsave runtime structure
(00.347747)      1: x86: -----------------------
(00.347749)      1: x86: cwd:0x40 swd:0 twd:0 fop:0 mxcsr:0x1fa0 mxcsr_mask:0xffff
(00.347751)      1: x86: magic1:0x46505853 extended_size:900 xstate_bv:0x17 xstate_size:896
(00.347753)      1: x86: xstate_bv: 0x17
(00.347755)      1: x86: -----------------------
(00.347757)      1: Thread    0 stack  0x1a080 rt_sigframe  0x22080
(00.347760)      1: x86: xsave runtime structure
(00.347761)      1: x86: -----------------------
(00.347763)      1: x86: cwd:0x40 swd:0 twd:0 fop:0 mxcsr:0x1fa0 mxcsr_mask:0xffff
(00.347765)      1: x86: magic1:0x46505853 extended_size:900 xstate_bv:0x17 xstate_size:896
(00.347767)      1: x86: xstate_bv: 0x17
(00.347769)      1: x86: -----------------------
(00.347773)      1: Thread    1 stack  0x23880 rt_sigframe  0x2b880
(00.347776)      1: x86: xsave runtime structure
(00.347778)      1: x86: -----------------------
(00.347779)      1: x86: cwd:0x40 swd:0 twd:0 fop:0 mxcsr:0x1fa0 mxcsr_mask:0xffff
(00.347781)      1: x86: magic1:0x46505853 extended_size:900 xstate_bv:0x17 xstate_size:896
(00.347783)      1: x86: xstate_bv: 0x17
(00.347785)      1: x86: -----------------------
(00.347788)      1: Thread    2 stack  0x2d080 rt_sigframe  0x35080
(00.347790)      1: x86: xsave runtime structure
(00.347792)      1: x86: -----------------------
(00.347793)      1: x86: cwd:0x40 swd:0 twd:0 fop:0 mxcsr:0x1fa0 mxcsr_mask:0xffff
(00.347795)      1: x86: magic1:0x46505853 extended_size:900 xstate_bv:0x17 xstate_size:896
(00.347797)      1: x86: xstate_bv: 0x17
(00.347799)      1: x86: -----------------------
(00.347801)      1: Thread    3 stack  0x36880 rt_sigframe  0x3e880
(00.347804)      1: x86: xsave runtime structure
(00.347805)      1: x86: -----------------------
(00.347807)      1: x86: cwd:0x40 swd:0 twd:0 fop:0 mxcsr:0x1fa0 mxcsr_mask:0xffff
(00.347809)      1: x86: magic1:0x46505853 extended_size:900 xstate_bv:0x17 xstate_size:896
(00.347811)      1: x86: xstate_bv: 0x17
(00.347812)      1: x86: -----------------------
(00.347815)      1: Thread    4 stack  0x40080 rt_sigframe  0x48080
(00.347834)      1: Going to chroot into /proc/self/fd/8
(00.347839)      1: Restoring umask to 22
(00.347864)      1: task_args: 0x4a000
task_args->pid: 1
task_args->nr_threads: 5
task_args->clone_restore_fn: 0x11260
task_args->thread_args: 0x4a540
(00.347870) pie: 1: Switched to the restorer 1
(00.347974) pie: 1: Mapping native vDSO at 0x4f000
(00.347982) pie: 1: 	mmap(0x400000 -> 0x48a000, 0x7 0x12 3)
(00.347989) pie: 1: 	mmap(0x48a000 -> 0x547000, 0x3 0x12 3)
(00.347992) pie: 1: 	mmap(0x547000 -> 0x55b000, 0x3 0x12 3)
(00.347996) pie: 1: 	mmap(0x55b000 -> 0x579000, 0x3 0x32 -1)
(00.348000) pie: 1: 	mmap(0xc000000000 -> 0xc004000000, 0x3 0x32 -1)
(00.348003) pie: 1: 	mmap(0x7f9633e5b000 -> 0x7f963610c000, 0x3 0x32 -1)
(00.348006) pie: 1: 	mmap(0x7ffc26189000 -> 0x7ffc261aa000, 0x3 0x132 -1)
(00.348013) pie: 1: 	mmap(0x7ffc261bb000 -> 0x7ffc261be000, 0x3 0x32 -1)
(00.348016) pie: 1: 	mmap(0x7ffc261be000 -> 0x7ffc261c0000, 0x7 0x32 -1)
(00.348020) pie: 1: Preadv 0x400000:4096... (57 iovs)
(00.350547) pie: 1: `- returned 552960
(00.350555) pie: 1:    `- skip pagemap
(00.350558) pie: 1:    `- skip pagemap
(00.350560) pie: 1:    `- skip pagemap
(00.350562) pie: 1:    `- skip pagemap
(00.350564) pie: 1:    `- skip pagemap
(00.350566) pie: 1:    `- skip pagemap
(00.350568) pie: 1:    `- skip pagemap
(00.350570) pie: 1:    `- skip pagemap
(00.350572) pie: 1:    `- skip pagemap
(00.350574) pie: 1:    `- skip pagemap
(00.350576) pie: 1:    `- skip pagemap
(00.350578) pie: 1:    `- skip pagemap
(00.350581) pie: 1:    `- skip pagemap
(00.350583) pie: 1:    `- skip pagemap
(00.350585) pie: 1:    `- skip pagemap
(00.350587) pie: 1:    `- skip pagemap
(00.350589) pie: 1:    `- skip pagemap
(00.350591) pie: 1:    `- skip pagemap
(00.350593) pie: 1:    `- skip pagemap
(00.350595) pie: 1:    `- skip pagemap
(00.350597) pie: 1:    `- skip pagemap
(00.350599) pie: 1:    `- skip pagemap
(00.350601) pie: 1:    `- skip pagemap
(00.350603) pie: 1:    `- skip pagemap
(00.350605) pie: 1:    `- skip pagemap
(00.350607) pie: 1:    `- skip pagemap
(00.350609) pie: 1:    `- skip pagemap
(00.350611) pie: 1:    `- skip pagemap
(00.350613) pie: 1:    `- skip pagemap
(00.350615) pie: 1:    `- skip pagemap
(00.350617) pie: 1:    `- skip pagemap
(00.350619) pie: 1:    `- skip pagemap
(00.350622) pie: 1:    `- skip pagemap
(00.350624) pie: 1:    `- skip pagemap
(00.350626) pie: 1:    `- skip pagemap
(00.350628) pie: 1:    `- skip pagemap
(00.350630) pie: 1:    `- skip pagemap
(00.350632) pie: 1:    `- skip pagemap
(00.350634) pie: 1:    `- skip pagemap
(00.350636) pie: 1:    `- skip pagemap
(00.350638) pie: 1:    `- skip pagemap
(00.350640) pie: 1:    `- skip pagemap
(00.350642) pie: 1:    `- skip pagemap
(00.350644) pie: 1:    `- skip pagemap
(00.350646) pie: 1:    `- skip pagemap
(00.350648) pie: 1:    `- skip pagemap
(00.350650) pie: 1:    `- skip pagemap
(00.350652) pie: 1:    `- skip pagemap
(00.350654) pie: 1:    `- skip pagemap
(00.350656) pie: 1:    `- skip pagemap
(00.350658) pie: 1:    `- skip pagemap
(00.350660) pie: 1:    `- skip pagemap
(00.350663) pie: 1:    `- skip pagemap
(00.350665) pie: 1:    `- skip pagemap
(00.350667) pie: 1:    `- skip pagemap
(00.350669) pie: 1:    `- skip pagemap
(00.350671) pie: 1:    `- skip pagemap
(00.350675) pie: 1: vdso: Parsing at 0x7ffc261be000 0x7ffc261c0000
(00.350678) pie: 1: vdso: PT_LOAD p_vaddr: 0x0
(00.350680) pie: 1: vdso: DT_HASH: 0x120
(00.350682) pie: 1: vdso: DT_STRTAB: 0x298
(00.350684) pie: 1: vdso: DT_SYMTAB: 0x1a8
(00.350686) pie: 1: vdso: DT_STRSZ: 0x5e
(00.350689) pie: 1: vdso: DT_SYMENT: 0x18
(00.350691) pie: 1: vdso: nbucket 0x3 nchain 0xa bucket 0x7ffc261be128 chain 0x7ffc261be134
(00.350694) pie: 1: vdso: image [vdso] 0x7ffc261be000-0x7ffc261c0000 [vvar] 0x7ffc261bb000-0x7ffc261be000
(00.350697) pie: 1: vdso: Runtime vdso/vvar matches dumpee, remap inplace
(00.350707) pie: 1: vdso: Remap rt-vdso 0x52000 -> 0x7ffc261be000
(00.350714) pie: 1: vdso: Remap rt-vvar 0x4f000 -> 0x7ffc261bb000
(00.350734) pie: 1: Restoring scheduler params 0.0.0
(00.350874) pie: 1: 1: Restored
(00.350894) pie: 10: Restoring scheduler params 0.0.0
(00.350900) pie: 10: 10: Restored
(00.350910) pie: 9: Restoring scheduler params 0.0.0
(00.350914) pie: 9: 9: Restored
(00.350923) pie: 8: Restoring scheduler params 0.0.0
(00.350928) pie: 8: 8: Restored
(00.350937) pie: 7: Restoring scheduler params 0.0.0
(00.350942) pie: 7: 7: Restored
(00.350994) Running post-restore scripts
(00.351000) 	RPC
(00.352083) mnt: Switching to new ns to clean ghosts
(00.366652) Unlock network
(00.366665) Running network-unlock scripts
(00.366668) 	RPC
iptables-restore: invalid option -- 'w'
ip6tables-restore: invalid option -- 'w'
(00.373182) pie: 10: seccomp: mode 0 on tid 10
(00.375170) pie: 9: seccomp: mode 0 on tid 9
(00.375202) pie: 9: restoring lsm profile changeprofile docker-default
(00.375374) pie: 8: seccomp: mode 0 on tid 8
(00.375406) pie: 8: restoring lsm profile changeprofile docker-default
(00.375426) pie: 7: seccomp: mode 0 on tid 7
(00.375448) pie: 7: restoring lsm profile changeprofile docker-default
(00.375463) pie: 1: seccomp: mode 0 on tid 1
(00.375485) pie: 1: restoring lsm profile changeprofile docker-default
(00.375514) pie: 10: restoring lsm profile changeprofile docker-default
(00.375586) Force no-breakpoints restore
(00.375602) Force no-breakpoints restore
(00.375611) Force no-breakpoints restore
(00.375619) Force no-breakpoints restore
(00.375626) Force no-breakpoints restore
(00.375629) Restore finished successfully. Resuming tasks.
(00.375633) 16224 was trapped
(00.375637) 16224 (native) is going to execute the syscall 202, required is 15
(00.375642) 16223 was trapped
(00.375645) 16223 (native) is going to execute the syscall 202, required is 15
(00.375648) 16189 was trapped
(00.375651) 16189 (native) is going to execute the syscall 202, required is 15
(00.375663) 16226 was trapped
(00.375667) 16226 (native) is going to execute the syscall 202, required is 15
(00.375670) 16225 was trapped
(00.375673) 16225 (native) is going to execute the syscall 202, required is 15
(00.375759) 16226 was trapped
(00.375764) 16226 (native) is going to execute the syscall 202, required is 15
(00.375768) 16224 was trapped
(00.375770) 16224 (native) is going to execute the syscall 202, required is 15
(00.375774) 16223 was trapped
(00.375777) 16223 (native) is going to execute the syscall 202, required is 15
(00.375780) 16189 was trapped
(00.375783) 16189 (native) is going to execute the syscall 202, required is 15
(00.375796) 16226 was trapped
(00.375800) 16226 (native) is going to execute the syscall 202, required is 15
(00.375803) 16225 was trapped
(00.375806) 16225 (native) is going to execute the syscall 202, required is 15
(00.375809) 16224 was trapped
(00.375812) 16224 (native) is going to execute the syscall 202, required is 15
(00.375815) 16223 was trapped
(00.375818) 16223 (native) is going to execute the syscall 202, required is 15
(00.375821) 16189 was trapped
(00.375824) 16189 (native) is going to execute the syscall 202, required is 15
(00.375835) 16226 was trapped
(00.375838) 16226 (native) is going to execute the syscall 202, required is 15
(00.375842) 16225 was trapped
(00.375844) 16225 (native) is going to execute the syscall 202, required is 15
(00.375848) 16224 was trapped
(00.375850) 16224 (native) is going to execute the syscall 202, required is 15
(00.375853) 16223 was trapped
(00.375856) 16223 (native) is going to execute the syscall 202, required is 15
(00.375859) 16189 was trapped
(00.375862) 16189 (native) is going to execute the syscall 202, required is 15
(00.375874) 16226 was trapped
(00.375877) 16226 (native) is going to execute the syscall 15, required is 15
(00.375885) 16226 was stopped
(00.375887) 16225 was trapped
(00.375890) 16225 (native) is going to execute the syscall 202, required is 15
(00.375893) 16224 was trapped
(00.375896) 16224 (native) is going to execute the syscall 15, required is 15
(00.375906) 16224 was stopped
(00.375909) 16225 was trapped
(00.375912) 16225 (native) is going to execute the syscall 15, required is 15
(00.375920) 16225 was stopped
(00.375922) 16223 was trapped
(00.375925) 16223 (native) is going to execute the syscall 15, required is 15
(00.375932) 16223 was stopped
(00.375935) 16189 was trapped
(00.375937) 16189 (native) is going to execute the syscall 3, required is 15
(00.375950) 16189 was trapped
(00.375953) 16189 (native) is going to execute the syscall 3, required is 15
(00.375960) 16189 was trapped
(00.375963) 16189 (native) is going to execute the syscall 3, required is 15
(00.375969) 16189 was trapped
(00.375972) 16189 (native) is going to execute the syscall 3, required is 15
(00.375978) 16189 was trapped
(00.375981) 16189 (native) is going to execute the syscall 11, required is 15
(00.375998) 16189 was trapped
(00.376001) 16189 (native) is going to execute the syscall 11, required is 15
(00.376008) 16189 was trapped
(00.376011) 16189 (native) is going to execute the syscall 15, required is 15
(00.376023) 16189 was stopped
(00.376036) 16189 was trapped
(00.376039) 16189 (native) is going to execute the syscall 11, required is 11
(00.376064) 16189 was stopped
(00.376071) Running pre-resume scripts
(00.376073) 	RPC
(00.391919) Writing stats
(00.391969) Running post-resume scripts
(00.391972) 	RPC
