(00.000000) files stat: fs/file-max 196257, fs/nr_open 1048576
(00.000000) rlimit: RLIMIT_NOFILE unlimited for self
(00.000039) Warn  (criu/log.c:203): The early log isn't empty
(00.000048) Version: 3.11 (gitid v3.11-230-ga284d197)
(00.000056) Running on ubuntu Linux 4.18.0-18-generic #19~18.04.1-Ubuntu SMP Fri Apr 5 10:22:13 UTC 2019 x86_64
(00.000067) Loaded kdat cache from /run/criu.kdat
(00.000096) Will dump/restore TCP connections
(00.000104) ========================================
(00.000107) Dumping processes (pid: 3438)
(00.000110) ========================================
(00.000113) Running pre-dump scripts
(00.000116) 	RPC
(00.000353) irmap: Searching irmap cache in work dir
(00.000369) No irmap-cache image
(00.000372) irmap: Searching irmap cache in parent
(00.000378) irmap: No irmap cache
(00.000437) cpu: x86_family 6 x86_vendor_id GenuineIntel x86_model_id Intel(R) Core(TM) i5-6300HQ CPU @ 2.30GHz
(00.000451) cpu: fpu: xfeatures_mask 0x15 xsave_size 1088 xsave_size_max 1088 xsaves_size 960
(00.000473) cpu: fpu: x87 floating point registers     xstate_offsets      0 / 0      xstate_sizes    160 / 160   
(00.000477) cpu: fpu: AVX registers                    xstate_offsets    576 / 576    xstate_sizes    256 / 256   
(00.000480) cpu: fpu: MPX CSR                          xstate_offsets   1024 / 832    xstate_sizes     64 / 64    
(00.000484) cpu: fpu:1 fxsr:1 xsave:1 xsaveopt:1 xsavec:1 xgetbv1:0 xsaves:1
(00.000614) cg-prop: Parsing controller "cpu"
(00.000621) cg-prop: 	Strategy "replace"
(00.000625) cg-prop: 	Property "cpu.shares"
(00.000628) cg-prop: 	Property "cpu.cfs_period_us"
(00.000631) cg-prop: 	Property "cpu.cfs_quota_us"
(00.000633) cg-prop: 	Property "cpu.rt_period_us"
(00.000636) cg-prop: 	Property "cpu.rt_runtime_us"
(00.000639) cg-prop: Parsing controller "memory"
(00.000642) cg-prop: 	Strategy "replace"
(00.000644) cg-prop: 	Property "memory.limit_in_bytes"
(00.000647) cg-prop: 	Property "memory.memsw.limit_in_bytes"
(00.000650) cg-prop: 	Property "memory.swappiness"
(00.000652) cg-prop: 	Property "memory.soft_limit_in_bytes"
(00.000655) cg-prop: 	Property "memory.move_charge_at_immigrate"
(00.000657) cg-prop: 	Property "memory.oom_control"
(00.000660) cg-prop: 	Property "memory.use_hierarchy"
(00.000663) cg-prop: 	Property "memory.kmem.limit_in_bytes"
(00.000665) cg-prop: 	Property "memory.kmem.tcp.limit_in_bytes"
(00.000668) cg-prop: Parsing controller "cpuset"
(00.000671) cg-prop: 	Strategy "replace"
(00.000674) cg-prop: 	Property "cpuset.cpus"
(00.000676) cg-prop: 	Property "cpuset.mems"
(00.000679) cg-prop: 	Property "cpuset.memory_migrate"
(00.000681) cg-prop: 	Property "cpuset.cpu_exclusive"
(00.000684) cg-prop: 	Property "cpuset.mem_exclusive"
(00.000687) cg-prop: 	Property "cpuset.mem_hardwall"
(00.000689) cg-prop: 	Property "cpuset.memory_spread_page"
(00.000692) cg-prop: 	Property "cpuset.memory_spread_slab"
(00.000694) cg-prop: 	Property "cpuset.sched_load_balance"
(00.000697) cg-prop: 	Property "cpuset.sched_relax_domain_level"
(00.000700) cg-prop: Parsing controller "blkio"
(00.000702) cg-prop: 	Strategy "replace"
(00.000705) cg-prop: 	Property "blkio.weight"
(00.000708) cg-prop: Parsing controller "freezer"
(00.000710) cg-prop: 	Strategy "replace"
(00.000713) cg-prop: Parsing controller "perf_event"
(00.000716) cg-prop: 	Strategy "replace"
(00.000719) cg-prop: Parsing controller "net_cls"
(00.000721) cg-prop: 	Strategy "replace"
(00.000724) cg-prop: 	Property "net_cls.classid"
(00.000727) cg-prop: Parsing controller "net_prio"
(00.000730) cg-prop: 	Strategy "replace"
(00.000732) cg-prop: 	Property "net_prio.ifpriomap"
(00.000735) cg-prop: Parsing controller "pids"
(00.000738) cg-prop: 	Strategy "replace"
(00.000741) cg-prop: 	Property "pids.max"
(00.000743) cg-prop: Parsing controller "devices"
(00.000746) cg-prop: 	Strategy "replace"
(00.000749) cg-prop: 	Property "devices.list"
(00.000800) Perparing image inventory (version 1)
(00.000833) Add pid ns 1 pid 3513
(00.000846) Add net ns 2 pid 3513
(00.000855) Add ipc ns 3 pid 3513
(00.000864) Add uts ns 4 pid 3513
(00.000873) Add mnt ns 5 pid 3513
(00.000888) Add user ns 6 pid 3513
(00.000897) Add cgroup ns 7 pid 3513
(00.000901) cg: Dumping cgroups for 3513
(00.000929) cg:  `- New css ID 1
(00.000932) cg:     `- [blkio] -> [/] [0]
(00.000935) cg:     `- [cpu,cpuacct] -> [/] [0]
(00.000938) cg:     `- [cpuset] -> [/] [0]
(00.000941) cg:     `- [devices] -> [/user.slice] [0]
(00.000943) cg:     `- [freezer] -> [/] [0]
(00.000946) cg:     `- [hugetlb] -> [/] [0]
(00.000948) cg:     `- [memory] -> [/] [0]
(00.000951) cg:     `- [name=systemd] -> [/user.slice/user-1000.slice/user@1000.service/gnome-terminal-server.service] [0]
(00.000954) cg:     `- [net_cls,net_prio] -> [/] [0]
(00.000956) cg:     `- [perf_event] -> [/] [0]
(00.000959) cg:     `- [pids] -> [/user.slice/user-1000.slice/user@1000.service] [0]
(00.000962) cg:     `- [rdma] -> [/] [0]
(00.000964) cg: Set 1 is criu one
(00.001164) Seized task 3438, state 1
(00.001172) seccomp: Collected tid_real 3438 mode 0
(00.001200) 	Seizing 3438's 3492 thread
(00.001341) seccomp: Collected tid_real 3492 mode 0
(00.001349) 	Seizing 3438's 3493 thread
(00.001544) seccomp: Collected tid_real 3493 mode 0
(00.001553) 	Seizing 3438's 3494 thread
(00.001730) seccomp: Collected tid_real 3494 mode 0
(00.001737) 	Seizing 3438's 3495 thread
(00.001888) seccomp: Collected tid_real 3495 mode 0
(00.001925) Collected (3 attempts, 0 in_progress)
(00.001966) Collected (4 attempts, 0 in_progress)
(00.001979) Collected 3438 in 1 state
(00.002001) Will take pid namespace in the image
(00.002004) Add pid ns 8 pid 3438
(00.002011) Will take net namespace in the image
(00.002016) Add net ns 9 pid 3438
(00.002025) Will take ipc namespace in the image
(00.002028) Add ipc ns 10 pid 3438
(00.002036) Will take uts namespace in the image
(00.002039) Add uts ns 11 pid 3438
(00.002046) Will take mnt namespace in the image
(00.002049) Add mnt ns 12 pid 3438
(00.002062) Lock network
(00.002065) Running network-lock scripts
(00.002068) 	RPC
iptables-restore: invalid option -- 'w'
ip6tables-restore: invalid option -- 'w'
(00.006769) 	type aufs source none mnt_id 897 s_dev 0x33 / @ ./ flags 0x200000 options si=3f1f7f69f08fafbd,dio,dirperm1
(00.006786) Collecting AUFS branch pathnames ...
(00.006855) /sys/fs/aufs/si_3f1f7f69f08fafbd/br0 : /var/lib/docker/aufs/diff/9be55adb9e0d257767b21acf6be63d0c9ba37489a30518ebc87edf5fcc8ab9dc
(00.006875) /sys/fs/aufs/si_3f1f7f69f08fafbd/br1 : /var/lib/docker/aufs/diff/9be55adb9e0d257767b21acf6be63d0c9ba37489a30518ebc87edf5fcc8ab9dc-init
(00.006891) /sys/fs/aufs/si_3f1f7f69f08fafbd/br2 : /var/lib/docker/aufs/diff/252257df6fd002da095935910be1b7bd73062a25bef96cb178e600b747fd2351
(00.006912) /sys/fs/aufs/si_3f1f7f69f08fafbd/br3 : /var/lib/docker/aufs/diff/b98c569d18838d7f5cc068f792ff3ccd45dff2444b163a293885eead4ae2e7b3
(00.006928) /sys/fs/aufs/si_3f1f7f69f08fafbd/br4 : /var/lib/docker/aufs/diff/f644314fbda8cc5535e05b675a7feb20ec30bdf434cb9e69c59c598a61ae0a99
(00.006945) /sys/fs/aufs/si_3f1f7f69f08fafbd/br5 : /var/lib/docker/aufs/diff/3f971f18e37c8ba45d1907004e53e627c7cb78e37093245964300cc673fcaef3
(00.006960) /sys/fs/aufs/si_3f1f7f69f08fafbd/br6 : /var/lib/docker/aufs/diff/57ef1777285727c9d7d9c06e3acf7280a0126874c90ed732ff1b9168cae64d98
(00.006976) /sys/fs/aufs/si_3f1f7f69f08fafbd/br7 : /var/lib/docker/aufs/diff/15c0b1786f82595039505579394fd5ba64192a4819c6cbd364ff1f00d2910277
(00.006992) /sys/fs/aufs/si_3f1f7f69f08fafbd/br8 : /var/lib/docker/aufs/diff/d855598887d57f004a0c0fade547d42be1037f00789a2150472d8de356066a2a
(00.007008) /sys/fs/aufs/si_3f1f7f69f08fafbd/br9 : /var/lib/docker/aufs/diff/7d86a23e66a1a25d60e70fbdae30a0e91a526a2a91435db590d5f2c11de9a25d
(00.007024) /sys/fs/aufs/si_3f1f7f69f08fafbd/br10 : /var/lib/docker/aufs/diff/639ed27737839615e987aa87c65193c1c7c9a67763c34dac38e63c09ef2325d4
(00.007040) /sys/fs/aufs/si_3f1f7f69f08fafbd/br11 : /var/lib/docker/aufs/diff/010fc640400da839d82d1e3e1e53d99839b776eb98d379727cc3f1da4adb8506
(00.007052) 	type ext4 source /dev/sda1 mnt_id 898 s_dev 0x800001 /var/lib/docker/containers/cc822f6bd3abca647ffe620337a92f50339193938df0345dd4dd9617e92df150/resolv.conf @ ./etc/resolv.conf flags 0x200000 options errors=remount-ro
(00.007071) 	type ext4 source /dev/sda1 mnt_id 899 s_dev 0x800001 /var/lib/docker/containers/cc822f6bd3abca647ffe620337a92f50339193938df0345dd4dd9617e92df150/hostname @ ./etc/hostname flags 0x200000 options errors=remount-ro
(00.007081) 	type ext4 source /dev/sda1 mnt_id 900 s_dev 0x800001 /var/lib/docker/containers/cc822f6bd3abca647ffe620337a92f50339193938df0345dd4dd9617e92df150/hosts @ ./etc/hosts flags 0x200000 options errors=remount-ro
(00.007089) 	type proc source proc mnt_id 901 s_dev 0x39 / @ ./proc flags 0x20000e options 
(00.007096) 	type proc source proc mnt_id 902 s_dev 0x39 /asound @ ./proc/asound flags 0x200001 options 
(00.007102) 	type proc source proc mnt_id 903 s_dev 0x39 /bus @ ./proc/bus flags 0x200001 options 
(00.007109) 	type proc source proc mnt_id 904 s_dev 0x39 /fs @ ./proc/fs flags 0x200001 options 
(00.007115) 	type proc source proc mnt_id 905 s_dev 0x39 /irq @ ./proc/irq flags 0x200001 options 
(00.007121) 	type proc source proc mnt_id 906 s_dev 0x39 /sys @ ./proc/sys flags 0x200001 options 
(00.007163) 	type proc source proc mnt_id 907 s_dev 0x39 /sysrq-trigger @ ./proc/sysrq-trigger flags 0x200001 options 
(00.007173) 	type devtmpfs source udev mnt_id 908 s_dev 0x6 /null @ ./proc/kcore flags 0x1000002 options size=986348k,nr_inodes=246587,mode=755
(00.007181) 	type devtmpfs source udev mnt_id 909 s_dev 0x6 /null @ ./proc/timer_list flags 0x200002 options size=986348k,nr_inodes=246587,mode=755
(00.007188) 	type devtmpfs source udev mnt_id 910 s_dev 0x6 /null @ ./proc/sched_debug flags 0x200002 options size=986348k,nr_inodes=246587,mode=755
(00.007195) 	type tmpfs source tmpfs mnt_id 911 s_dev 0x3b / @ ./dev flags 0x1000002 options mode=755
(00.007204) 	type devpts source devpts mnt_id 912 s_dev 0x3c / @ ./dev/pts flags 0x20000a options gid=5,mode=620,ptmxmode=666
(00.007221) 	type mqueue source mqueue mnt_id 913 s_dev 0x38 / @ ./dev/mqueue flags 0x20000e options 
(00.007228) 	type tmpfs source shm mnt_id 914 s_dev 0x36 / @ ./dev/shm flags 0x20000e options size=65536k
(00.007235) 	type sysfs source sysfs mnt_id 915 s_dev 0x3d / @ ./sys flags 0x20000f options 
(00.007242) 	type tmpfs source tmpfs mnt_id 916 s_dev 0x3e / @ ./sys/fs/cgroup flags 0x20000f options mode=755
(00.007255) 	type cgroup source cgroup mnt_id 917 s_dev 0x1c /user.slice/user-1000.slice/user@1000.service/gnome-terminal-server.service @ ./sys/fs/cgroup/systemd flags 0x20000f options xattr,name=systemd
(00.007294) 	type cgroup source cgroup mnt_id 918 s_dev 0x1e / @ ./sys/fs/cgroup/hugetlb flags 0x20000f options hugetlb
(00.007302) 	type cgroup source cgroup mnt_id 919 s_dev 0x1f / @ ./sys/fs/cgroup/memory flags 0x20000f options memory
(00.007309) 	type cgroup source cgroup mnt_id 920 s_dev 0x20 / @ ./sys/fs/cgroup/rdma flags 0x20000f options rdma
(00.007318) 	type cgroup source cgroup mnt_id 921 s_dev 0x21 / @ ./sys/fs/cgroup/freezer flags 0x20000f options freezer
(00.007326) 	type cgroup source cgroup mnt_id 922 s_dev 0x22 / @ ./sys/fs/cgroup/cpu,cpuacct flags 0x20000f options cpu,cpuacct
(00.007332) 	type cgroup source cgroup mnt_id 923 s_dev 0x23 / @ ./sys/fs/cgroup/blkio flags 0x20000f options blkio
(00.007339) 	type cgroup source cgroup mnt_id 924 s_dev 0x24 / @ ./sys/fs/cgroup/cpuset flags 0x20000f options cpuset
(00.007346) 	type cgroup source cgroup mnt_id 925 s_dev 0x25 /user.slice @ ./sys/fs/cgroup/devices flags 0x20000f options devices
(00.007354) 	type cgroup source cgroup mnt_id 926 s_dev 0x26 /user.slice/user-1000.slice/user@1000.service @ ./sys/fs/cgroup/pids flags 0x20000f options pids
(00.007361) 	type cgroup source cgroup mnt_id 927 s_dev 0x27 / @ ./sys/fs/cgroup/net_cls,net_prio flags 0x20000f options net_cls,net_prio
(00.007373) 	type cgroup source cgroup mnt_id 928 s_dev 0x28 / @ ./sys/fs/cgroup/perf_event flags 0x20000f options perf_event
(00.007382) 	type tmpfs source tmpfs mnt_id 929 s_dev 0x3f / @ ./sys/firmware flags 0x200001 options 
(00.007389) mnt: Building mountpoints tree
(00.007392) mnt: 	Building plain mount tree
(00.007395) mnt: 		Working on 929->915
(00.007402) mnt: 		Working on 928->916
(00.007405) mnt: 		Working on 927->916
(00.007407) mnt: 		Working on 926->916
(00.007410) mnt: 		Working on 925->916
(00.007412) mnt: 		Working on 924->916
(00.007415) mnt: 		Working on 923->916
(00.007417) mnt: 		Working on 922->916
(00.007420) mnt: 		Working on 921->916
(00.007422) mnt: 		Working on 920->916
(00.007425) mnt: 		Working on 919->916
(00.007427) mnt: 		Working on 918->916
(00.007430) mnt: 		Working on 917->916
(00.007432) mnt: 		Working on 916->915
(00.007435) mnt: 		Working on 915->897
(00.007438) mnt: 		Working on 914->911
(00.007440) mnt: 		Working on 913->911
(00.007443) mnt: 		Working on 912->911
(00.007445) mnt: 		Working on 911->897
(00.007448) mnt: 		Working on 910->901
(00.007450) mnt: 		Working on 909->901
(00.007453) mnt: 		Working on 908->901
(00.007455) mnt: 		Working on 907->901
(00.007458) mnt: 		Working on 906->901
(00.007460) mnt: 		Working on 905->901
(00.007463) mnt: 		Working on 904->901
(00.007465) mnt: 		Working on 903->901
(00.007468) mnt: 		Working on 902->901
(00.007470) mnt: 		Working on 901->897
(00.007473) mnt: 		Working on 900->897
(00.007475) mnt: 		Working on 899->897
(00.007478) mnt: 		Working on 898->897
(00.007481) mnt: 		Working on 897->789
(00.007483) mnt: 	Resorting siblings on 897
(00.007486) mnt: 	Resorting siblings on 915
(00.007489) mnt: 	Resorting siblings on 929
(00.007491) mnt: 	Resorting siblings on 916
(00.007494) mnt: 	Resorting siblings on 928
(00.007496) mnt: 	Resorting siblings on 927
(00.007499) mnt: 	Resorting siblings on 926
(00.007501) mnt: 	Resorting siblings on 925
(00.007504) mnt: 	Resorting siblings on 924
(00.007507) mnt: 	Resorting siblings on 923
(00.007509) mnt: 	Resorting siblings on 922
(00.007512) mnt: 	Resorting siblings on 921
(00.007515) mnt: 	Resorting siblings on 920
(00.007517) mnt: 	Resorting siblings on 919
(00.007520) mnt: 	Resorting siblings on 918
(00.007523) mnt: 	Resorting siblings on 917
(00.007525) mnt: 	Resorting siblings on 911
(00.007528) mnt: 	Resorting siblings on 914
(00.007530) mnt: 	Resorting siblings on 913
(00.007533) mnt: 	Resorting siblings on 912
(00.007535) mnt: 	Resorting siblings on 901
(00.007538) mnt: 	Resorting siblings on 910
(00.007540) mnt: 	Resorting siblings on 909
(00.007543) mnt: 	Resorting siblings on 908
(00.007545) mnt: 	Resorting siblings on 907
(00.007548) mnt: 	Resorting siblings on 906
(00.007550) mnt: 	Resorting siblings on 905
(00.007553) mnt: 	Resorting siblings on 904
(00.007556) mnt: 	Resorting siblings on 903
(00.007558) mnt: 	Resorting siblings on 902
(00.007561) mnt: 	Resorting siblings on 900
(00.007563) mnt: 	Resorting siblings on 899
(00.007566) mnt: 	Resorting siblings on 898
(00.007568) mnt: Done:
(00.007570) mnt: [./](897->789)
(00.007574) mnt:  [./etc/hosts](900->897)
(00.007576) mnt:  <--
(00.007579) mnt:  [./etc/hostname](899->897)
(00.007582) mnt:  <--
(00.007584) mnt:  [./etc/resolv.conf](898->897)
(00.007587) mnt:  <--
(00.007589) mnt:  [./sys](915->897)
(00.007592) mnt:   [./sys/fs/cgroup](916->915)
(00.007594) mnt:    [./sys/fs/cgroup/perf_event](928->916)
(00.007597) mnt:    <--
(00.007600) mnt:    [./sys/fs/cgroup/net_cls,net_prio](927->916)
(00.007602) mnt:    <--
(00.007605) mnt:    [./sys/fs/cgroup/pids](926->916)
(00.007607) mnt:    <--
(00.007610) mnt:    [./sys/fs/cgroup/devices](925->916)
(00.007612) mnt:    <--
(00.007615) mnt:    [./sys/fs/cgroup/cpuset](924->916)
(00.007617) mnt:    <--
(00.007620) mnt:    [./sys/fs/cgroup/blkio](923->916)
(00.007622) mnt:    <--
(00.007625) mnt:    [./sys/fs/cgroup/cpu,cpuacct](922->916)
(00.007627) mnt:    <--
(00.007630) mnt:    [./sys/fs/cgroup/freezer](921->916)
(00.007632) mnt:    <--
(00.007635) mnt:    [./sys/fs/cgroup/rdma](920->916)
(00.007637) mnt:    <--
(00.007640) mnt:    [./sys/fs/cgroup/memory](919->916)
(00.007642) mnt:    <--
(00.007645) mnt:    [./sys/fs/cgroup/hugetlb](918->916)
(00.007647) mnt:    <--
(00.007650) mnt:    [./sys/fs/cgroup/systemd](917->916)
(00.007652) mnt:    <--
(00.007655) mnt:   <--
(00.007657) mnt:   [./sys/firmware](929->915)
(00.007660) mnt:   <--
(00.007665) mnt:  <--
(00.007668) mnt:  [./dev](911->897)
(00.007670) mnt:   [./dev/shm](914->911)
(00.007673) mnt:   <--
(00.007675) mnt:   [./dev/mqueue](913->911)
(00.007678) mnt:   <--
(00.007680) mnt:   [./dev/pts](912->911)
(00.007683) mnt:   <--
(00.007685) mnt:  <--
(00.007688) mnt:  [./proc](901->897)
(00.007690) mnt:   [./proc/sched_debug](910->901)
(00.007693) mnt:   <--
(00.007695) mnt:   [./proc/timer_list](909->901)
(00.007698) mnt:   <--
(00.007700) mnt:   [./proc/kcore](908->901)
(00.007703) mnt:   <--
(00.007705) mnt:   [./proc/sysrq-trigger](907->901)
(00.007708) mnt:   <--
(00.007710) mnt:   [./proc/sys](906->901)
(00.007713) mnt:   <--
(00.007715) mnt:   [./proc/irq](905->901)
(00.007718) mnt:   <--
(00.007720) mnt:   [./proc/fs](904->901)
(00.007723) mnt:   <--
(00.007725) mnt:   [./proc/bus](903->901)
(00.007728) mnt:   <--
(00.007730) mnt:   [./proc/asound](902->901)
(00.007733) mnt:   <--
(00.007735) mnt:  <--
(00.007738) mnt: <--
(00.007745) mnt: Found /sys/fs/cgroup/perf_event mapping for ./sys/fs/cgroup/perf_event mountpoint
(00.007749) mnt: Found /sys/fs/cgroup/net_cls,net_prio mapping for ./sys/fs/cgroup/net_cls,net_prio mountpoint
(00.007752) mnt: Found /sys/fs/cgroup/pids mapping for ./sys/fs/cgroup/pids mountpoint
(00.007755) mnt: Found /sys/fs/cgroup/devices mapping for ./sys/fs/cgroup/devices mountpoint
(00.007758) mnt: Found /sys/fs/cgroup/cpuset mapping for ./sys/fs/cgroup/cpuset mountpoint
(00.007761) mnt: Found /sys/fs/cgroup/blkio mapping for ./sys/fs/cgroup/blkio mountpoint
(00.007764) mnt: Found /sys/fs/cgroup/cpu,cpuacct mapping for ./sys/fs/cgroup/cpu,cpuacct mountpoint
(00.007767) mnt: Found /sys/fs/cgroup/freezer mapping for ./sys/fs/cgroup/freezer mountpoint
(00.007770) mnt: Found /sys/fs/cgroup/rdma mapping for ./sys/fs/cgroup/rdma mountpoint
(00.007772) mnt: Found /sys/fs/cgroup/memory mapping for ./sys/fs/cgroup/memory mountpoint
(00.007775) mnt: Found /sys/fs/cgroup/hugetlb mapping for ./sys/fs/cgroup/hugetlb mountpoint
(00.007778) mnt: Found /sys/fs/cgroup/systemd mapping for ./sys/fs/cgroup/systemd mountpoint
(00.007782) mnt: Found /dev/shm mapping for ./dev/shm mountpoint
(00.007787) mnt: Found /dev/null mapping for ./proc/sched_debug mountpoint
(00.007789) mnt: Found /dev/null mapping for ./proc/timer_list mountpoint
(00.007792) mnt: Found /dev/null mapping for ./proc/kcore mountpoint
(00.007798) mnt: Found /etc/hosts mapping for ./etc/hosts mountpoint
(00.007801) mnt: Found /etc/hostname mapping for ./etc/hostname mountpoint
(00.007804) mnt: Found /etc/resolv.conf mapping for ./etc/resolv.conf mountpoint
(00.007807) mnt: Inspecting sharing on 929 shared_id 0 master_id 0 (@./sys/firmware)
(00.007810) mnt: Inspecting sharing on 928 shared_id 0 master_id 0 (@./sys/fs/cgroup/perf_event)
(00.007814) mnt: Inspecting sharing on 927 shared_id 0 master_id 0 (@./sys/fs/cgroup/net_cls,net_prio)
(00.007816) mnt: Inspecting sharing on 926 shared_id 0 master_id 0 (@./sys/fs/cgroup/pids)
(00.007819) mnt: Inspecting sharing on 925 shared_id 0 master_id 0 (@./sys/fs/cgroup/devices)
(00.007822) mnt: Inspecting sharing on 924 shared_id 0 master_id 0 (@./sys/fs/cgroup/cpuset)
(00.007825) mnt: Inspecting sharing on 923 shared_id 0 master_id 0 (@./sys/fs/cgroup/blkio)
(00.007828) mnt: Inspecting sharing on 922 shared_id 0 master_id 0 (@./sys/fs/cgroup/cpu,cpuacct)
(00.007830) mnt: Inspecting sharing on 921 shared_id 0 master_id 0 (@./sys/fs/cgroup/freezer)
(00.007833) mnt: Inspecting sharing on 920 shared_id 0 master_id 0 (@./sys/fs/cgroup/rdma)
(00.007836) mnt: Inspecting sharing on 919 shared_id 0 master_id 0 (@./sys/fs/cgroup/memory)
(00.007838) mnt: Inspecting sharing on 918 shared_id 0 master_id 0 (@./sys/fs/cgroup/hugetlb)
(00.007841) mnt: Inspecting sharing on 917 shared_id 0 master_id 0 (@./sys/fs/cgroup/systemd)
(00.007844) mnt: Inspecting sharing on 916 shared_id 0 master_id 0 (@./sys/fs/cgroup)
(00.007847) mnt: Inspecting sharing on 915 shared_id 0 master_id 0 (@./sys)
(00.007849) mnt: Inspecting sharing on 914 shared_id 0 master_id 0 (@./dev/shm)
(00.007852) mnt: Inspecting sharing on 913 shared_id 0 master_id 0 (@./dev/mqueue)
(00.007858) mnt: Inspecting sharing on 912 shared_id 0 master_id 0 (@./dev/pts)
(00.007861) mnt: Inspecting sharing on 911 shared_id 0 master_id 0 (@./dev)
(00.007863) mnt: Inspecting sharing on 910 shared_id 0 master_id 0 (@./proc/sched_debug)
(00.007866) mnt: 	The mount 909 is bind for 910 (@./proc/timer_list -> @./proc/sched_debug)
(00.007869) mnt: 	The mount 908 is bind for 910 (@./proc/kcore -> @./proc/sched_debug)
(00.007872) mnt: Inspecting sharing on 909 shared_id 0 master_id 0 (@./proc/timer_list)
(00.007875) mnt: Inspecting sharing on 908 shared_id 0 master_id 0 (@./proc/kcore)
(00.007877) mnt: Inspecting sharing on 907 shared_id 0 master_id 0 (@./proc/sysrq-trigger)
(00.007880) mnt: 	The mount 906 is bind for 907 (@./proc/sys -> @./proc/sysrq-trigger)
(00.007883) mnt: 	The mount 905 is bind for 907 (@./proc/irq -> @./proc/sysrq-trigger)
(00.007886) mnt: 	The mount 904 is bind for 907 (@./proc/fs -> @./proc/sysrq-trigger)
(00.007888) mnt: 	The mount 903 is bind for 907 (@./proc/bus -> @./proc/sysrq-trigger)
(00.007891) mnt: 	The mount 902 is bind for 907 (@./proc/asound -> @./proc/sysrq-trigger)
(00.007894) mnt: 	The mount 901 is bind for 907 (@./proc -> @./proc/sysrq-trigger)
(00.007896) mnt: Inspecting sharing on 906 shared_id 0 master_id 0 (@./proc/sys)
(00.007899) mnt: Inspecting sharing on 905 shared_id 0 master_id 0 (@./proc/irq)
(00.007902) mnt: Inspecting sharing on 904 shared_id 0 master_id 0 (@./proc/fs)
(00.007904) mnt: Inspecting sharing on 903 shared_id 0 master_id 0 (@./proc/bus)
(00.007907) mnt: Inspecting sharing on 902 shared_id 0 master_id 0 (@./proc/asound)
(00.007909) mnt: Inspecting sharing on 901 shared_id 0 master_id 0 (@./proc)
(00.007912) mnt: Inspecting sharing on 900 shared_id 0 master_id 0 (@./etc/hosts)
(00.007915) mnt: 	The mount 899 is bind for 900 (@./etc/hostname -> @./etc/hosts)
(00.007917) mnt: 	The mount 898 is bind for 900 (@./etc/resolv.conf -> @./etc/hosts)
(00.007920) mnt: Inspecting sharing on 899 shared_id 0 master_id 0 (@./etc/hostname)
(00.007923) mnt: Inspecting sharing on 898 shared_id 0 master_id 0 (@./etc/resolv.conf)
(00.007925) mnt: Inspecting sharing on 897 shared_id 0 master_id 0 (@./)
(00.007934) Collecting netns 9/3438
(00.007937) Switching to 3438's net for collecting sockets
(00.008089) unix: 	Collected: ino 47613 peer_ino 0 family    1 type    5 state  7 name (null)
(00.008187) sockets: Sockects collect procedure family AF_INET proto IPPROTO_RAW: -2
(00.008268) sockets: Sockects collect procedure family AF_INET6 proto IPPROTO_RAW: -2
(00.008341) netlink: Collect netlink sock 0xcd92
(00.008349) netlink: Collect netlink sock 0xb7fd
(00.008352) netlink: Collect netlink sock 0xb9fc
(00.008354) netlink: Collect netlink sock 0xcd03
(00.008357) netlink: Collect netlink sock 0xcd88
(00.008359) netlink: Collect netlink sock 0xb7fe
(00.008362) netlink: Collect netlink sock 0xcc01
(00.008364) netlink: Collect netlink sock 0xcd89
(00.008367) netlink: Collect netlink sock 0xb7ff
(00.008370) netlink: Collect netlink sock 0xb800
(00.008455) Warn  (criu/image.c:135): Failed to open parent directory
(00.008460) ========================================
(00.008463) Dumping task (pid: 3438)
(00.008466) ========================================
(00.008468) Obtaining task stat ... 
(00.008498) 
(00.008502) Collecting mappings (pid: 3438)
(00.008504) ----------------------------------------
(00.008660) Dumping path for -3 fd via self 15 [/go/src/time/time]
(00.008730) vma 48a000 borrows vfi from previous 400000
(00.008742) vma 547000 borrows vfi from previous 48a000
(00.008816) Collected, longest area occupies 16384 pages
(00.008820) 0x400000-0x48a000 (552K) prot 0x5 flags 0x2 fdflags 0 st 0x41 off 0 reg fp  shmid: 0x1
(00.008863) 0x48a000-0x547000 (756K) prot 0x1 flags 0x2 fdflags 0 st 0x41 off 0x8a000 reg fp  shmid: 0x1
(00.008867) 0x547000-0x55b000 (80K) prot 0x3 flags 0x2 fdflags 0 st 0x41 off 0x147000 reg fp  shmid: 0x1
(00.008870) 0x55b000-0x579000 (120K) prot 0x3 flags 0x22 fdflags 0 st 0x201 off 0 reg ap  shmid: 0
(00.008880) 0xc000000000-0xc004000000 (65536K) prot 0x3 flags 0x22 fdflags 0 st 0x201 off 0 reg ap  shmid: 0
(00.008884) 0x7f9633e5b000-0x7f963610c000 (35524K) prot 0x3 flags 0x22 fdflags 0 st 0x201 off 0 reg ap  shmid: 0
(00.008887) 0x7ffc26189000-0x7ffc261aa000 (132K) prot 0x3 flags 0x122 fdflags 0 st 0x201 off 0 reg ap  shmid: 0
(00.008890) 0x7ffc261bb000-0x7ffc261be000 (12K) prot 0x1 flags 0x22 fdflags 0 st 0x1201 off 0 reg vvar ap  shmid: 0
(00.008893) 0x7ffc261be000-0x7ffc261c0000 (8K) prot 0x5 flags 0x22 fdflags 0 st 0x209 off 0 reg vdso ap  shmid: 0
(00.008896) 0xffffffffff600000-0xffffffffff601000 (4K) prot 0x5 flags 0x22 fdflags 0 st 0x204 off 0 vsys ap  shmid: 0
(00.008899) ----------------------------------------
(00.008902) 
(00.008905) Collecting fds (pid: 3438)
(00.008907) ----------------------------------------
(00.008934) Found 3 file descriptors
(00.008937) ----------------------------------------
(00.008951) Dump private signals of 3438
(00.008960) Dump private signals of 3492
(00.008967) Dump private signals of 3493
(00.008974) Dump private signals of 3494
(00.008978) Dump private signals of 3495
(00.008986) Dump shared signals of 3438
(00.009008) Parasite syscall_ip at 0x400000
(00.009516) Set up parasite blob using memfd
(00.009524) Putting parasite blob into 0x7f0eca311000->0x7f37092a7000
(00.009787) Dumping general registers for 3438 in native mode
(00.009795) Warn  (compel/arch/x86/src/lib/infect.c:280): Will restore 3438 with interrupted system call
(00.009799) Dumping GP/FPU registers for 3438
(00.009814) x86: xsave runtime structure
(00.009817) x86: -----------------------
(00.009820) x86: cwd:0x40 swd:0 twd:0 fop:0 mxcsr:0x1fa0 mxcsr_mask:0xffff
(00.009823) x86: magic1:0x46505853 extended_size:900 xstate_bv:0x17 xstate_size:896
(00.009826) x86: xstate_bv: 0x17
(00.009828) x86: -----------------------
(00.009831) Putting tsock into pid 3438
(00.010021) Wait for parasite being daemonized...
(00.010035) Wait for ack 2 on daemon socket
pie: 1: Running daemon thread leader
pie: 1: __sent ack msg: 2 2 0
pie: 1: Daemon waits for command
(00.010171) Fetched ack: 2 2 0
(00.010184) Parasite 3438 has been switched to daemon mode
(00.010217) Sent msg to daemon 72 0 0
pie: 1: __fetched msg: 72 0 0
pie: 1: __sent ack msg: 72 72 0
pie: 1: Daemon waits for command
(00.010328) Wait for ack 72 on daemon socket
(00.010338) Fetched ack: 72 72 0
(00.010341) vdso: vDSO hint is reliable - omit checking
(00.010369) Sent msg to daemon 74 0 0
(00.010375) Wait for ack 74 on daemon socket
pie: 1: __fetched msg: 74 0 0
(00.010430) Fetched ack: 74 74 0
(00.010441) Sent msg to daemon 70 0 0
(00.010444) Wait for ack 70 on daemon socket
pie: 1: __sent ack msg: 74 74 0
pie: 1: Daemon waits for command
pie: 1: __fetched msg: 70 0 0
pie: 1: __sent ack msg: 70 70 0
pie: 1: Daemon waits for command
(00.010502) Fetched ack: 70 70 0
(00.010510) sid=1 pgid=1 pid=1
(00.010539) 
(00.010542) Dumping opened files (pid: 3438)
(00.010545) ----------------------------------------
(00.010574) Sent msg to daemon 71 0 0
pie: 1: __fetched msg: 71 0 0
pie: 1: __sent ack msg: 71 71 0
pie: 1: Daemon waits for command
(00.010640) Wait for ack 71 on daemon socket
(00.010648) Fetched ack: 71 71 0
(00.010683) 3438 fdinfo 0: pos:                0 flags:           100000/0
(00.010690) Dumping pipe 18 with id 0x2 pipe_id 0xb7ec
(00.010696) Dumping data from pipe 0xb7ec fd 18
(00.010771) 3438 fdinfo 1: pos:                0 flags:           100001/0
(00.010777) Dumping pipe 19 with id 0x3 pipe_id 0xb7ed
(00.010793) 3438 fdinfo 2: pos:                0 flags:           100001/0
(00.010797) Dumping pipe 20 with id 0x4 pipe_id 0xb7ee
(00.010803) ----------------------------------------
(00.010841) Sent msg to daemon 65 0 0
(00.010848) Wait for ack 65 on daemon socket
pie: 1: __fetched msg: 65 0 0
pie: 1: __sent ack msg: 65 65 0
pie: 1: Daemon waits for command
(00.010915) Fetched ack: 65 65 0
(00.010923) 
(00.010925) Dumping pages (type: 52 pid: 3438)
(00.010928) ----------------------------------------
(00.010931)    Private vmas 16384/25680 pages
(00.010960) pagemap-cache: created for pid 3438 (takes 131072 bytes)
(00.010965) page-pipe: Create page pipe for 25680 segs
(00.010968) page-pipe: Will grow page pipe (iov off is 0)
(00.011004) pagemap-cache: filling VMA 400000-48a000 (552K) [l:400000 h:600000]
(00.011008) pagemap-cache: 	          400000-48a000           nr:1     cov:565248
(00.011012) pagemap-cache: 	          48a000-547000           nr:2     cov:1339392
(00.011015) pagemap-cache: 	          547000-55b000           nr:3     cov:1421312
(00.011018) pagemap-cache: 	          55b000-579000           nr:4     cov:1544192
(00.011020) pagemap-cache: 	cache  mode [l:400000 h:600000]
(00.011037) page-pipe: Add iov to page pipe (0 iovs, 0/25680 total)
(00.011041) Pagemap generated: 1 pages (0 lazy) 0 holes
(00.011045) Pagemap generated: 0 pages (0 lazy) 0 holes
(00.011048) page-pipe: Add iov to page pipe (1 iovs, 1/25680 total)
(00.011051) page-pipe: Add iov to page pipe (2 iovs, 2/25680 total)
(00.011053) page-pipe: Add iov to page pipe (3 iovs, 3/25680 total)
(00.011056) page-pipe: Add iov to page pipe (4 iovs, 4/25680 total)
(00.011059) page-pipe: Add iov to page pipe (5 iovs, 5/25680 total)
(00.011061) Pagemap generated: 6 pages (0 lazy) 0 holes
(00.011064) page-pipe: Will grow page pipe (iov off is 6)
(00.011070) page-pipe: Add iov to page pipe (0 iovs, 6/25680 total)
(00.011073) page-pipe: Add iov to page pipe (1 iovs, 7/25680 total)
(00.011075) page-pipe: Add iov to page pipe (2 iovs, 8/25680 total)
(00.011078) page-pipe: Add iov to page pipe (3 iovs, 9/25680 total)
(00.011081) Pagemap generated: 9 pages (0 lazy) 0 holes
(00.011083) pagemap-cache: filling VMA c000000000-c004000000 (65536K) [l:c000000000 h:c000200000]
(00.011214) page-pipe: Add iov to page pipe (4 iovs, 10/25680 total)
(00.011218) page-pipe: Add iov to page pipe (5 iovs, 11/25680 total)
(00.011220) page-pipe: Add iov to page pipe (6 iovs, 12/25680 total)
(00.011223) page-pipe: Add iov to page pipe (7 iovs, 13/25680 total)
(00.011226) page-pipe: Add iov to page pipe (8 iovs, 14/25680 total)
(00.011228) page-pipe: Add iov to page pipe (9 iovs, 15/25680 total)
(00.011233) page-pipe: Grow pipe 10 -> 20
(00.011236) page-pipe: Add iov to page pipe (10 iovs, 16/25680 total)
(00.011238) page-pipe: Add iov to page pipe (11 iovs, 17/25680 total)
(00.011241) page-pipe: Add iov to page pipe (12 iovs, 18/25680 total)
(00.011244) page-pipe: Add iov to page pipe (13 iovs, 19/25680 total)
(00.011246) page-pipe: Add iov to page pipe (14 iovs, 20/25680 total)
(00.011250) page-pipe: Grow pipe 20 -> 40
(00.011253) page-pipe: Will grow page pipe (iov off is 21)
(00.011260) page-pipe: Add iov to page pipe (0 iovs, 21/25680 total)
(00.011263) page-pipe: Will grow page pipe (iov off is 22)
(00.011269) page-pipe: Add iov to page pipe (0 iovs, 22/25680 total)
(00.011272) page-pipe: Add iov to page pipe (1 iovs, 23/25680 total)
(00.011274) page-pipe: Will grow page pipe (iov off is 24)
(00.011279) page-pipe: Add iov to page pipe (0 iovs, 24/25680 total)
(00.011282) page-pipe: Will grow page pipe (iov off is 25)
(00.011287) page-pipe: Add iov to page pipe (0 iovs, 25/25680 total)
(00.011290) page-pipe: Will grow page pipe (iov off is 26)
(00.011295) page-pipe: Add iov to page pipe (0 iovs, 26/25680 total)
(00.011298) page-pipe: Will grow page pipe (iov off is 27)
(00.011303) page-pipe: Add iov to page pipe (0 iovs, 27/25680 total)
(00.011305) page-pipe: Will grow page pipe (iov off is 28)
(00.011308) page-pipe: Page pipe:
(00.011311) page-pipe: * 8 pipes 28/25680 iovs:
(00.011314) page-pipe: 	buf 7 pages, 6 iovs, flags: 0 pipe_off: 0 :
(00.011317) page-pipe: 		0x400000 1
(00.011319) page-pipe: 		0x547000 1
(00.011322) page-pipe: 		0x54c000 1
(00.011324) page-pipe: 		0x554000 1
(00.011327) page-pipe: 		0x557000 1
(00.011329) page-pipe: 		0x559000 2
(00.011332) page-pipe: 	buf 33 pages, 15 iovs, flags: 1 pipe_off: 0 :
(00.011334) page-pipe: 		0x55b000 1
(00.011337) page-pipe: 		0x55d000 1
(00.011339) page-pipe: 		0x55f000 3
(00.011342) page-pipe: 		0x575000 4
(00.011344) page-pipe: 		0xc000000000 2
(00.011347) page-pipe: 		0xc00000a000 1
(00.011354) page-pipe: 		0xc00000c000 1
(00.011356) page-pipe: 		0xc00000e000 1
(00.011359) page-pipe: 		0xc000010000 1
(00.011361) page-pipe: 		0xc000012000 1
(00.011364) page-pipe: 		0xc000014000 1
(00.011366) page-pipe: 		0xc000016000 1
(00.011369) page-pipe: 		0xc000018000 1
(00.011371) page-pipe: 		0xc00001a000 9
(00.011373) page-pipe: 		0xc000028000 5
(00.011376) page-pipe: 	buf 1 pages, 1 iovs, flags: 0 pipe_off: 0 :
(00.011379) page-pipe: 		0xc00002d000 1
(00.011381) page-pipe: 	buf 4 pages, 2 iovs, flags: 1 pipe_off: 0 :
(00.011384) page-pipe: 		0xc00002e000 3
(00.011386) page-pipe: 		0xc00003a000 1
(00.011389) page-pipe: 	buf 1 pages, 1 iovs, flags: 0 pipe_off: 0 :
(00.011391) page-pipe: 		0xc00003b000 1
(00.011394) page-pipe: 	buf 1 pages, 1 iovs, flags: 1 pipe_off: 0 :
(00.011396) page-pipe: 		0xc00003c000 1
(00.011399) page-pipe: 	buf 1 pages, 1 iovs, flags: 0 pipe_off: 0 :
(00.011401) page-pipe: 		0xc00003d000 1
(00.011404) page-pipe: 	buf 1 pages, 1 iovs, flags: 1 pipe_off: 0 :
(00.011407) page-pipe: 		0xc00003e000 1
(00.011409) page-pipe: * 0 holes:
(00.011412) PPB: 7 pages 6 segs 16 pipe 0 off
(00.011443) Sent msg to daemon 66 0 0
(00.011454) Wait for ack 66 on daemon socket
pie: 1: __fetched msg: 66 0 0
pie: 1: __sent ack msg: 66 66 0
pie: 1: Daemon waits for command
(00.011511) Fetched ack: 66 66 0
(00.011519) PPB: 33 pages 15 segs 64 pipe 6 off
(00.011545) Sent msg to daemon 66 0 0
(00.011555) Wait for ack 66 on daemon socket
pie: 1: __fetched msg: 66 0 0
pie: 1: __sent ack msg: 66 66 0
pie: 1: Daemon waits for command
(00.011613) Fetched ack: 66 66 0
(00.011621) PPB: 1 pages 1 segs 16 pipe 21 off
(00.011646) Sent msg to daemon 66 0 0
(00.011656) Wait for ack 66 on daemon socket
pie: 1: __fetched msg: 66 0 0
pie: 1: __sent ack msg: 66 66 0
pie: 1: Daemon waits for command
(00.011708) Fetched ack: 66 66 0
(00.011715) PPB: 4 pages 2 segs 16 pipe 22 off
(00.011741) Sent msg to daemon 66 0 0
(00.011750) Wait for ack 66 on daemon socket
pie: 1: __fetched msg: 66 0 0
pie: 1: __sent ack msg: 66 66 0
pie: 1: Daemon waits for command
(00.011803) Fetched ack: 66 66 0
(00.011810) PPB: 1 pages 1 segs 16 pipe 24 off
(00.011836) Sent msg to daemon 66 0 0
(00.011845) Wait for ack 66 on daemon socket
pie: 1: __fetched msg: 66 0 0
pie: 1: __sent ack msg: 66 66 0
pie: 1: Daemon waits for command
(00.011897) Fetched ack: 66 66 0
(00.011905) PPB: 1 pages 1 segs 16 pipe 25 off
(00.011930) Sent msg to daemon 66 0 0
(00.011939) Wait for ack 66 on daemon socket
pie: 1: __fetched msg: 66 0 0
pie: 1: __sent ack msg: 66 66 0
pie: 1: Daemon waits for command
(00.011992) Fetched ack: 66 66 0
(00.011999) PPB: 1 pages 1 segs 16 pipe 26 off
(00.012025) Sent msg to daemon 66 0 0
(00.012034) Wait for ack 66 on daemon socket
pie: 1: __fetched msg: 66 0 0
pie: 1: __sent ack msg: 66 66 0
pie: 1: Daemon waits for command
(00.012086) Fetched ack: 66 66 0
(00.012094) PPB: 1 pages 1 segs 16 pipe 27 off
(00.012122) Sent msg to daemon 66 0 0
(00.012132) Wait for ack 66 on daemon socket
pie: 1: __fetched msg: 66 0 0
pie: 1: __sent ack msg: 66 66 0
pie: 1: Daemon waits for command
(00.012184) Fetched ack: 66 66 0
(00.012191) Transferring pages:
(00.012194) 	buf 7/6
(00.012197) 	p 0x400000 [1]
(00.012213) 	p 0x547000 [1]
(00.012222) 	p 0x54c000 [1]
(00.012229) 	p 0x554000 [1]
(00.012237) 	p 0x557000 [1]
(00.012244) 	p 0x559000 [2]
(00.012254) 	buf 33/15
(00.012257) 	p 0x55b000 [1]
(00.012265) 	p 0x55d000 [1]
(00.012272) 	p 0x55f000 [3]
(00.012285) 	p 0x575000 [4]
(00.012303) 	p 0xc000000000 [2]
(00.012314) 	p 0xc00000a000 [1]
(00.012323) 	p 0xc00000c000 [1]
(00.012330) 	p 0xc00000e000 [1]
(00.012337) 	p 0xc000010000 [1]
(00.012344) 	p 0xc000012000 [1]
(00.012351) 	p 0xc000014000 [1]
(00.012358) 	p 0xc000016000 [1]
(00.012366) 	p 0xc000018000 [1]
(00.012373) 	p 0xc00001a000 [9]
(00.012450) 	p 0xc000028000 [5]
(00.012473) 	buf 1/1
(00.012476) 	p 0xc00002d000 [1]
(00.012484) 	buf 4/2
(00.012486) 	p 0xc00002e000 [3]
(00.012501) 	p 0xc00003a000 [1]
(00.012508) 	buf 1/1
(00.012510) 	p 0xc00003b000 [1]
(00.012518) 	buf 1/1
(00.012520) 	p 0xc00003c000 [1]
(00.012531) 	buf 1/1
(00.012533) 	p 0xc00003d000 [1]
(00.012540) 	buf 1/1
(00.012543) 	p 0xc00003e000 [1]
(00.012552) page-pipe: Clean up page pipe
(00.012555) page-pipe: Will grow page pipe (iov off is 28)
(00.012559) page-pipe: Add iov to page pipe (0 iovs, 28/25680 total)
(00.012562) page-pipe: Will grow page pipe (iov off is 29)
(00.012564) page-pipe: Add iov to page pipe (0 iovs, 29/25680 total)
(00.012567) page-pipe: Will grow page pipe (iov off is 30)
(00.012569) page-pipe: Add iov to page pipe (0 iovs, 30/25680 total)
(00.012572) page-pipe: Will grow page pipe (iov off is 31)
(00.012574) page-pipe: Add iov to page pipe (0 iovs, 31/25680 total)
(00.012577) page-pipe: Add iov to page pipe (1 iovs, 32/25680 total)
(00.012580) page-pipe: Add iov to page pipe (2 iovs, 33/25680 total)
(00.012582) page-pipe: Add iov to page pipe (3 iovs, 34/25680 total)
(00.012585) page-pipe: Add iov to page pipe (4 iovs, 35/25680 total)
(00.012587) page-pipe: Add iov to page pipe (5 iovs, 36/25680 total)
(00.012590) page-pipe: Add iov to page pipe (6 iovs, 37/25680 total)
(00.012593) page-pipe: Add iov to page pipe (7 iovs, 38/25680 total)
(00.012595) page-pipe: Add iov to page pipe (8 iovs, 39/25680 total)
(00.012598) page-pipe: Add iov to page pipe (9 iovs, 40/25680 total)
(00.012600) page-pipe: Add iov to page pipe (10 iovs, 41/25680 total)
(00.012609) page-pipe: Add iov to page pipe (11 iovs, 42/25680 total)
(00.012613) page-pipe: Add iov to page pipe (12 iovs, 43/25680 total)
(00.012615) page-pipe: Add iov to page pipe (13 iovs, 44/25680 total)
(00.012620) page-pipe: Grow pipe 10 -> 20
(00.012622) page-pipe: Add iov to page pipe (14 iovs, 45/25680 total)
(00.012625) page-pipe: Add iov to page pipe (15 iovs, 46/25680 total)
(00.012628) page-pipe: Add iov to page pipe (16 iovs, 47/25680 total)
(00.012630) page-pipe: Add iov to page pipe (17 iovs, 48/25680 total)
(00.012633) page-pipe: Add iov to page pipe (18 iovs, 49/25680 total)
(00.012635) page-pipe: Add iov to page pipe (19 iovs, 50/25680 total)
(00.012638) page-pipe: Add iov to page pipe (20 iovs, 51/25680 total)
(00.012641) page-pipe: Add iov to page pipe (21 iovs, 52/25680 total)
(00.012644) page-pipe: Grow pipe 20 -> 40
(00.012647) page-pipe: Add iov to page pipe (22 iovs, 53/25680 total)
(00.012715) Pagemap generated: 44 pages (0 lazy) 0 holes
(00.012719) pagemap-cache: filling VMA 7f9633e5b000-7f963610c000 (35524K) [l:7f9633e00000 h:7f9634000000]
(00.012771) page-pipe: Add iov to page pipe (23 iovs, 54/25680 total)
(00.012775) page-pipe: Add iov to page pipe (24 iovs, 55/25680 total)
(00.012778) page-pipe: Add iov to page pipe (25 iovs, 56/25680 total)
(00.012780) page-pipe: Add iov to page pipe (26 iovs, 57/25680 total)
(00.012785) page-pipe: Add iov to page pipe (27 iovs, 58/25680 total)
(00.012790) page-pipe: Grow pipe 40 -> 80
(00.012810) page-pipe: Add iov to page pipe (28 iovs, 59/25680 total)
(00.012829) page-pipe: Add iov to page pipe (29 iovs, 60/25680 total)
(00.012832) page-pipe: Add iov to page pipe (30 iovs, 61/25680 total)
(00.012835) page-pipe: Add iov to page pipe (31 iovs, 62/25680 total)
(00.012838) page-pipe: Add iov to page pipe (32 iovs, 63/25680 total)
(00.012840) page-pipe: Add iov to page pipe (33 iovs, 64/25680 total)
(00.012843) Pagemap generated: 36 pages (0 lazy) 0 holes
(00.012846) pagemap-cache: filling VMA 7ffc26189000-7ffc261aa000 (132K) [l:7ffc26000000 h:7ffc26200000]
(00.012852) page-pipe: Add iov to page pipe (34 iovs, 65/25680 total)
(00.012855) Pagemap generated: 4 pages (0 lazy) 0 holes
(00.012858) pagemap-cache: filling VMA 7ffc261bb000-7ffc261be000 (12K) [l:7ffc26000000 h:7ffc26200000]
(00.012863) Pagemap generated: 0 pages (0 lazy) 0 holes
(00.012865) pagemap-cache: filling VMA 7ffc261be000-7ffc261c0000 (8K) [l:7ffc26000000 h:7ffc26200000]
(00.012870) page-pipe: Will grow page pipe (iov off is 66)
(00.012873) page-pipe: Add iov to page pipe (0 iovs, 66/25680 total)
(00.012875) Pagemap generated: 2 pages (0 lazy) 0 holes
(00.012878) page-pipe: Page pipe:
(00.012881) page-pipe: * 8 pipes 67/25680 iovs:
(00.012883) page-pipe: 	buf 1 pages, 1 iovs, flags: 0 pipe_off: 0 :
(00.012890) page-pipe: 		0xc00003f000 1
(00.012893) page-pipe: 	buf 1 pages, 1 iovs, flags: 1 pipe_off: 0 :
(00.012895) page-pipe: 		0xc000040000 1
(00.012898) page-pipe: 	buf 1 pages, 1 iovs, flags: 0 pipe_off: 0 :
(00.012900) page-pipe: 		0xc000041000 1
(00.012903) page-pipe: 	buf 81 pages, 35 iovs, flags: 1 pipe_off: 0 :
(00.012906) page-pipe: 		0xc00004a000 1
(00.012908) page-pipe: 		0xc00004c000 1
(00.012911) page-pipe: 		0xc00004e000 1
(00.012913) page-pipe: 		0xc000058000 1
(00.012916) page-pipe: 		0xc00005a000 1
(00.012918) page-pipe: 		0xc00005e000 3
(00.012920) page-pipe: 		0xc000062000 1
(00.012923) page-pipe: 		0xc000064000 1
(00.012925) page-pipe: 		0xc000066000 1
(00.012928) page-pipe: 		0xc000068000 1
(00.012930) page-pipe: 		0xc00006a000 1
(00.012933) page-pipe: 		0xc00006c000 1
(00.012935) page-pipe: 		0xc00006e000 1
(00.012937) page-pipe: 		0xc000070000 1
(00.012940) page-pipe: 		0xc000072000 1
(00.012942) page-pipe: 		0xc000074000 1
(00.012945) page-pipe: 		0xc000076000 9
(00.012947) page-pipe: 		0xc000088000 1
(00.012950) page-pipe: 		0xc00008a000 1
(00.012952) page-pipe: 		0xc00008c000 1
(00.012954) page-pipe: 		0xc00008e000 1
(00.012957) page-pipe: 		0xc000090000 1
(00.012959) page-pipe: 		0xc000092000 9
(00.012962) page-pipe: 		0x7f9633e5b000 1
(00.012964) page-pipe: 		0x7f9633e9b000 1
(00.012967) page-pipe: 		0x7f9633eab000 1
(00.012969) page-pipe: 		0x7f9633ebb000 5
(00.012972) page-pipe: 		0x7f96340bb000 17
(00.012974) page-pipe: 		0x7f96350e4000 1
(00.012977) page-pipe: 		0x7f96360cc000 2
(00.012979) page-pipe: 		0x7f96360d0000 1
(00.012982) page-pipe: 		0x7f96360d4000 3
(00.012984) page-pipe: 		0x7f96360d9000 1
(00.012987) page-pipe: 		0x7f96360dd000 3
(00.012989) page-pipe: 		0x7ffc261a6000 4
(00.012992) page-pipe: 	buf 2 pages, 1 iovs, flags: 0 pipe_off: 0 :
(00.012994) page-pipe: 		0x7ffc261be000 2
(00.012997) page-pipe: * 0 holes:
(00.012999) PPB: 1 pages 1 segs 16 pipe 28 off
(00.013029) Sent msg to daemon 66 0 0
(00.013040) Wait for ack 66 on daemon socket
pie: 1: __fetched msg: 66 0 0
pie: 1: __sent ack msg: 66 66 0
pie: 1: Daemon waits for command
(00.013095) Fetched ack: 66 66 0
(00.013103) PPB: 1 pages 1 segs 16 pipe 29 off
(00.013129) Sent msg to daemon 66 0 0
(00.013138) Wait for ack 66 on daemon socket
pie: 1: __fetched msg: 66 0 0
pie: 1: __sent ack msg: 66 66 0
pie: 1: Daemon waits for command
(00.013191) Fetched ack: 66 66 0
(00.013198) PPB: 1 pages 1 segs 16 pipe 30 off
(00.013224) Sent msg to daemon 66 0 0
(00.013233) Wait for ack 66 on daemon socket
pie: 1: __fetched msg: 66 0 0
pie: 1: __sent ack msg: 66 66 0
pie: 1: Daemon waits for command
(00.013286) Fetched ack: 66 66 0
(00.013293) PPB: 81 pages 35 segs 128 pipe 31 off
(00.013318) Sent msg to daemon 66 0 0
(00.013328) Wait for ack 66 on daemon socket
pie: 1: __fetched msg: 66 0 0
pie: 1: __sent ack msg: 66 66 0
pie: 1: Daemon waits for command
(00.013398) Fetched ack: 66 66 0
(00.013405) PPB: 2 pages 1 segs 16 pipe 66 off
(00.013430) Sent msg to daemon 66 0 0
(00.013440) Wait for ack 66 on daemon socket
pie: 1: __fetched msg: 66 0 0
pie: 1: __sent ack msg: 66 66 0
pie: 1: Daemon waits for command
(00.013496) Fetched ack: 66 66 0
(00.013504) Transferring pages:
(00.013507) 	buf 1/1
(00.013510) 	p 0xc00003f000 [1]
(00.013521) 	buf 1/1
(00.013524) 	p 0xc000040000 [1]
(00.013532) 	buf 1/1
(00.013535) 	p 0xc000041000 [1]
(00.013542) 	buf 81/35
(00.013544) 	p 0xc00004a000 [1]
(00.013552) 	p 0xc00004c000 [1]
(00.013560) 	p 0xc00004e000 [1]
(00.013567) 	p 0xc000058000 [1]
(00.013576) 	p 0xc00005a000 [1]
(00.013583) 	p 0xc00005e000 [3]
(00.013596) 	p 0xc000062000 [1]
(00.013604) 	p 0xc000064000 [1]
(00.013611) 	p 0xc000066000 [1]
(00.013618) 	p 0xc000068000 [1]
(00.013625) 	p 0xc00006a000 [1]
(00.013633) 	p 0xc00006c000 [1]
(00.013641) 	p 0xc00006e000 [1]
(00.013655) 	p 0xc000070000 [1]
(00.013663) 	p 0xc000072000 [1]
(00.013670) 	p 0xc000074000 [1]
(00.013677) 	p 0xc000076000 [9]
(00.013709) 	p 0xc000088000 [1]
(00.013717) 	p 0xc00008a000 [1]
(00.013724) 	p 0xc00008c000 [1]
(00.013734) 	p 0xc00008e000 [1]
(00.013741) 	p 0xc000090000 [1]
(00.013748) 	p 0xc000092000 [9]
(00.013779) 	p 0x7f9633e5b000 [1]
(00.013787) 	p 0x7f9633e9b000 [1]
(00.013794) 	p 0x7f9633eab000 [1]
(00.013801) 	p 0x7f9633ebb000 [5]
(00.013821) 	p 0x7f96340bb000 [17]
(00.013940) 	p 0x7f96350e4000 [1]
(00.013953) 	p 0x7f96360cc000 [2]
(00.013964) 	p 0x7f96360d0000 [1]
(00.013971) 	p 0x7f96360d4000 [3]
(00.013984) 	p 0x7f96360d9000 [1]
(00.013992) 	p 0x7f96360dd000 [3]
(00.014005) 	p 0x7ffc261a6000 [4]
(00.014022) 	buf 2/1
(00.014025) 	p 0x7ffc261be000 [2]
(00.014049) page-pipe: Killing page pipe
(00.014107) ----------------------------------------
(00.014139) Sent msg to daemon 65 0 0
(00.014146) Wait for ack 65 on daemon socket
pie: 1: __fetched msg: 65 0 0
pie: 1: __sent ack msg: 65 65 0
pie: 1: Daemon waits for command
(00.014258) Fetched ack: 65 65 0
(00.014273) Sent msg to daemon 67 0 0
(00.014276) Wait for ack 67 on daemon socket
pie: 1: __fetched msg: 67 0 0
pie: 1: __sent ack msg: 67 67 0
pie: 1: Daemon waits for command
(00.014366) Fetched ack: 67 67 0
(00.014404) Sent msg to daemon 68 0 0
(00.014410) Wait for ack 68 on daemon socket
pie: 1: __fetched msg: 68 0 0
pie: 1: __sent ack msg: 68 68 0
pie: 1: Daemon waits for command
(00.014501) Fetched ack: 68 68 0
(00.014531) Sent msg to daemon 69 0 0
(00.014537) Wait for ack 69 on daemon socket
pie: 1: __fetched msg: 69 0 0
pie: 1: __sent ack msg: 69 69 0
pie: 1: Daemon waits for command
(00.014594) Fetched ack: 69 69 0
(00.014601) 
(00.014604) Dumping core (pid: 3438)
(00.014607) ----------------------------------------
(00.014609) Obtaining personality ... 
(00.014653) Sent msg to daemon 64 0 0
(00.014660) Wait for ack 64 on daemon socket
pie: 1: __fetched msg: 64 0 0
pie: 1: __sent ack msg: 64 64 0
pie: 1: Daemon waits for command
(00.014776) Fetched ack: 64 64 0
(00.014806) 3438 has lsm profile docker-default
(00.014813) 3438 has 0 sched policy
(00.014817) 	dumping 0 nice for 3438
(00.014821) dumping /proc/3438/loginuid
(00.014831) dumping /proc/3438/oom_score_adj
(00.014874) Sent msg to daemon 76 0 0
(00.014880) Wait for ack 76 on daemon socket
pie: 1: __fetched msg: 76 0 0
pie: 1: __sent ack msg: 76 76 0
pie: 1: Daemon waits for command
(00.014996) Fetched ack: 76 76 0
(00.015004) cg: Dumping cgroups for 3438
(00.015063) cg:  `- New css ID 2
(00.015070) cg:     `- [blkio] -> [/docker/cc822f6bd3abca647ffe620337a92f50339193938df0345dd4dd9617e92df150] [0]
(00.015073) cg:     `- [cpu,cpuacct] -> [/docker/cc822f6bd3abca647ffe620337a92f50339193938df0345dd4dd9617e92df150] [0]
(00.015076) cg:     `- [cpuset] -> [/docker/cc822f6bd3abca647ffe620337a92f50339193938df0345dd4dd9617e92df150] [0]
(00.015078) cg:     `- [devices] -> [/docker/cc822f6bd3abca647ffe620337a92f50339193938df0345dd4dd9617e92df150] [0]
(00.015081) cg:     `- [freezer] -> [/docker/cc822f6bd3abca647ffe620337a92f50339193938df0345dd4dd9617e92df150] [0]
(00.015084) cg:     `- [hugetlb] -> [/docker/cc822f6bd3abca647ffe620337a92f50339193938df0345dd4dd9617e92df150] [0]
(00.015086) cg:     `- [memory] -> [/docker/cc822f6bd3abca647ffe620337a92f50339193938df0345dd4dd9617e92df150] [0]
(00.015089) cg:     `- [name=systemd] -> [/docker/cc822f6bd3abca647ffe620337a92f50339193938df0345dd4dd9617e92df150] [0]
(00.015091) cg:     `- [net_cls,net_prio] -> [/docker/cc822f6bd3abca647ffe620337a92f50339193938df0345dd4dd9617e92df150] [0]
(00.015094) cg:     `- [perf_event] -> [/docker/cc822f6bd3abca647ffe620337a92f50339193938df0345dd4dd9617e92df150] [0]
(00.015097) cg:     `- [pids] -> [/docker/cc822f6bd3abca647ffe620337a92f50339193938df0345dd4dd9617e92df150] [0]
(00.015099) cg:     `- [rdma] -> [/] [0]
(00.042332) cg: adding cgroup /proc/self/fd/18/docker/cc822f6bd3abca647ffe620337a92f50339193938df0345dd4dd9617e92df150
(00.042409) cg: Dumping value 500 from /proc/self/fd/18/docker/cc822f6bd3abca647ffe620337a92f50339193938df0345dd4dd9617e92df150/blkio.weight
(00.042449) cg: Dumping value 0 from /proc/self/fd/18/docker/cc822f6bd3abca647ffe620337a92f50339193938df0345dd4dd9617e92df150/cgroup.clone_children
(00.042485) cg: Dumping value 0 from /proc/self/fd/18/docker/cc822f6bd3abca647ffe620337a92f50339193938df0345dd4dd9617e92df150/notify_on_release
(00.042534) cg: Dumping value  from /proc/self/fd/18/docker/cc822f6bd3abca647ffe620337a92f50339193938df0345dd4dd9617e92df150/cgroup.procs
(00.042567) cg: Dumping value  from /proc/self/fd/18/docker/cc822f6bd3abca647ffe620337a92f50339193938df0345dd4dd9617e92df150/tasks
(00.082381) cg: adding cgroup /proc/self/fd/18/docker/cc822f6bd3abca647ffe620337a92f50339193938df0345dd4dd9617e92df150
(00.082454) cg: Dumping value 1024 from /proc/self/fd/18/docker/cc822f6bd3abca647ffe620337a92f50339193938df0345dd4dd9617e92df150/cpu.shares
(00.082503) cg: Dumping value 100000 from /proc/self/fd/18/docker/cc822f6bd3abca647ffe620337a92f50339193938df0345dd4dd9617e92df150/cpu.cfs_period_us
(00.082545) cg: Dumping value -1 from /proc/self/fd/18/docker/cc822f6bd3abca647ffe620337a92f50339193938df0345dd4dd9617e92df150/cpu.cfs_quota_us
(00.082564) cg: Couldn't open /proc/self/fd/18/docker/cc822f6bd3abca647ffe620337a92f50339193938df0345dd4dd9617e92df150/cpu.rt_period_us. This cgroup property may not exist on this kernel
(00.082578) cg: Couldn't open /proc/self/fd/18/docker/cc822f6bd3abca647ffe620337a92f50339193938df0345dd4dd9617e92df150/cpu.rt_runtime_us. This cgroup property may not exist on this kernel
(00.082610) cg: Dumping value 0 from /proc/self/fd/18/docker/cc822f6bd3abca647ffe620337a92f50339193938df0345dd4dd9617e92df150/cgroup.clone_children
(00.082684) cg: Dumping value 0 from /proc/self/fd/18/docker/cc822f6bd3abca647ffe620337a92f50339193938df0345dd4dd9617e92df150/notify_on_release
(00.082779) cg: Dumping value  from /proc/self/fd/18/docker/cc822f6bd3abca647ffe620337a92f50339193938df0345dd4dd9617e92df150/cgroup.procs
(00.082812) cg: Dumping value  from /proc/self/fd/18/docker/cc822f6bd3abca647ffe620337a92f50339193938df0345dd4dd9617e92df150/tasks
(00.082842) cg: Dumping value 0 from /proc/self/fd/18/docker/cc822f6bd3abca647ffe620337a92f50339193938df0345dd4dd9617e92df150/cgroup.clone_children
(00.082868) cg: Dumping value 0 from /proc/self/fd/18/docker/cc822f6bd3abca647ffe620337a92f50339193938df0345dd4dd9617e92df150/notify_on_release
(00.082891) cg: Dumping value  from /proc/self/fd/18/docker/cc822f6bd3abca647ffe620337a92f50339193938df0345dd4dd9617e92df150/cgroup.procs
(00.082913) cg: Dumping value  from /proc/self/fd/18/docker/cc822f6bd3abca647ffe620337a92f50339193938df0345dd4dd9617e92df150/tasks
(00.110294) cg: adding cgroup /proc/self/fd/18/docker/cc822f6bd3abca647ffe620337a92f50339193938df0345dd4dd9617e92df150
(00.110339) cg: Dumping value 0-3 from /proc/self/fd/18/docker/cc822f6bd3abca647ffe620337a92f50339193938df0345dd4dd9617e92df150/cpuset.cpus
(00.110362) cg: Dumping value 0 from /proc/self/fd/18/docker/cc822f6bd3abca647ffe620337a92f50339193938df0345dd4dd9617e92df150/cpuset.mems
(00.110388) cg: Dumping value 0 from /proc/self/fd/18/docker/cc822f6bd3abca647ffe620337a92f50339193938df0345dd4dd9617e92df150/cpuset.memory_migrate
(00.110410) cg: Dumping value 0 from /proc/self/fd/18/docker/cc822f6bd3abca647ffe620337a92f50339193938df0345dd4dd9617e92df150/cpuset.cpu_exclusive
(00.110431) cg: Dumping value 0 from /proc/self/fd/18/docker/cc822f6bd3abca647ffe620337a92f50339193938df0345dd4dd9617e92df150/cpuset.mem_exclusive
(00.110453) cg: Dumping value 0 from /proc/self/fd/18/docker/cc822f6bd3abca647ffe620337a92f50339193938df0345dd4dd9617e92df150/cpuset.mem_hardwall
(00.110475) cg: Dumping value 0 from /proc/self/fd/18/docker/cc822f6bd3abca647ffe620337a92f50339193938df0345dd4dd9617e92df150/cpuset.memory_spread_page
(00.110496) cg: Dumping value 0 from /proc/self/fd/18/docker/cc822f6bd3abca647ffe620337a92f50339193938df0345dd4dd9617e92df150/cpuset.memory_spread_slab
(00.110516) cg: Dumping value 1 from /proc/self/fd/18/docker/cc822f6bd3abca647ffe620337a92f50339193938df0345dd4dd9617e92df150/cpuset.sched_load_balance
(00.110538) cg: Dumping value -1 from /proc/self/fd/18/docker/cc822f6bd3abca647ffe620337a92f50339193938df0345dd4dd9617e92df150/cpuset.sched_relax_domain_level
(00.110561) cg: Dumping value 0 from /proc/self/fd/18/docker/cc822f6bd3abca647ffe620337a92f50339193938df0345dd4dd9617e92df150/cgroup.clone_children
(00.110595) cg: Dumping value 0 from /proc/self/fd/18/docker/cc822f6bd3abca647ffe620337a92f50339193938df0345dd4dd9617e92df150/notify_on_release
(00.110613) cg: Dumping value  from /proc/self/fd/18/docker/cc822f6bd3abca647ffe620337a92f50339193938df0345dd4dd9617e92df150/cgroup.procs
(00.110632) cg: Dumping value  from /proc/self/fd/18/docker/cc822f6bd3abca647ffe620337a92f50339193938df0345dd4dd9617e92df150/tasks
(00.138237) cg: adding cgroup /proc/self/fd/18/docker/cc822f6bd3abca647ffe620337a92f50339193938df0345dd4dd9617e92df150
(00.138290) cg: Dumping value c 1:5 rwm
c 1:3 rwm
c 1:9 rwm
c 1:8 rwm
c 5:0 rwm
c 5:1 rwm
c *:* m
b *:* m
c 1:7 rwm
c 136:* rwm
c 5:2 rwm
c 10:200 rwm from /proc/self/fd/18/docker/cc822f6bd3abca647ffe620337a92f50339193938df0345dd4dd9617e92df150/devices.list
(00.138314) cg: Dumping value 0 from /proc/self/fd/18/docker/cc822f6bd3abca647ffe620337a92f50339193938df0345dd4dd9617e92df150/cgroup.clone_children
(00.138333) cg: Dumping value 0 from /proc/self/fd/18/docker/cc822f6bd3abca647ffe620337a92f50339193938df0345dd4dd9617e92df150/notify_on_release
(00.138349) cg: Dumping value  from /proc/self/fd/18/docker/cc822f6bd3abca647ffe620337a92f50339193938df0345dd4dd9617e92df150/cgroup.procs
(00.138365) cg: Dumping value  from /proc/self/fd/18/docker/cc822f6bd3abca647ffe620337a92f50339193938df0345dd4dd9617e92df150/tasks
(00.162139) cg: adding cgroup /proc/self/fd/18/docker/cc822f6bd3abca647ffe620337a92f50339193938df0345dd4dd9617e92df150
(00.162181) cg: Dumping value 0 from /proc/self/fd/18/docker/cc822f6bd3abca647ffe620337a92f50339193938df0345dd4dd9617e92df150/cgroup.clone_children
(00.162201) cg: Dumping value 0 from /proc/self/fd/18/docker/cc822f6bd3abca647ffe620337a92f50339193938df0345dd4dd9617e92df150/notify_on_release
(00.162218) cg: Dumping value  from /proc/self/fd/18/docker/cc822f6bd3abca647ffe620337a92f50339193938df0345dd4dd9617e92df150/cgroup.procs
(00.162234) cg: Dumping value  from /proc/self/fd/18/docker/cc822f6bd3abca647ffe620337a92f50339193938df0345dd4dd9617e92df150/tasks
(00.190292) cg: adding cgroup /proc/self/fd/18/docker/cc822f6bd3abca647ffe620337a92f50339193938df0345dd4dd9617e92df150
(00.190340) cg: Dumping value 0 from /proc/self/fd/18/docker/cc822f6bd3abca647ffe620337a92f50339193938df0345dd4dd9617e92df150/cgroup.clone_children
(00.190363) cg: Dumping value 0 from /proc/self/fd/18/docker/cc822f6bd3abca647ffe620337a92f50339193938df0345dd4dd9617e92df150/notify_on_release
(00.190381) cg: Dumping value  from /proc/self/fd/18/docker/cc822f6bd3abca647ffe620337a92f50339193938df0345dd4dd9617e92df150/cgroup.procs
(00.190398) cg: Dumping value  from /proc/self/fd/18/docker/cc822f6bd3abca647ffe620337a92f50339193938df0345dd4dd9617e92df150/tasks
(00.210544) cg: adding cgroup /proc/self/fd/18/docker/cc822f6bd3abca647ffe620337a92f50339193938df0345dd4dd9617e92df150
(00.210647) cg: Dumping value 9223372036854771712 from /proc/self/fd/18/docker/cc822f6bd3abca647ffe620337a92f50339193938df0345dd4dd9617e92df150/memory.limit_in_bytes
(00.210677) cg: Couldn't open /proc/self/fd/18/docker/cc822f6bd3abca647ffe620337a92f50339193938df0345dd4dd9617e92df150/memory.memsw.limit_in_bytes. This cgroup property may not exist on this kernel
(00.210732) cg: Dumping value 60 from /proc/self/fd/18/docker/cc822f6bd3abca647ffe620337a92f50339193938df0345dd4dd9617e92df150/memory.swappiness
(00.210785) cg: Dumping value 9223372036854771712 from /proc/self/fd/18/docker/cc822f6bd3abca647ffe620337a92f50339193938df0345dd4dd9617e92df150/memory.soft_limit_in_bytes
(00.210836) cg: Dumping value 0 from /proc/self/fd/18/docker/cc822f6bd3abca647ffe620337a92f50339193938df0345dd4dd9617e92df150/memory.move_charge_at_immigrate
(00.210897) cg: Dumping value 0 from /proc/self/fd/18/docker/cc822f6bd3abca647ffe620337a92f50339193938df0345dd4dd9617e92df150/memory.oom_control
(00.210949) cg: Dumping value 1 from /proc/self/fd/18/docker/cc822f6bd3abca647ffe620337a92f50339193938df0345dd4dd9617e92df150/memory.use_hierarchy
(00.211001) cg: Dumping value 9223372036854771712 from /proc/self/fd/18/docker/cc822f6bd3abca647ffe620337a92f50339193938df0345dd4dd9617e92df150/memory.kmem.limit_in_bytes
(00.211078) cg: Dumping value 9223372036854771712 from /proc/self/fd/18/docker/cc822f6bd3abca647ffe620337a92f50339193938df0345dd4dd9617e92df150/memory.kmem.tcp.limit_in_bytes
(00.211131) cg: Dumping value 0 from /proc/self/fd/18/docker/cc822f6bd3abca647ffe620337a92f50339193938df0345dd4dd9617e92df150/cgroup.clone_children
(00.211187) cg: Dumping value 0 from /proc/self/fd/18/docker/cc822f6bd3abca647ffe620337a92f50339193938df0345dd4dd9617e92df150/notify_on_release
(00.211235) cg: Dumping value  from /proc/self/fd/18/docker/cc822f6bd3abca647ffe620337a92f50339193938df0345dd4dd9617e92df150/cgroup.procs
(00.211281) cg: Dumping value  from /proc/self/fd/18/docker/cc822f6bd3abca647ffe620337a92f50339193938df0345dd4dd9617e92df150/tasks
(00.245667) cg: adding cgroup /proc/self/fd/18/docker/cc822f6bd3abca647ffe620337a92f50339193938df0345dd4dd9617e92df150
(00.245766) cg: Dumping value 0 from /proc/self/fd/18/docker/cc822f6bd3abca647ffe620337a92f50339193938df0345dd4dd9617e92df150/cgroup.clone_children
(00.245825) cg: Dumping value 0 from /proc/self/fd/18/docker/cc822f6bd3abca647ffe620337a92f50339193938df0345dd4dd9617e92df150/notify_on_release
(00.246018) cg: Dumping value  from /proc/self/fd/18/docker/cc822f6bd3abca647ffe620337a92f50339193938df0345dd4dd9617e92df150/cgroup.procs
(00.246076) cg: Dumping value  from /proc/self/fd/18/docker/cc822f6bd3abca647ffe620337a92f50339193938df0345dd4dd9617e92df150/tasks
(00.266438) cg: adding cgroup /proc/self/fd/18/docker/cc822f6bd3abca647ffe620337a92f50339193938df0345dd4dd9617e92df150
(00.266532) cg: Dumping value 0 from /proc/self/fd/18/docker/cc822f6bd3abca647ffe620337a92f50339193938df0345dd4dd9617e92df150/net_cls.classid
(00.266589) cg: Dumping value 0 from /proc/self/fd/18/docker/cc822f6bd3abca647ffe620337a92f50339193938df0345dd4dd9617e92df150/cgroup.clone_children
(00.266642) cg: Dumping value 0 from /proc/self/fd/18/docker/cc822f6bd3abca647ffe620337a92f50339193938df0345dd4dd9617e92df150/notify_on_release
(00.266689) cg: Dumping value  from /proc/self/fd/18/docker/cc822f6bd3abca647ffe620337a92f50339193938df0345dd4dd9617e92df150/cgroup.procs
(00.266735) cg: Dumping value  from /proc/self/fd/18/docker/cc822f6bd3abca647ffe620337a92f50339193938df0345dd4dd9617e92df150/tasks
(00.266792) cg: Dumping value lo 0
ens33 0
docker0 0
veth9c7bbd4 0 from /proc/self/fd/18/docker/cc822f6bd3abca647ffe620337a92f50339193938df0345dd4dd9617e92df150/net_prio.ifpriomap
(00.266840) cg: Dumping value 0 from /proc/self/fd/18/docker/cc822f6bd3abca647ffe620337a92f50339193938df0345dd4dd9617e92df150/cgroup.clone_children
(00.266887) cg: Dumping value 0 from /proc/self/fd/18/docker/cc822f6bd3abca647ffe620337a92f50339193938df0345dd4dd9617e92df150/notify_on_release
(00.266930) cg: Dumping value  from /proc/self/fd/18/docker/cc822f6bd3abca647ffe620337a92f50339193938df0345dd4dd9617e92df150/cgroup.procs
(00.266972) cg: Dumping value  from /proc/self/fd/18/docker/cc822f6bd3abca647ffe620337a92f50339193938df0345dd4dd9617e92df150/tasks
(00.286311) cg: adding cgroup /proc/self/fd/18/docker/cc822f6bd3abca647ffe620337a92f50339193938df0345dd4dd9617e92df150
(00.286407) cg: Dumping value 0 from /proc/self/fd/18/docker/cc822f6bd3abca647ffe620337a92f50339193938df0345dd4dd9617e92df150/cgroup.clone_children
(00.286464) cg: Dumping value 0 from /proc/self/fd/18/docker/cc822f6bd3abca647ffe620337a92f50339193938df0345dd4dd9617e92df150/notify_on_release
(00.286512) cg: Dumping value  from /proc/self/fd/18/docker/cc822f6bd3abca647ffe620337a92f50339193938df0345dd4dd9617e92df150/cgroup.procs
(00.286558) cg: Dumping value  from /proc/self/fd/18/docker/cc822f6bd3abca647ffe620337a92f50339193938df0345dd4dd9617e92df150/tasks
(00.306197) cg: adding cgroup /proc/self/fd/18/docker/cc822f6bd3abca647ffe620337a92f50339193938df0345dd4dd9617e92df150
(00.306261) cg: Dumping value max from /proc/self/fd/18/docker/cc822f6bd3abca647ffe620337a92f50339193938df0345dd4dd9617e92df150/pids.max
(00.306354) cg: Dumping value 0 from /proc/self/fd/18/docker/cc822f6bd3abca647ffe620337a92f50339193938df0345dd4dd9617e92df150/cgroup.clone_children
(00.306420) cg: Dumping value 0 from /proc/self/fd/18/docker/cc822f6bd3abca647ffe620337a92f50339193938df0345dd4dd9617e92df150/notify_on_release
(00.306453) cg: Dumping value  from /proc/self/fd/18/docker/cc822f6bd3abca647ffe620337a92f50339193938df0345dd4dd9617e92df150/cgroup.procs
(00.306485) cg: Dumping value  from /proc/self/fd/18/docker/cc822f6bd3abca647ffe620337a92f50339193938df0345dd4dd9617e92df150/tasks
(00.322168) cg: adding cgroup /proc/self/fd/18
(00.322212) cg: Dumping value 0 from /proc/self/fd/18/cgroup.clone_children
(00.322238) cg: Dumping value 0 from /proc/self/fd/18/notify_on_release
(00.322260) cg: Dumping value  from /proc/self/fd/18/cgroup.procs
(00.322281) cg: Dumping value  from /proc/self/fd/18/tasks
(00.322326) cg: Set 2 is root one
(00.322408) ----------------------------------------
(00.322453) Waiting for 3438 to trap
(00.322548) Daemon 3438 exited trapping
(00.322564) Sent msg to daemon 3 0 0
(00.322574) Force no-breakpoints restore
(00.322728) 3438 was trapped
(00.322744) 3438 (native) is going to execute the syscall 45, required is 15
(00.322905) 3438 was trapped
(00.322918) `- Expecting exit
(00.323079) 3438 was trapped
(00.323095) 3438 (native) is going to execute the syscall 186, required is 15
(00.323252) 3438 was trapped
(00.323265) `- Expecting exit
(00.323423) 3438 was trapped
(00.323440) 3438 (native) is going to execute the syscall 1, required is 15
pie: 1: __fetched msg: 3 0 0
(00.323536) 3438 was trapped
(00.323544) `- Expecting exit
(00.323622) 3438 was trapped
(00.323632) 3438 (native) is going to execute the syscall 186, required is 15
(00.323692) 3438 was trapped
(00.323698) `- Expecting exit
(00.323797) 3438 was trapped
(00.323808) 3438 (native) is going to execute the syscall 186, required is 15
(00.323865) 3438 was trapped
(00.323872) `- Expecting exit
(00.323942) 3438 was trapped
(00.323952) 3438 (native) is going to execute the syscall 1, required is 15
pie: 1: 1: new_sp=0x7f3709311008 ip 0x453783
(00.324026) 3438 was trapped
(00.324034) `- Expecting exit
(00.324102) 3438 was trapped
(00.324111) 3438 (native) is going to execute the syscall 3, required is 15
(00.324189) 3438 was trapped
(00.324196) `- Expecting exit
(00.324263) 3438 was trapped
(00.324273) 3438 (native) is going to execute the syscall 3, required is 15
(00.324340) 3438 was trapped
(00.324347) `- Expecting exit
(00.324413) 3438 was trapped
(00.324423) 3438 (native) is going to execute the syscall 15, required is 15
(00.324505) 3438 was stopped
(00.324516) 
(00.324519) Dumping core for thread (pid: 3492)
(00.324522) ----------------------------------------
(00.324525) Dumping general registers for 3492 in native mode
(00.324528) Warn  (compel/arch/x86/src/lib/infect.c:280): Will restore 3492 with interrupted system call
(00.324531) Dumping GP/FPU registers for 3492
(00.324726) 3492 has lsm profile docker-default
(00.324735) 3492 has 0 sched policy
(00.324739) 	dumping 0 nice for 3492
(00.324803) ----------------------------------------
(00.324807) 
(00.324810) Dumping core for thread (pid: 3493)
(00.324812) ----------------------------------------
(00.324815) Dumping general registers for 3493 in native mode
(00.324818) Dumping GP/FPU registers for 3493
(00.324983) 3493 has lsm profile docker-default
(00.324992) 3493 has 0 sched policy
(00.324995) 	dumping 0 nice for 3493
(00.325036) ----------------------------------------
(00.325040) 
(00.325042) Dumping core for thread (pid: 3494)
(00.325045) ----------------------------------------
(00.325048) Dumping general registers for 3494 in native mode
(00.325050) Dumping GP/FPU registers for 3494
(00.325323) 3494 has lsm profile docker-default
(00.325336) 3494 has 0 sched policy
(00.325341) 	dumping 0 nice for 3494
(00.325392) ----------------------------------------
(00.325396) 
(00.325398) Dumping core for thread (pid: 3495)
(00.325401) ----------------------------------------
(00.325404) Dumping general registers for 3495 in native mode
(00.325407) Dumping GP/FPU registers for 3495
(00.325671) 3495 has lsm profile docker-default
(00.325684) 3495 has 0 sched policy
(00.325688) 	dumping 0 nice for 3495
(00.325735) ----------------------------------------
(00.325869) 
(00.325877) Dumping mm (pid: 3438)
(00.325880) ----------------------------------------
(00.325883) 0x400000-0x48a000 (552K) prot 0x5 flags 0x2 fdflags 0 st 0x41 off 0 reg fp  shmid: 0x1
(00.325889) 0x48a000-0x547000 (756K) prot 0x1 flags 0x2 fdflags 0 st 0x41 off 0x8a000 reg fp  shmid: 0x1
(00.325893) 0x547000-0x55b000 (80K) prot 0x3 flags 0x2 fdflags 0 st 0x41 off 0x147000 reg fp  shmid: 0x1
(00.325896) 0x55b000-0x579000 (120K) prot 0x3 flags 0x22 fdflags 0 st 0x201 off 0 reg ap  shmid: 0
(00.325900) 0xc000000000-0xc004000000 (65536K) prot 0x3 flags 0x22 fdflags 0 st 0x201 off 0 reg ap  shmid: 0
(00.325903) 0x7f9633e5b000-0x7f963610c000 (35524K) prot 0x3 flags 0x22 fdflags 0 st 0x201 off 0 reg ap  shmid: 0
(00.325906) 0x7ffc26189000-0x7ffc261aa000 (132K) prot 0x3 flags 0x122 fdflags 0 st 0x201 off 0 reg ap  shmid: 0
(00.325909) 0x7ffc261bb000-0x7ffc261be000 (12K) prot 0x1 flags 0x22 fdflags 0 st 0x1201 off 0 reg vvar ap  shmid: 0
(00.325913) 0x7ffc261be000-0x7ffc261c0000 (8K) prot 0x5 flags 0x22 fdflags 0 st 0x209 off 0 reg vdso ap  shmid: 0
(00.325916) 0xffffffffff600000-0xffffffffff601000 (4K) prot 0x5 flags 0x22 fdflags 0 st 0x204 off 0 vsys ap  shmid: 0
(00.325919) Obtaining task auvx ...
(00.326033) Dumping path for -3 fd via self 19 [/go/src/time]
(00.326076) Dumping path for -3 fd via self 19 [/]
(00.326086) Dumping task cwd id 0x5 root id 0x6
(00.326142) mnt: Dumping mountpoints
(00.326146) mnt: 	929: 3f:/ @ ./sys/firmware
(00.330392) mnt: 	928: 28:/ @ ./sys/fs/cgroup/perf_event
(00.330407) mnt: 	927: 27:/ @ ./sys/fs/cgroup/net_cls,net_prio
(00.330412) mnt: 	926: 26:/user.slice/user-1000.slice/user@1000.service @ ./sys/fs/cgroup/pids
(00.330416) mnt: 	925: 25:/user.slice @ ./sys/fs/cgroup/devices
(00.330420) mnt: 	924: 24:/ @ ./sys/fs/cgroup/cpuset
(00.330423) mnt: 	923: 23:/ @ ./sys/fs/cgroup/blkio
(00.330427) mnt: 	922: 22:/ @ ./sys/fs/cgroup/cpu,cpuacct
(00.330430) mnt: 	921: 21:/ @ ./sys/fs/cgroup/freezer
(00.330433) mnt: 	920: 20:/ @ ./sys/fs/cgroup/rdma
(00.330436) mnt: 	919: 1f:/ @ ./sys/fs/cgroup/memory
(00.330440) mnt: 	918: 1e:/ @ ./sys/fs/cgroup/hugetlb
(00.330443) mnt: 	917: 1c:/user.slice/user-1000.slice/user@1000.service/gnome-terminal-server.service @ ./sys/fs/cgroup/systemd
(00.330446) mnt: 	916: 3e:/ @ ./sys/fs/cgroup
(00.330449) mnt: Mount is not fully visible ./sys/fs/cgroup
(00.330493) mnt: 	mount has children ./sys/fs/cgroup
(00.354401) mnt: 	915: 3d:/ @ ./sys
(00.354419) mnt: 	914: 36:/ @ ./dev/shm
(00.354424) mnt: 	913: 38:/ @ ./dev/mqueue
(00.354468) mnt: 	912: 3c:/ @ ./dev/pts
(00.354473) mnt: 	911: 3b:/ @ ./dev
(00.354476) mnt: Mount is not fully visible ./dev
(00.354508) mnt: 	mount has children ./dev
(00.379915) mnt: 	910: 6:/null @ ./proc/sched_debug
(00.379942) mnt: 	909: 6:/null @ ./proc/timer_list
(00.379948) mnt: 	908: 6:/null @ ./proc/kcore
(00.379954) mnt: 	907: 39:/sysrq-trigger @ ./proc/sysrq-trigger
(00.379961) mnt: 	906: 39:/sys @ ./proc/sys
(00.379966) mnt: 	905: 39:/irq @ ./proc/irq
(00.379971) mnt: 	904: 39:/fs @ ./proc/fs
(00.379975) mnt: 	903: 39:/bus @ ./proc/bus
(00.379980) mnt: 	902: 39:/asound @ ./proc/asound
(00.379985) mnt: 	901: 39:/ @ ./proc
(00.379990) mnt: 	900: 800001:/var/lib/docker/containers/cc822f6bd3abca647ffe620337a92f50339193938df0345dd4dd9617e92df150/hosts @ ./etc/hosts
(00.379996) mnt: 	899: 800001:/var/lib/docker/containers/cc822f6bd3abca647ffe620337a92f50339193938df0345dd4dd9617e92df150/hostname @ ./etc/hostname
(00.380001) mnt: 	898: 800001:/var/lib/docker/containers/cc822f6bd3abca647ffe620337a92f50339193938df0345dd4dd9617e92df150/resolv.conf @ ./etc/resolv.conf
(00.380006) mnt: 	897: 33:/ @ ./
(00.380038) Dumping file-locks
(00.380056) 
(00.380060) Dumping pstree (pid: 3438)
(00.380064) ----------------------------------------
(00.380073) Process: 1(3438)
(00.380115) ----------------------------------------
(00.380131) Dumping 1(3438)'s namespaces
(00.380685) Dump IPC namespace 10 via 3438
(00.380810) Dump UTS namespace 11 via 3438
(00.380851) Dump NET namespace info 9 via 3438
(00.380993) IPC shared memory segments: 0
(00.381010) IPC message queues: 0
(00.381017) IPC semaphore sets: 0
(00.381379) Mount ns' sysfs in crtools-sys.EEXcMt
(00.398351) Dumping netns links
(00.399267) Dumping netns links
(00.414843) Namespaces dump complete
(00.414912) cg: Dumping 1 sets
(00.414947) cg:    `- Dumping blkio of /docker/cc822f6bd3abca647ffe620337a92f50339193938df0345dd4dd9617e92df150
(00.414956) cg:    `- Dumping cpu,cpuacct of /docker/cc822f6bd3abca647ffe620337a92f50339193938df0345dd4dd9617e92df150
(00.414963) cg:    `- Dumping cpuset of /docker/cc822f6bd3abca647ffe620337a92f50339193938df0345dd4dd9617e92df150
(00.414969) cg:    `- Dumping devices of /docker/cc822f6bd3abca647ffe620337a92f50339193938df0345dd4dd9617e92df150
(00.414976) cg:    `- Dumping freezer of /docker/cc822f6bd3abca647ffe620337a92f50339193938df0345dd4dd9617e92df150
(00.414983) cg:    `- Dumping hugetlb of /docker/cc822f6bd3abca647ffe620337a92f50339193938df0345dd4dd9617e92df150
(00.414990) cg:    `- Dumping memory of /docker/cc822f6bd3abca647ffe620337a92f50339193938df0345dd4dd9617e92df150
(00.414996) cg:    `- Dumping name=systemd of /docker/cc822f6bd3abca647ffe620337a92f50339193938df0345dd4dd9617e92df150
(00.415002) cg:    `- Dumping net_cls,net_prio of /docker/cc822f6bd3abca647ffe620337a92f50339193938df0345dd4dd9617e92df150
(00.415009) cg:    `- Dumping perf_event of /docker/cc822f6bd3abca647ffe620337a92f50339193938df0345dd4dd9617e92df150
(00.415015) cg:    `- Dumping pids of /docker/cc822f6bd3abca647ffe620337a92f50339193938df0345dd4dd9617e92df150
(00.415022) cg:    `- Dumping rdma of /
(00.415117) cg: Writing CG image
(00.415365) unix: Dumping external sockets
(00.415376) Writing image inventory (version 1)
(00.415576) Running post-dump scripts
(00.415585) 	RPC
(00.416221) Unfreezing tasks into 2
(00.416254) 	Unseizing 3438 into 2
(00.458917) Writing stats
(00.459089) Dumping finished successfully
