(00.000000) Unable to get $HOME directory, local configuration file will not be used.(00.000000) files stat: fs/file-max 93280, fs/nr_open 1048576
(00.000000) rlimit: RLIMIT_NOFILE unlimited for self
(00.000045) Warn  (criu/log.c:203): The early log isn't empty
(00.000055) Version: 3.11 (gitid v3.11-230-ga284d197)
(00.000058) Running on ubuntu Linux 4.18.0-18-generic #19~18.04.1-Ubuntu SMP Fri Apr 5 10:22:13 UTC 2019 x86_64
(00.000066) Loaded kdat cache from /run/criu.kdat
(00.000090) Will dump/restore TCP connections
(00.000153) cpu: x86_family 6 x86_vendor_id GenuineIntel x86_model_id Intel(R) Core(TM) i5-6300HQ CPU @ 2.30GHz
(00.000160) cpu: fpu: xfeatures_mask 0x15 xsave_size 1088 xsave_size_max 1088 xsaves_size 960
(00.000175) cpu: fpu: x87 floating point registers     xstate_offsets      0 / 0      xstate_sizes    160 / 160   
(00.000178) cpu: fpu: AVX registers                    xstate_offsets    576 / 576    xstate_sizes    256 / 256   
(00.000180) cpu: fpu: MPX CSR                          xstate_offsets   1024 / 832    xstate_sizes     64 / 64    
(00.000182) cpu: fpu:1 fxsr:1 xsave:1 xsaveopt:1 xsavec:1 xgetbv1:0 xsaves:1
(00.000205) kernel pid_max=131072
(00.000207) Reading image tree
(00.000224) Add mnt ns 12 pid 1
(00.000228) Add net ns 9 pid 1
(00.000232) pstree pid_max=1
(00.000236) Will restore in 6c020000 namespaces
(00.000238) NS mask to use 6c020000
(00.000266) Collecting 37/54 (flags 2)
(00.000275) Collected [go/src/time/time] ID 0x1
(00.000279) Collected pipe entry ID 0x2 PIPE ID 0xb7ec
(00.000285) Found id pipe:[47084] (fd 1) in inherit fd list
(00.000289) Collected pipe entry ID 0x3 PIPE ID 0xb7ed
(00.000292) Found id pipe:[47085] (fd 2) in inherit fd list
(00.000297) Collected pipe entry ID 0x4 PIPE ID 0xb7ee
(00.000301) Found id pipe:[47086] (fd 9) in inherit fd list
(00.000304) Collected [go/src/time] ID 0x5
(00.000306) Collected [.] ID 0x6
(00.000309)  `- ... done
(00.000311) Collecting 43/63 (flags 0)
(00.000317) No remap-fpath.img image
(00.000319)  `- ... done
(00.000368) cg: rewriting docker/cc822f6bd3abca647ffe620337a92f50339193938df0345dd4dd9617e92df150 to /docker/236f942caf3a6b6ecebde0bcfab4d0da1da7e7a9581d432d379e746f4a585925
(00.000374) cg: rewriting docker/cc822f6bd3abca647ffe620337a92f50339193938df0345dd4dd9617e92df150 to /docker/236f942caf3a6b6ecebde0bcfab4d0da1da7e7a9581d432d379e746f4a585925
(00.000377) cg: rewriting docker/cc822f6bd3abca647ffe620337a92f50339193938df0345dd4dd9617e92df150 to /docker/236f942caf3a6b6ecebde0bcfab4d0da1da7e7a9581d432d379e746f4a585925
(00.000380) cg: rewriting docker/cc822f6bd3abca647ffe620337a92f50339193938df0345dd4dd9617e92df150 to /docker/236f942caf3a6b6ecebde0bcfab4d0da1da7e7a9581d432d379e746f4a585925
(00.000383) cg: rewriting docker/cc822f6bd3abca647ffe620337a92f50339193938df0345dd4dd9617e92df150 to /docker/236f942caf3a6b6ecebde0bcfab4d0da1da7e7a9581d432d379e746f4a585925
(00.000386) cg: rewriting docker/cc822f6bd3abca647ffe620337a92f50339193938df0345dd4dd9617e92df150 to /docker/236f942caf3a6b6ecebde0bcfab4d0da1da7e7a9581d432d379e746f4a585925
(00.000389) cg: rewriting docker/cc822f6bd3abca647ffe620337a92f50339193938df0345dd4dd9617e92df150 to /docker/236f942caf3a6b6ecebde0bcfab4d0da1da7e7a9581d432d379e746f4a585925
(00.000392) cg: rewriting docker/cc822f6bd3abca647ffe620337a92f50339193938df0345dd4dd9617e92df150 to /docker/236f942caf3a6b6ecebde0bcfab4d0da1da7e7a9581d432d379e746f4a585925
(00.000395) cg: rewriting  to /
(00.000397) cg: rewriting docker/cc822f6bd3abca647ffe620337a92f50339193938df0345dd4dd9617e92df150 to /docker/236f942caf3a6b6ecebde0bcfab4d0da1da7e7a9581d432d379e746f4a585925
(00.000400) cg: rewriting docker/cc822f6bd3abca647ffe620337a92f50339193938df0345dd4dd9617e92df150 to /docker/236f942caf3a6b6ecebde0bcfab4d0da1da7e7a9581d432d379e746f4a585925
(00.000402) cg: rewriting docker/cc822f6bd3abca647ffe620337a92f50339193938df0345dd4dd9617e92df150 to /docker/236f942caf3a6b6ecebde0bcfab4d0da1da7e7a9581d432d379e746f4a585925
(00.000405) cg: Preparing cgroups yard (cgroups restore mode 0x4)
(00.000568) cg: Opening .criu.cgyard.gq7Jvz as cg yard
(00.000580) cg: 	Making controller dir .criu.cgyard.gq7Jvz/perf_event (perf_event)
(00.000693) cg: Determined cgroup dir perf_event//docker/236f942caf3a6b6ecebde0bcfab4d0da1da7e7a9581d432d379e746f4a585925 already exist
(00.000696) cg: Skip restoring properties on cgroup dir perf_event//docker/236f942caf3a6b6ecebde0bcfab4d0da1da7e7a9581d432d379e746f4a585925
(00.000705) cg: 	Making controller dir .criu.cgyard.gq7Jvz/net_cls,net_prio (net_cls,net_prio)
(00.000792) cg: Determined cgroup dir net_cls,net_prio//docker/236f942caf3a6b6ecebde0bcfab4d0da1da7e7a9581d432d379e746f4a585925 already exist
(00.000795) cg: Skip restoring properties on cgroup dir net_cls,net_prio//docker/236f942caf3a6b6ecebde0bcfab4d0da1da7e7a9581d432d379e746f4a585925
(00.000802) cg: 	Making controller dir .criu.cgyard.gq7Jvz/pids (pids)
(00.000889) cg: Determined cgroup dir pids//docker/236f942caf3a6b6ecebde0bcfab4d0da1da7e7a9581d432d379e746f4a585925 already exist
(00.000891) cg: Skip restoring properties on cgroup dir pids//docker/236f942caf3a6b6ecebde0bcfab4d0da1da7e7a9581d432d379e746f4a585925
(00.000899) cg: 	Making controller dir .criu.cgyard.gq7Jvz/devices (devices)
(00.000986) cg: Determined cgroup dir devices//docker/236f942caf3a6b6ecebde0bcfab4d0da1da7e7a9581d432d379e746f4a585925 already exist
(00.000988) cg: Skip restoring properties on cgroup dir devices//docker/236f942caf3a6b6ecebde0bcfab4d0da1da7e7a9581d432d379e746f4a585925
(00.000995) cg: 	Making controller dir .criu.cgyard.gq7Jvz/cpuset (cpuset)
(00.001080) cg: Determined cgroup dir cpuset//docker/236f942caf3a6b6ecebde0bcfab4d0da1da7e7a9581d432d379e746f4a585925 already exist
(00.001083) cg: Skip restoring properties on cgroup dir cpuset//docker/236f942caf3a6b6ecebde0bcfab4d0da1da7e7a9581d432d379e746f4a585925
(00.001090) cg: 	Making controller dir .criu.cgyard.gq7Jvz/blkio (blkio)
(00.001186) cg: Determined cgroup dir blkio//docker/236f942caf3a6b6ecebde0bcfab4d0da1da7e7a9581d432d379e746f4a585925 already exist
(00.001188) cg: Skip restoring properties on cgroup dir blkio//docker/236f942caf3a6b6ecebde0bcfab4d0da1da7e7a9581d432d379e746f4a585925
(00.001195) cg: 	Making controller dir .criu.cgyard.gq7Jvz/cpu,cpuacct (cpu,cpuacct)
(00.001347) cg: Determined cgroup dir cpu,cpuacct//docker/236f942caf3a6b6ecebde0bcfab4d0da1da7e7a9581d432d379e746f4a585925 already exist
(00.001349) cg: Skip restoring properties on cgroup dir cpu,cpuacct//docker/236f942caf3a6b6ecebde0bcfab4d0da1da7e7a9581d432d379e746f4a585925
(00.001356) cg: 	Making controller dir .criu.cgyard.gq7Jvz/freezer (freezer)
(00.001471) cg: Determined cgroup dir freezer//docker/236f942caf3a6b6ecebde0bcfab4d0da1da7e7a9581d432d379e746f4a585925 already exist
(00.001473) cg: Skip restoring properties on cgroup dir freezer//docker/236f942caf3a6b6ecebde0bcfab4d0da1da7e7a9581d432d379e746f4a585925
(00.001479) cg: 	Making controller dir .criu.cgyard.gq7Jvz/rdma (rdma)
(00.001679) cg: Determined cgroup dir rdma// already exist
(00.001682) cg: Skip restoring properties on cgroup dir rdma//
(00.001690) cg: 	Making controller dir .criu.cgyard.gq7Jvz/memory (memory)
(00.001792) cg: Determined cgroup dir memory//docker/236f942caf3a6b6ecebde0bcfab4d0da1da7e7a9581d432d379e746f4a585925 already exist
(00.001796) cg: Skip restoring properties on cgroup dir memory//docker/236f942caf3a6b6ecebde0bcfab4d0da1da7e7a9581d432d379e746f4a585925
(00.001805) cg: 	Making controller dir .criu.cgyard.gq7Jvz/hugetlb (hugetlb)
(00.001895) cg: Determined cgroup dir hugetlb//docker/236f942caf3a6b6ecebde0bcfab4d0da1da7e7a9581d432d379e746f4a585925 already exist
(00.001898) cg: Skip restoring properties on cgroup dir hugetlb//docker/236f942caf3a6b6ecebde0bcfab4d0da1da7e7a9581d432d379e746f4a585925
(00.001905) cg: 	Making controller dir .criu.cgyard.gq7Jvz/systemd (none,name=systemd)
(00.002027) cg: Determined cgroup dir systemd//docker/236f942caf3a6b6ecebde0bcfab4d0da1da7e7a9581d432d379e746f4a585925 already exist
(00.002029) cg: Skip restoring properties on cgroup dir systemd//docker/236f942caf3a6b6ecebde0bcfab4d0da1da7e7a9581d432d379e746f4a585925
(00.002038) Running pre-restore scripts
(00.002040) 	RPC
(00.027005) Saved netns fd for links restore
(00.027814) mnt: Reading mountpoint images (id 12 pid 1)
(00.027840) mnt: 		Will mount 929 from /
(00.027845) mnt: 		Will mount 929 @ /tmp/.criu.mntns.wHSji8/12-0000000000/sys/firmware
(00.027847) mnt: 	Read 929 mp @ /tmp/.criu.mntns.wHSji8/12-0000000000/sys/firmware
(00.027852) mnt: 		Will mount 928 from /sys/fs/cgroup/perf_event (E)
(00.027854) mnt: 		Will mount 928 @ /tmp/.criu.mntns.wHSji8/12-0000000000/sys/fs/cgroup/perf_event
(00.027856) mnt: 	Read 928 mp @ /tmp/.criu.mntns.wHSji8/12-0000000000/sys/fs/cgroup/perf_event
(00.027859) mnt: 		Will mount 927 from /sys/fs/cgroup/net_cls,net_prio (E)
(00.027861) mnt: 		Will mount 927 @ /tmp/.criu.mntns.wHSji8/12-0000000000/sys/fs/cgroup/net_cls,net_prio
(00.027863) mnt: 	Read 927 mp @ /tmp/.criu.mntns.wHSji8/12-0000000000/sys/fs/cgroup/net_cls,net_prio
(00.027867) mnt: 		Will mount 926 from /sys/fs/cgroup/pids/system.slice/docker.service (E)
(00.027869) mnt: 		Will mount 926 @ /tmp/.criu.mntns.wHSji8/12-0000000000/sys/fs/cgroup/pids
(00.027870) mnt: 	Read 926 mp @ /tmp/.criu.mntns.wHSji8/12-0000000000/sys/fs/cgroup/pids
(00.027873) mnt: 		Will mount 925 from /sys/fs/cgroup/devices/system.slice/docker.service (E)
(00.027875) mnt: 		Will mount 925 @ /tmp/.criu.mntns.wHSji8/12-0000000000/sys/fs/cgroup/devices
(00.027877) mnt: 	Read 925 mp @ /tmp/.criu.mntns.wHSji8/12-0000000000/sys/fs/cgroup/devices
(00.027885) mnt: 		Will mount 924 from /sys/fs/cgroup/cpuset (E)
(00.027887) mnt: 		Will mount 924 @ /tmp/.criu.mntns.wHSji8/12-0000000000/sys/fs/cgroup/cpuset
(00.027889) mnt: 	Read 924 mp @ /tmp/.criu.mntns.wHSji8/12-0000000000/sys/fs/cgroup/cpuset
(00.027892) mnt: 		Will mount 923 from /sys/fs/cgroup/blkio (E)
(00.027894) mnt: 		Will mount 923 @ /tmp/.criu.mntns.wHSji8/12-0000000000/sys/fs/cgroup/blkio
(00.027896) mnt: 	Read 923 mp @ /tmp/.criu.mntns.wHSji8/12-0000000000/sys/fs/cgroup/blkio
(00.027899) mnt: 		Will mount 922 from /sys/fs/cgroup/cpu,cpuacct (E)
(00.027901) mnt: 		Will mount 922 @ /tmp/.criu.mntns.wHSji8/12-0000000000/sys/fs/cgroup/cpu,cpuacct
(00.027903) mnt: 	Read 922 mp @ /tmp/.criu.mntns.wHSji8/12-0000000000/sys/fs/cgroup/cpu,cpuacct
(00.027906) mnt: 		Will mount 921 from /sys/fs/cgroup/freezer (E)
(00.027908) mnt: 		Will mount 921 @ /tmp/.criu.mntns.wHSji8/12-0000000000/sys/fs/cgroup/freezer
(00.027910) mnt: 	Read 921 mp @ /tmp/.criu.mntns.wHSji8/12-0000000000/sys/fs/cgroup/freezer
(00.027913) mnt: 		Will mount 920 from /sys/fs/cgroup/rdma (E)
(00.027915) mnt: 		Will mount 920 @ /tmp/.criu.mntns.wHSji8/12-0000000000/sys/fs/cgroup/rdma
(00.027917) mnt: 	Read 920 mp @ /tmp/.criu.mntns.wHSji8/12-0000000000/sys/fs/cgroup/rdma
(00.027919) mnt: 		Will mount 919 from /sys/fs/cgroup/memory (E)
(00.027921) mnt: 		Will mount 919 @ /tmp/.criu.mntns.wHSji8/12-0000000000/sys/fs/cgroup/memory
(00.027923) mnt: 	Read 919 mp @ /tmp/.criu.mntns.wHSji8/12-0000000000/sys/fs/cgroup/memory
(00.027928) mnt: 		Will mount 918 from /sys/fs/cgroup/hugetlb (E)
(00.027930) mnt: 		Will mount 918 @ /tmp/.criu.mntns.wHSji8/12-0000000000/sys/fs/cgroup/hugetlb
(00.027932) mnt: 	Read 918 mp @ /tmp/.criu.mntns.wHSji8/12-0000000000/sys/fs/cgroup/hugetlb
(00.027935) mnt: 		Will mount 917 from /sys/fs/cgroup/systemd/system.slice/docker.service (E)
(00.027937) mnt: 		Will mount 917 @ /tmp/.criu.mntns.wHSji8/12-0000000000/sys/fs/cgroup/systemd
(00.027938) mnt: 	Read 917 mp @ /tmp/.criu.mntns.wHSji8/12-0000000000/sys/fs/cgroup/systemd
(00.027941) mnt: 		Will mount 916 from /
(00.027943) mnt: 		Will mount 916 @ /tmp/.criu.mntns.wHSji8/12-0000000000/sys/fs/cgroup
(00.027945) mnt: 	Read 916 mp @ /tmp/.criu.mntns.wHSji8/12-0000000000/sys/fs/cgroup
(00.027948) mnt: 		Will mount 915 from /
(00.027950) mnt: 		Will mount 915 @ /tmp/.criu.mntns.wHSji8/12-0000000000/sys
(00.027951) mnt: 	Read 915 mp @ /tmp/.criu.mntns.wHSji8/12-0000000000/sys
(00.027954) mnt: 		Will mount 914 from /var/lib/docker/containers/236f942caf3a6b6ecebde0bcfab4d0da1da7e7a9581d432d379e746f4a585925/shm (E)
(00.027956) mnt: 		Will mount 914 @ /tmp/.criu.mntns.wHSji8/12-0000000000/dev/shm
(00.027964) mnt: 	Read 914 mp @ /tmp/.criu.mntns.wHSji8/12-0000000000/dev/shm
(00.027971) mnt: 		Will mount 913 from /
(00.027974) mnt: 		Will mount 913 @ /tmp/.criu.mntns.wHSji8/12-0000000000/dev/mqueue
(00.027975) mnt: 	Read 913 mp @ /tmp/.criu.mntns.wHSji8/12-0000000000/dev/mqueue
(00.027978) mnt: 		Will mount 912 from /
(00.027980) mnt: 		Will mount 912 @ /tmp/.criu.mntns.wHSji8/12-0000000000/dev/pts
(00.027982) mnt: 	Read 912 mp @ /tmp/.criu.mntns.wHSji8/12-0000000000/dev/pts
(00.027985) mnt: 		Will mount 911 from /
(00.027987) mnt: 		Will mount 911 @ /tmp/.criu.mntns.wHSji8/12-0000000000/dev
(00.027988) mnt: 	Read 911 mp @ /tmp/.criu.mntns.wHSji8/12-0000000000/dev
(00.027991) mnt: 		Will mount 910 from /dev/null (E)
(00.027993) mnt: 		Will mount 910 @ /tmp/.criu.mntns.wHSji8/12-0000000000/proc/sched_debug
(00.027995) mnt: 	Read 910 mp @ /tmp/.criu.mntns.wHSji8/12-0000000000/proc/sched_debug
(00.027998) mnt: 		Will mount 909 from /dev/null (E)
(00.028000) mnt: 		Will mount 909 @ /tmp/.criu.mntns.wHSji8/12-0000000000/proc/timer_list
(00.028002) mnt: 	Read 909 mp @ /tmp/.criu.mntns.wHSji8/12-0000000000/proc/timer_list
(00.028006) mnt: 		Will mount 908 from /dev/null (E)
(00.028008) mnt: 		Will mount 908 @ /tmp/.criu.mntns.wHSji8/12-0000000000/proc/kcore
(00.028010) mnt: 	Read 908 mp @ /tmp/.criu.mntns.wHSji8/12-0000000000/proc/kcore
(00.028013) mnt: 		Will mount 907 from /sysrq-trigger
(00.028015) mnt: 		Will mount 907 @ /tmp/.criu.mntns.wHSji8/12-0000000000/proc/sysrq-trigger
(00.028017) mnt: 	Read 907 mp @ /tmp/.criu.mntns.wHSji8/12-0000000000/proc/sysrq-trigger
(00.028019) mnt: 		Will mount 906 from /sys
(00.028021) mnt: 		Will mount 906 @ /tmp/.criu.mntns.wHSji8/12-0000000000/proc/sys
(00.028023) mnt: 	Read 906 mp @ /tmp/.criu.mntns.wHSji8/12-0000000000/proc/sys
(00.028026) mnt: 		Will mount 905 from /irq
(00.028027) mnt: 		Will mount 905 @ /tmp/.criu.mntns.wHSji8/12-0000000000/proc/irq
(00.028029) mnt: 	Read 905 mp @ /tmp/.criu.mntns.wHSji8/12-0000000000/proc/irq
(00.028032) mnt: 		Will mount 904 from /fs
(00.028034) mnt: 		Will mount 904 @ /tmp/.criu.mntns.wHSji8/12-0000000000/proc/fs
(00.028036) mnt: 	Read 904 mp @ /tmp/.criu.mntns.wHSji8/12-0000000000/proc/fs
(00.028040) mnt: 		Will mount 903 from /bus
(00.028042) mnt: 		Will mount 903 @ /tmp/.criu.mntns.wHSji8/12-0000000000/proc/bus
(00.028043) mnt: 	Read 903 mp @ /tmp/.criu.mntns.wHSji8/12-0000000000/proc/bus
(00.028046) mnt: 		Will mount 902 from /asound
(00.028048) mnt: 		Will mount 902 @ /tmp/.criu.mntns.wHSji8/12-0000000000/proc/asound
(00.028050) mnt: 	Read 902 mp @ /tmp/.criu.mntns.wHSji8/12-0000000000/proc/asound
(00.028052) mnt: 		Will mount 901 from /
(00.028054) mnt: 		Will mount 901 @ /tmp/.criu.mntns.wHSji8/12-0000000000/proc
(00.028056) mnt: 	Read 901 mp @ /tmp/.criu.mntns.wHSji8/12-0000000000/proc
(00.028059) mnt: 		Will mount 900 from /var/lib/docker/containers/236f942caf3a6b6ecebde0bcfab4d0da1da7e7a9581d432d379e746f4a585925/hosts (E)
(00.028061) mnt: 		Will mount 900 @ /tmp/.criu.mntns.wHSji8/12-0000000000/etc/hosts
(00.028063) mnt: 	Read 900 mp @ /tmp/.criu.mntns.wHSji8/12-0000000000/etc/hosts
(00.028066) mnt: 		Will mount 899 from /var/lib/docker/containers/236f942caf3a6b6ecebde0bcfab4d0da1da7e7a9581d432d379e746f4a585925/hostname (E)
(00.028068) mnt: 		Will mount 899 @ /tmp/.criu.mntns.wHSji8/12-0000000000/etc/hostname
(00.028070) mnt: 	Read 899 mp @ /tmp/.criu.mntns.wHSji8/12-0000000000/etc/hostname
(00.028075) mnt: 		Will mount 898 from /var/lib/docker/containers/236f942caf3a6b6ecebde0bcfab4d0da1da7e7a9581d432d379e746f4a585925/resolv.conf (E)
(00.028077) mnt: 		Will mount 898 @ /tmp/.criu.mntns.wHSji8/12-0000000000/etc/resolv.conf
(00.028079) mnt: 	Read 898 mp @ /tmp/.criu.mntns.wHSji8/12-0000000000/etc/resolv.conf
(00.028081) mnt: 		Will mount 897 from /
(00.028083) mnt: 		Will mount 897 @ /tmp/.criu.mntns.wHSji8/12-0000000000/
(00.028085) mnt: 	Read 897 mp @ /tmp/.criu.mntns.wHSji8/12-0000000000/
(00.028097) No netns-9.img image
(00.028307) Warn  (criu/cr-restore.c:1266): Set CLONE_PARENT | CLONE_NEWPID but it might cause restore problem,because not all kernels support such clone flags combinations!
(00.028318) Forking task with 1 pid (flags 0x6c028000)
(00.035973) PID: real 4417 virt 1
(00.036076) Wait until namespaces are created
(00.078775) Running setup-namespaces scripts
(00.078789) 	RPC
(00.205423)      1: cg: Move into 2
(00.205449)      1: cg:   `-> blkio//docker/236f942caf3a6b6ecebde0bcfab4d0da1da7e7a9581d432d379e746f4a585925/tasks
(00.205491)      1: cg:   `-> cpu,cpuacct//docker/236f942caf3a6b6ecebde0bcfab4d0da1da7e7a9581d432d379e746f4a585925/tasks
(00.205507)      1: cg:   `-> cpuset//docker/236f942caf3a6b6ecebde0bcfab4d0da1da7e7a9581d432d379e746f4a585925/tasks
(00.205580)      1: cg:   `-> devices//docker/236f942caf3a6b6ecebde0bcfab4d0da1da7e7a9581d432d379e746f4a585925/tasks
(00.205601)      1: cg:   `-> freezer//docker/236f942caf3a6b6ecebde0bcfab4d0da1da7e7a9581d432d379e746f4a585925/tasks
(00.205615)      1: cg:   `-> hugetlb//docker/236f942caf3a6b6ecebde0bcfab4d0da1da7e7a9581d432d379e746f4a585925/tasks
(00.205627)      1: cg:   `-> memory//docker/236f942caf3a6b6ecebde0bcfab4d0da1da7e7a9581d432d379e746f4a585925/tasks
(00.205639)      1: cg:   `-> systemd//docker/236f942caf3a6b6ecebde0bcfab4d0da1da7e7a9581d432d379e746f4a585925/tasks
(00.205651)      1: cg:   `-> net_cls,net_prio//docker/236f942caf3a6b6ecebde0bcfab4d0da1da7e7a9581d432d379e746f4a585925/tasks
(00.205663)      1: cg:   `-> perf_event//docker/236f942caf3a6b6ecebde0bcfab4d0da1da7e7a9581d432d379e746f4a585925/tasks
(00.205675)      1: cg:   `-> pids//docker/236f942caf3a6b6ecebde0bcfab4d0da1da7e7a9581d432d379e746f4a585925/tasks
(00.205687)      1: cg:   `-> rdma///tasks
(00.205697)      1: Calling restore_sid() for init
(00.205700)      1: Restoring 1 to 1 sid
(00.205872)      1: Mount procfs in crtools-proc.Q8aMwH
(00.206070)      1: Collecting 41/37 (flags 2)
(00.206087)      1: No tty-info.img image
(00.206094)      1:  `- ... done
(00.206096)      1: Collecting 42/51 (flags 0)
(00.206100)      1: No tty-data.img image
(00.206112)      1:  `- ... done
(00.206116)      1: Restoring namespaces 1 flags 0x6c028000
(00.206371)      1: kernel/hostname nr 12
(00.206427)      1: kernel/domainname nr 6
(00.217860)      1: Restoring IPC namespace
(00.217875)      1: Restoring IPC variables
(00.218447)      1: Restoring IPC shared memory
(00.218461)      1: No ipcns-shm-10.img image
(00.218464)      1: Restoring IPC message queues
(00.218467)      1: No ipcns-msg-10.img image
(00.218469)      1: Restoring IPC semaphores sets
(00.218472)      1: No ipcns-sem-10.img image
(00.218519)      1: No netns-ct-9.img image
(00.218524)      1: No netns-exp-9.img image
(00.218559)      1: mnt: Restoring mount namespace
(00.218568)      1: mnt: Building mountpoints tree
(00.218571)      1: mnt: 	Building plain mount tree
(00.218573)      1: mnt: 		Working on 897->789
(00.218578)      1: mnt: Mountpoint 897 (@/tmp/.criu.mntns.wHSji8/12-0000000000/) w/o parent 789
(00.218584)      1: mnt: Mountpoint 897 (@/tmp/.criu.mntns.wHSji8/12-0000000000/) get parent 0 (@/tmp/.criu.mntns.wHSji8)
(00.218587)      1: mnt: 		Working on 898->897
(00.218589)      1: mnt: 		Working on 899->897
(00.218593)      1: mnt: 		Working on 900->897
(00.218596)      1: mnt: 		Working on 901->897
(00.218598)      1: mnt: 		Working on 902->901
(00.218599)      1: mnt: 		Working on 903->901
(00.218604)      1: mnt: 		Working on 904->901
(00.218607)      1: mnt: 		Working on 905->901
(00.218609)      1: mnt: 		Working on 906->901
(00.218610)      1: mnt: 		Working on 907->901
(00.218612)      1: mnt: 		Working on 908->901
(00.218616)      1: mnt: 		Working on 909->901
(00.218619)      1: mnt: 		Working on 910->901
(00.218621)      1: mnt: 		Working on 911->897
(00.218622)      1: mnt: 		Working on 912->911
(00.218624)      1: mnt: 		Working on 913->911
(00.218626)      1: mnt: 		Working on 914->911
(00.218630)      1: mnt: 		Working on 915->897
(00.218633)      1: mnt: 		Working on 916->915
(00.218634)      1: mnt: 		Working on 917->916
(00.218636)      1: mnt: 		Working on 918->916
(00.218638)      1: mnt: 		Working on 919->916
(00.218648)      1: mnt: 		Working on 920->916
(00.218652)      1: mnt: 		Working on 921->916
(00.218654)      1: mnt: 		Working on 922->916
(00.218655)      1: mnt: 		Working on 923->916
(00.218657)      1: mnt: 		Working on 924->916
(00.218661)      1: mnt: 		Working on 925->916
(00.218667)      1: mnt: 		Working on 926->916
(00.218670)      1: mnt: 		Working on 927->916
(00.218675)      1: mnt: 		Working on 928->916
(00.218678)      1: mnt: 		Working on 929->915
(00.218680)      1: mnt: 	Resorting siblings on 0
(00.218681)      1: mnt: 	Resorting siblings on 897
(00.218683)      1: mnt: 	Resorting siblings on 898
(00.218685)      1: mnt: 	Resorting siblings on 899
(00.218686)      1: mnt: 	Resorting siblings on 900
(00.218688)      1: mnt: 	Resorting siblings on 901
(00.218690)      1: mnt: 	Resorting siblings on 902
(00.218691)      1: mnt: 	Resorting siblings on 903
(00.218693)      1: mnt: 	Resorting siblings on 904
(00.218695)      1: mnt: 	Resorting siblings on 905
(00.218697)      1: mnt: 	Resorting siblings on 906
(00.218698)      1: mnt: 	Resorting siblings on 907
(00.218700)      1: mnt: 	Resorting siblings on 908
(00.218702)      1: mnt: 	Resorting siblings on 909
(00.218704)      1: mnt: 	Resorting siblings on 910
(00.218706)      1: mnt: 	Resorting siblings on 911
(00.218707)      1: mnt: 	Resorting siblings on 912
(00.218709)      1: mnt: 	Resorting siblings on 913
(00.218711)      1: mnt: 	Resorting siblings on 914
(00.218713)      1: mnt: 	Resorting siblings on 915
(00.218714)      1: mnt: 	Resorting siblings on 916
(00.218716)      1: mnt: 	Resorting siblings on 917
(00.218717)      1: mnt: 	Resorting siblings on 918
(00.218719)      1: mnt: 	Resorting siblings on 919
(00.218721)      1: mnt: 	Resorting siblings on 920
(00.218723)      1: mnt: 	Resorting siblings on 921
(00.218725)      1: mnt: 	Resorting siblings on 922
(00.218727)      1: mnt: 	Resorting siblings on 923
(00.218729)      1: mnt: 	Resorting siblings on 924
(00.218731)      1: mnt: 	Resorting siblings on 925
(00.218733)      1: mnt: 	Resorting siblings on 926
(00.218736)      1: mnt: 	Resorting siblings on 927
(00.218738)      1: mnt: 	Resorting siblings on 928
(00.218740)      1: mnt: 	Resorting siblings on 929
(00.218741)      1: mnt: Done:
(00.218743)      1: mnt: [/tmp/.criu.mntns.wHSji8](0->0)
(00.218745)      1: mnt:  [/tmp/.criu.mntns.wHSji8/12-0000000000/](897->789)
(00.218747)      1: mnt:   [/tmp/.criu.mntns.wHSji8/12-0000000000/etc/resolv.conf](898->897)
(00.218749)      1: mnt:   <--
(00.218751)      1: mnt:   [/tmp/.criu.mntns.wHSji8/12-0000000000/etc/hostname](899->897)
(00.218752)      1: mnt:   <--
(00.218754)      1: mnt:   [/tmp/.criu.mntns.wHSji8/12-0000000000/etc/hosts](900->897)
(00.218756)      1: mnt:   <--
(00.218757)      1: mnt:   [/tmp/.criu.mntns.wHSji8/12-0000000000/proc](901->897)
(00.218759)      1: mnt:    [/tmp/.criu.mntns.wHSji8/12-0000000000/proc/asound](902->901)
(00.218761)      1: mnt:    <--
(00.218762)      1: mnt:    [/tmp/.criu.mntns.wHSji8/12-0000000000/proc/bus](903->901)
(00.218764)      1: mnt:    <--
(00.218765)      1: mnt:    [/tmp/.criu.mntns.wHSji8/12-0000000000/proc/fs](904->901)
(00.218767)      1: mnt:    <--
(00.218768)      1: mnt:    [/tmp/.criu.mntns.wHSji8/12-0000000000/proc/irq](905->901)
(00.218770)      1: mnt:    <--
(00.218772)      1: mnt:    [/tmp/.criu.mntns.wHSji8/12-0000000000/proc/sys](906->901)
(00.218773)      1: mnt:    <--
(00.218775)      1: mnt:    [/tmp/.criu.mntns.wHSji8/12-0000000000/proc/sysrq-trigger](907->901)
(00.218776)      1: mnt:    <--
(00.218778)      1: mnt:    [/tmp/.criu.mntns.wHSji8/12-0000000000/proc/kcore](908->901)
(00.218780)      1: mnt:    <--
(00.218781)      1: mnt:    [/tmp/.criu.mntns.wHSji8/12-0000000000/proc/timer_list](909->901)
(00.218783)      1: mnt:    <--
(00.218784)      1: mnt:    [/tmp/.criu.mntns.wHSji8/12-0000000000/proc/sched_debug](910->901)
(00.218786)      1: mnt:    <--
(00.218788)      1: mnt:   <--
(00.218789)      1: mnt:   [/tmp/.criu.mntns.wHSji8/12-0000000000/dev](911->897)
(00.218791)      1: mnt:    [/tmp/.criu.mntns.wHSji8/12-0000000000/dev/pts](912->911)
(00.218795)      1: mnt:    <--
(00.218797)      1: mnt:    [/tmp/.criu.mntns.wHSji8/12-0000000000/dev/mqueue](913->911)
(00.218798)      1: mnt:    <--
(00.218800)      1: mnt:    [/tmp/.criu.mntns.wHSji8/12-0000000000/dev/shm](914->911)
(00.218801)      1: mnt:    <--
(00.218803)      1: mnt:   <--
(00.218805)      1: mnt:   [/tmp/.criu.mntns.wHSji8/12-0000000000/sys](915->897)
(00.218806)      1: mnt:    [/tmp/.criu.mntns.wHSji8/12-0000000000/sys/fs/cgroup](916->915)
(00.218808)      1: mnt:     [/tmp/.criu.mntns.wHSji8/12-0000000000/sys/fs/cgroup/systemd](917->916)
(00.218810)      1: mnt:     <--
(00.218811)      1: mnt:     [/tmp/.criu.mntns.wHSji8/12-0000000000/sys/fs/cgroup/hugetlb](918->916)
(00.218813)      1: mnt:     <--
(00.218814)      1: mnt:     [/tmp/.criu.mntns.wHSji8/12-0000000000/sys/fs/cgroup/memory](919->916)
(00.218816)      1: mnt:     <--
(00.218818)      1: mnt:     [/tmp/.criu.mntns.wHSji8/12-0000000000/sys/fs/cgroup/rdma](920->916)
(00.218819)      1: mnt:     <--
(00.218821)      1: mnt:     [/tmp/.criu.mntns.wHSji8/12-0000000000/sys/fs/cgroup/freezer](921->916)
(00.218822)      1: mnt:     <--
(00.218824)      1: mnt:     [/tmp/.criu.mntns.wHSji8/12-0000000000/sys/fs/cgroup/cpu,cpuacct](922->916)
(00.218826)      1: mnt:     <--
(00.218827)      1: mnt:     [/tmp/.criu.mntns.wHSji8/12-0000000000/sys/fs/cgroup/blkio](923->916)
(00.218829)      1: mnt:     <--
(00.218830)      1: mnt:     [/tmp/.criu.mntns.wHSji8/12-0000000000/sys/fs/cgroup/cpuset](924->916)
(00.218832)      1: mnt:     <--
(00.218833)      1: mnt:     [/tmp/.criu.mntns.wHSji8/12-0000000000/sys/fs/cgroup/devices](925->916)
(00.218835)      1: mnt:     <--
(00.218837)      1: mnt:     [/tmp/.criu.mntns.wHSji8/12-0000000000/sys/fs/cgroup/pids](926->916)
(00.218838)      1: mnt:     <--
(00.218840)      1: mnt:     [/tmp/.criu.mntns.wHSji8/12-0000000000/sys/fs/cgroup/net_cls,net_prio](927->916)
(00.218842)      1: mnt:     <--
(00.218843)      1: mnt:     [/tmp/.criu.mntns.wHSji8/12-0000000000/sys/fs/cgroup/perf_event](928->916)
(00.218845)      1: mnt:     <--
(00.218846)      1: mnt:    <--
(00.218848)      1: mnt:    [/tmp/.criu.mntns.wHSji8/12-0000000000/sys/firmware](929->915)
(00.218850)      1: mnt:    <--
(00.218851)      1: mnt:   <--
(00.218853)      1: mnt:  <--
(00.218854)      1: mnt: <--
(00.218856)      1: mnt: Inspecting sharing on 897 shared_id 0 master_id 0 (@/tmp/.criu.mntns.wHSji8/12-0000000000/)
(00.218858)      1: mnt: Inspecting sharing on 898 shared_id 0 master_id 0 (@/tmp/.criu.mntns.wHSji8/12-0000000000/etc/resolv.conf)
(00.218860)      1: mnt: 	The mount 899 is bind for 898 (@/tmp/.criu.mntns.wHSji8/12-0000000000/etc/hostname -> @/tmp/.criu.mntns.wHSji8/12-0000000000/etc/resolv.conf)
(00.218862)      1: mnt: 	The mount 900 is bind for 898 (@/tmp/.criu.mntns.wHSji8/12-0000000000/etc/hosts -> @/tmp/.criu.mntns.wHSji8/12-0000000000/etc/resolv.conf)
(00.218864)      1: mnt: Inspecting sharing on 899 shared_id 0 master_id 0 (@/tmp/.criu.mntns.wHSji8/12-0000000000/etc/hostname)
(00.218866)      1: mnt: Inspecting sharing on 900 shared_id 0 master_id 0 (@/tmp/.criu.mntns.wHSji8/12-0000000000/etc/hosts)
(00.218868)      1: mnt: Inspecting sharing on 901 shared_id 0 master_id 0 (@/tmp/.criu.mntns.wHSji8/12-0000000000/proc)
(00.218870)      1: mnt: 	The mount 902 is bind for 901 (@/tmp/.criu.mntns.wHSji8/12-0000000000/proc/asound -> @/tmp/.criu.mntns.wHSji8/12-0000000000/proc)
(00.218871)      1: mnt: 	The mount 903 is bind for 901 (@/tmp/.criu.mntns.wHSji8/12-0000000000/proc/bus -> @/tmp/.criu.mntns.wHSji8/12-0000000000/proc)
(00.218873)      1: mnt: 	The mount 904 is bind for 901 (@/tmp/.criu.mntns.wHSji8/12-0000000000/proc/fs -> @/tmp/.criu.mntns.wHSji8/12-0000000000/proc)
(00.218875)      1: mnt: 	The mount 905 is bind for 901 (@/tmp/.criu.mntns.wHSji8/12-0000000000/proc/irq -> @/tmp/.criu.mntns.wHSji8/12-0000000000/proc)
(00.218877)      1: mnt: 	The mount 906 is bind for 901 (@/tmp/.criu.mntns.wHSji8/12-0000000000/proc/sys -> @/tmp/.criu.mntns.wHSji8/12-0000000000/proc)
(00.218880)      1: mnt: 	The mount 907 is bind for 901 (@/tmp/.criu.mntns.wHSji8/12-0000000000/proc/sysrq-trigger -> @/tmp/.criu.mntns.wHSji8/12-0000000000/proc)
(00.218882)      1: mnt: Inspecting sharing on 902 shared_id 0 master_id 0 (@/tmp/.criu.mntns.wHSji8/12-0000000000/proc/asound)
(00.218884)      1: mnt: Inspecting sharing on 903 shared_id 0 master_id 0 (@/tmp/.criu.mntns.wHSji8/12-0000000000/proc/bus)
(00.218886)      1: mnt: Inspecting sharing on 904 shared_id 0 master_id 0 (@/tmp/.criu.mntns.wHSji8/12-0000000000/proc/fs)
(00.218888)      1: mnt: Inspecting sharing on 905 shared_id 0 master_id 0 (@/tmp/.criu.mntns.wHSji8/12-0000000000/proc/irq)
(00.218889)      1: mnt: Inspecting sharing on 906 shared_id 0 master_id 0 (@/tmp/.criu.mntns.wHSji8/12-0000000000/proc/sys)
(00.218891)      1: mnt: Inspecting sharing on 907 shared_id 0 master_id 0 (@/tmp/.criu.mntns.wHSji8/12-0000000000/proc/sysrq-trigger)
(00.218893)      1: mnt: Inspecting sharing on 908 shared_id 0 master_id 0 (@/tmp/.criu.mntns.wHSji8/12-0000000000/proc/kcore)
(00.218895)      1: mnt: 	The mount 909 is bind for 908 (@/tmp/.criu.mntns.wHSji8/12-0000000000/proc/timer_list -> @/tmp/.criu.mntns.wHSji8/12-0000000000/proc/kcore)
(00.218897)      1: mnt: 	The mount 910 is bind for 908 (@/tmp/.criu.mntns.wHSji8/12-0000000000/proc/sched_debug -> @/tmp/.criu.mntns.wHSji8/12-0000000000/proc/kcore)
(00.218898)      1: mnt: Inspecting sharing on 909 shared_id 0 master_id 0 (@/tmp/.criu.mntns.wHSji8/12-0000000000/proc/timer_list)
(00.218900)      1: mnt: Inspecting sharing on 910 shared_id 0 master_id 0 (@/tmp/.criu.mntns.wHSji8/12-0000000000/proc/sched_debug)
(00.218902)      1: mnt: Inspecting sharing on 911 shared_id 0 master_id 0 (@/tmp/.criu.mntns.wHSji8/12-0000000000/dev)
(00.218904)      1: mnt: Inspecting sharing on 912 shared_id 0 master_id 0 (@/tmp/.criu.mntns.wHSji8/12-0000000000/dev/pts)
(00.218906)      1: mnt: Inspecting sharing on 913 shared_id 0 master_id 0 (@/tmp/.criu.mntns.wHSji8/12-0000000000/dev/mqueue)
(00.218907)      1: mnt: Inspecting sharing on 914 shared_id 0 master_id 0 (@/tmp/.criu.mntns.wHSji8/12-0000000000/dev/shm)
(00.218909)      1: mnt: Inspecting sharing on 915 shared_id 0 master_id 0 (@/tmp/.criu.mntns.wHSji8/12-0000000000/sys)
(00.218911)      1: mnt: Inspecting sharing on 916 shared_id 0 master_id 0 (@/tmp/.criu.mntns.wHSji8/12-0000000000/sys/fs/cgroup)
(00.218913)      1: mnt: Inspecting sharing on 917 shared_id 0 master_id 0 (@/tmp/.criu.mntns.wHSji8/12-0000000000/sys/fs/cgroup/systemd)
(00.218915)      1: mnt: Inspecting sharing on 918 shared_id 0 master_id 0 (@/tmp/.criu.mntns.wHSji8/12-0000000000/sys/fs/cgroup/hugetlb)
(00.218917)      1: mnt: Inspecting sharing on 919 shared_id 0 master_id 0 (@/tmp/.criu.mntns.wHSji8/12-0000000000/sys/fs/cgroup/memory)
(00.218918)      1: mnt: Inspecting sharing on 920 shared_id 0 master_id 0 (@/tmp/.criu.mntns.wHSji8/12-0000000000/sys/fs/cgroup/rdma)
(00.218920)      1: mnt: Inspecting sharing on 921 shared_id 0 master_id 0 (@/tmp/.criu.mntns.wHSji8/12-0000000000/sys/fs/cgroup/freezer)
(00.218922)      1: mnt: Inspecting sharing on 922 shared_id 0 master_id 0 (@/tmp/.criu.mntns.wHSji8/12-0000000000/sys/fs/cgroup/cpu,cpuacct)
(00.218924)      1: mnt: Inspecting sharing on 923 shared_id 0 master_id 0 (@/tmp/.criu.mntns.wHSji8/12-0000000000/sys/fs/cgroup/blkio)
(00.218926)      1: mnt: Inspecting sharing on 924 shared_id 0 master_id 0 (@/tmp/.criu.mntns.wHSji8/12-0000000000/sys/fs/cgroup/cpuset)
(00.218927)      1: mnt: Inspecting sharing on 925 shared_id 0 master_id 0 (@/tmp/.criu.mntns.wHSji8/12-0000000000/sys/fs/cgroup/devices)
(00.218929)      1: mnt: Inspecting sharing on 926 shared_id 0 master_id 0 (@/tmp/.criu.mntns.wHSji8/12-0000000000/sys/fs/cgroup/pids)
(00.218931)      1: mnt: Inspecting sharing on 927 shared_id 0 master_id 0 (@/tmp/.criu.mntns.wHSji8/12-0000000000/sys/fs/cgroup/net_cls,net_prio)
(00.218933)      1: mnt: Inspecting sharing on 928 shared_id 0 master_id 0 (@/tmp/.criu.mntns.wHSji8/12-0000000000/sys/fs/cgroup/perf_event)
(00.218934)      1: mnt: Inspecting sharing on 929 shared_id 0 master_id 0 (@/tmp/.criu.mntns.wHSji8/12-0000000000/sys/firmware)
(00.218942)      1: mnt: Start with 0:/tmp/.criu.mntns.wHSji8
(00.218961)      1: mnt: Start with 0:/tmp/.criu.mntns.wHSji8
(00.240482)      1: mnt: Start with 0:/tmp/.criu.mntns.wHSji8
(00.240495)      1: mnt: 	Mounting aufs @/tmp/.criu.mntns.wHSji8/12-0000000000/ (0)
(00.240512)      1: mnt: 897:/tmp/.criu.mntns.wHSji8/12-0000000000/ private 1 shared 0 slave 0
(00.240521)      1: mnt: 	Mounting unsupported @/tmp/.criu.mntns.wHSji8/12-0000000000/etc/resolv.conf (0)
(00.240524)      1: mnt: 	Bind /var/lib/docker/containers/236f942caf3a6b6ecebde0bcfab4d0da1da7e7a9581d432d379e746f4a585925/resolv.conf to /tmp/.criu.mntns.wHSji8/12-0000000000/etc/resolv.conf
(00.240610)      1: mnt: 898:/tmp/.criu.mntns.wHSji8/12-0000000000/etc/resolv.conf private 1 shared 0 slave 0
(00.240619)      1: mnt: 	Mounting unsupported @/tmp/.criu.mntns.wHSji8/12-0000000000/etc/hostname (0)
(00.240622)      1: mnt: 	Bind /var/lib/docker/containers/236f942caf3a6b6ecebde0bcfab4d0da1da7e7a9581d432d379e746f4a585925/hostname to /tmp/.criu.mntns.wHSji8/12-0000000000/etc/hostname
(00.240765)      1: mnt: 899:/tmp/.criu.mntns.wHSji8/12-0000000000/etc/hostname private 1 shared 0 slave 0
(00.240774)      1: mnt: 	Mounting unsupported @/tmp/.criu.mntns.wHSji8/12-0000000000/etc/hosts (0)
(00.240776)      1: mnt: 	Bind /var/lib/docker/containers/236f942caf3a6b6ecebde0bcfab4d0da1da7e7a9581d432d379e746f4a585925/hosts to /tmp/.criu.mntns.wHSji8/12-0000000000/etc/hosts
(00.240789)      1: mnt: 900:/tmp/.criu.mntns.wHSji8/12-0000000000/etc/hosts private 1 shared 0 slave 0
(00.240795)      1: mnt: 	Mounting proc @/tmp/.criu.mntns.wHSji8/12-0000000000/proc (0)
(00.240886)      1: mnt: 901:/tmp/.criu.mntns.wHSji8/12-0000000000/proc private 1 shared 0 slave 0
(00.240895)      1: mnt: 		Bind private /tmp/.criu.mntns.wHSji8/12-0000000000/proc/sysrq-trigger
(00.240897)      1: mnt: 		Bind private /tmp/.criu.mntns.wHSji8/12-0000000000/proc/sys
(00.240898)      1: mnt: 		Bind private /tmp/.criu.mntns.wHSji8/12-0000000000/proc/irq
(00.240900)      1: mnt: 		Bind private /tmp/.criu.mntns.wHSji8/12-0000000000/proc/fs
(00.240902)      1: mnt: 		Bind private /tmp/.criu.mntns.wHSji8/12-0000000000/proc/bus
(00.240903)      1: mnt: 		Bind private /tmp/.criu.mntns.wHSji8/12-0000000000/proc/asound
(00.240905)      1: mnt: 	Mounting proc @/tmp/.criu.mntns.wHSji8/12-0000000000/proc/asound (0)
(00.240908)      1: mnt: 	Bind /tmp/.criu.mntns.wHSji8/12-0000000000/proc/asound to /tmp/.criu.mntns.wHSji8/12-0000000000/proc/asound
(00.240921)      1: mnt: 902:/tmp/.criu.mntns.wHSji8/12-0000000000/proc/asound private 1 shared 0 slave 0
(00.240926)      1: mnt: 	Mounting proc @/tmp/.criu.mntns.wHSji8/12-0000000000/proc/bus (0)
(00.240928)      1: mnt: 	Bind /tmp/.criu.mntns.wHSji8/12-0000000000/proc/bus to /tmp/.criu.mntns.wHSji8/12-0000000000/proc/bus
(00.240938)      1: mnt: 903:/tmp/.criu.mntns.wHSji8/12-0000000000/proc/bus private 1 shared 0 slave 0
(00.240943)      1: mnt: 	Mounting proc @/tmp/.criu.mntns.wHSji8/12-0000000000/proc/fs (0)
(00.240945)      1: mnt: 	Bind /tmp/.criu.mntns.wHSji8/12-0000000000/proc/fs to /tmp/.criu.mntns.wHSji8/12-0000000000/proc/fs
(00.240955)      1: mnt: 904:/tmp/.criu.mntns.wHSji8/12-0000000000/proc/fs private 1 shared 0 slave 0
(00.240960)      1: mnt: 	Mounting proc @/tmp/.criu.mntns.wHSji8/12-0000000000/proc/irq (0)
(00.240962)      1: mnt: 	Bind /tmp/.criu.mntns.wHSji8/12-0000000000/proc/irq to /tmp/.criu.mntns.wHSji8/12-0000000000/proc/irq
(00.240972)      1: mnt: 905:/tmp/.criu.mntns.wHSji8/12-0000000000/proc/irq private 1 shared 0 slave 0
(00.240977)      1: mnt: 	Mounting proc @/tmp/.criu.mntns.wHSji8/12-0000000000/proc/sys (0)
(00.240979)      1: mnt: 	Bind /tmp/.criu.mntns.wHSji8/12-0000000000/proc/sys to /tmp/.criu.mntns.wHSji8/12-0000000000/proc/sys
(00.240990)      1: mnt: 906:/tmp/.criu.mntns.wHSji8/12-0000000000/proc/sys private 1 shared 0 slave 0
(00.240995)      1: mnt: 	Mounting proc @/tmp/.criu.mntns.wHSji8/12-0000000000/proc/sysrq-trigger (0)
(00.241003)      1: mnt: 	Bind /tmp/.criu.mntns.wHSji8/12-0000000000/proc/sysrq-trigger to /tmp/.criu.mntns.wHSji8/12-0000000000/proc/sysrq-trigger
(00.241015)      1: mnt: 907:/tmp/.criu.mntns.wHSji8/12-0000000000/proc/sysrq-trigger private 1 shared 0 slave 0
(00.241020)      1: mnt: 	Mounting devtmpfs @/tmp/.criu.mntns.wHSji8/12-0000000000/proc/kcore (0)
(00.241022)      1: mnt: 	Bind /dev/null to /tmp/.criu.mntns.wHSji8/12-0000000000/proc/kcore
(00.241032)      1: mnt: 908:/tmp/.criu.mntns.wHSji8/12-0000000000/proc/kcore private 1 shared 0 slave 0
(00.241037)      1: mnt: 		Bind private /tmp/.criu.mntns.wHSji8/12-0000000000/proc/sched_debug
(00.241039)      1: mnt: 		Bind private /tmp/.criu.mntns.wHSji8/12-0000000000/proc/timer_list
(00.241041)      1: mnt: 	Mounting devtmpfs @/tmp/.criu.mntns.wHSji8/12-0000000000/proc/timer_list (0)
(00.241042)      1: mnt: 	Bind /dev/null to /tmp/.criu.mntns.wHSji8/12-0000000000/proc/timer_list
(00.241052)      1: mnt: 909:/tmp/.criu.mntns.wHSji8/12-0000000000/proc/timer_list private 1 shared 0 slave 0
(00.241057)      1: mnt: 	Mounting devtmpfs @/tmp/.criu.mntns.wHSji8/12-0000000000/proc/sched_debug (0)
(00.241059)      1: mnt: 	Bind /dev/null to /tmp/.criu.mntns.wHSji8/12-0000000000/proc/sched_debug
(00.241068)      1: mnt: 910:/tmp/.criu.mntns.wHSji8/12-0000000000/proc/sched_debug private 1 shared 0 slave 0
(00.241072)      1: mnt: 	Mounting tmpfs @/tmp/.criu.mntns.wHSji8/12-0000000000/dev (0)
(00.267438)      1: mnt: 911:/tmp/.criu.mntns.wHSji8/12-0000000000/dev private 1 shared 0 slave 0
(00.267460)      1: mnt: 	Mounting devpts @/tmp/.criu.mntns.wHSji8/12-0000000000/dev/pts (0)
(00.267566)      1: mnt: 912:/tmp/.criu.mntns.wHSji8/12-0000000000/dev/pts private 1 shared 0 slave 0
(00.267571)      1: mnt: 	Mounting mqueue @/tmp/.criu.mntns.wHSji8/12-0000000000/dev/mqueue (0)
(00.267646)      1: mnt: 913:/tmp/.criu.mntns.wHSji8/12-0000000000/dev/mqueue private 1 shared 0 slave 0
(00.267652)      1: mnt: 	Mounting tmpfs @/tmp/.criu.mntns.wHSji8/12-0000000000/dev/shm (0)
(00.267655)      1: mnt: 	Bind /var/lib/docker/containers/236f942caf3a6b6ecebde0bcfab4d0da1da7e7a9581d432d379e746f4a585925/shm to /tmp/.criu.mntns.wHSji8/12-0000000000/dev/shm
(00.267665)      1: mnt: 914:/tmp/.criu.mntns.wHSji8/12-0000000000/dev/shm private 1 shared 0 slave 0
(00.267669)      1: mnt: 	Mounting sysfs @/tmp/.criu.mntns.wHSji8/12-0000000000/sys (0)
(00.267769)      1: mnt: 915:/tmp/.criu.mntns.wHSji8/12-0000000000/sys private 1 shared 0 slave 0
(00.267774)      1: mnt: 	Mounting tmpfs @/tmp/.criu.mntns.wHSji8/12-0000000000/sys/fs/cgroup (0)
(00.281866)      1: mnt: 916:/tmp/.criu.mntns.wHSji8/12-0000000000/sys/fs/cgroup private 1 shared 0 slave 0
(00.281888)      1: mnt: 	Mounting cgroup @/tmp/.criu.mntns.wHSji8/12-0000000000/sys/fs/cgroup/systemd (0)
(00.281893)      1: mnt: 	Bind /sys/fs/cgroup/systemd/system.slice/docker.service to /tmp/.criu.mntns.wHSji8/12-0000000000/sys/fs/cgroup/systemd
(00.281912)      1: mnt: 917:/tmp/.criu.mntns.wHSji8/12-0000000000/sys/fs/cgroup/systemd private 1 shared 0 slave 0
(00.281918)      1: mnt: 	Mounting cgroup @/tmp/.criu.mntns.wHSji8/12-0000000000/sys/fs/cgroup/hugetlb (0)
(00.281920)      1: mnt: 	Bind /sys/fs/cgroup/hugetlb to /tmp/.criu.mntns.wHSji8/12-0000000000/sys/fs/cgroup/hugetlb
(00.281930)      1: mnt: 918:/tmp/.criu.mntns.wHSji8/12-0000000000/sys/fs/cgroup/hugetlb private 1 shared 0 slave 0
(00.281936)      1: mnt: 	Mounting cgroup @/tmp/.criu.mntns.wHSji8/12-0000000000/sys/fs/cgroup/memory (0)
(00.281938)      1: mnt: 	Bind /sys/fs/cgroup/memory to /tmp/.criu.mntns.wHSji8/12-0000000000/sys/fs/cgroup/memory
(00.281948)      1: mnt: 919:/tmp/.criu.mntns.wHSji8/12-0000000000/sys/fs/cgroup/memory private 1 shared 0 slave 0
(00.281953)      1: mnt: 	Mounting cgroup @/tmp/.criu.mntns.wHSji8/12-0000000000/sys/fs/cgroup/rdma (0)
(00.281955)      1: mnt: 	Bind /sys/fs/cgroup/rdma to /tmp/.criu.mntns.wHSji8/12-0000000000/sys/fs/cgroup/rdma
(00.281965)      1: mnt: 920:/tmp/.criu.mntns.wHSji8/12-0000000000/sys/fs/cgroup/rdma private 1 shared 0 slave 0
(00.281970)      1: mnt: 	Mounting cgroup @/tmp/.criu.mntns.wHSji8/12-0000000000/sys/fs/cgroup/freezer (0)
(00.281979)      1: mnt: 	Bind /sys/fs/cgroup/freezer to /tmp/.criu.mntns.wHSji8/12-0000000000/sys/fs/cgroup/freezer
(00.281989)      1: mnt: 921:/tmp/.criu.mntns.wHSji8/12-0000000000/sys/fs/cgroup/freezer private 1 shared 0 slave 0
(00.281995)      1: mnt: 	Mounting cgroup @/tmp/.criu.mntns.wHSji8/12-0000000000/sys/fs/cgroup/cpu,cpuacct (0)
(00.281996)      1: mnt: 	Bind /sys/fs/cgroup/cpu,cpuacct to /tmp/.criu.mntns.wHSji8/12-0000000000/sys/fs/cgroup/cpu,cpuacct
(00.282006)      1: mnt: 922:/tmp/.criu.mntns.wHSji8/12-0000000000/sys/fs/cgroup/cpu,cpuacct private 1 shared 0 slave 0
(00.282011)      1: mnt: 	Mounting cgroup @/tmp/.criu.mntns.wHSji8/12-0000000000/sys/fs/cgroup/blkio (0)
(00.282013)      1: mnt: 	Bind /sys/fs/cgroup/blkio to /tmp/.criu.mntns.wHSji8/12-0000000000/sys/fs/cgroup/blkio
(00.282023)      1: mnt: 923:/tmp/.criu.mntns.wHSji8/12-0000000000/sys/fs/cgroup/blkio private 1 shared 0 slave 0
(00.282028)      1: mnt: 	Mounting cgroup @/tmp/.criu.mntns.wHSji8/12-0000000000/sys/fs/cgroup/cpuset (0)
(00.282030)      1: mnt: 	Bind /sys/fs/cgroup/cpuset to /tmp/.criu.mntns.wHSji8/12-0000000000/sys/fs/cgroup/cpuset
(00.282059)      1: mnt: 924:/tmp/.criu.mntns.wHSji8/12-0000000000/sys/fs/cgroup/cpuset private 1 shared 0 slave 0
(00.282066)      1: mnt: 	Mounting cgroup @/tmp/.criu.mntns.wHSji8/12-0000000000/sys/fs/cgroup/devices (0)
(00.282068)      1: mnt: 	Bind /sys/fs/cgroup/devices/system.slice/docker.service to /tmp/.criu.mntns.wHSji8/12-0000000000/sys/fs/cgroup/devices
(00.282096)      1: mnt: 925:/tmp/.criu.mntns.wHSji8/12-0000000000/sys/fs/cgroup/devices private 1 shared 0 slave 0
(00.282101)      1: mnt: 	Mounting cgroup @/tmp/.criu.mntns.wHSji8/12-0000000000/sys/fs/cgroup/pids (0)
(00.282103)      1: mnt: 	Bind /sys/fs/cgroup/pids/system.slice/docker.service to /tmp/.criu.mntns.wHSji8/12-0000000000/sys/fs/cgroup/pids
(00.282126)      1: mnt: 926:/tmp/.criu.mntns.wHSji8/12-0000000000/sys/fs/cgroup/pids private 1 shared 0 slave 0
(00.282133)      1: mnt: 	Mounting cgroup @/tmp/.criu.mntns.wHSji8/12-0000000000/sys/fs/cgroup/net_cls,net_prio (0)
(00.282134)      1: mnt: 	Bind /sys/fs/cgroup/net_cls,net_prio to /tmp/.criu.mntns.wHSji8/12-0000000000/sys/fs/cgroup/net_cls,net_prio
(00.282145)      1: mnt: 927:/tmp/.criu.mntns.wHSji8/12-0000000000/sys/fs/cgroup/net_cls,net_prio private 1 shared 0 slave 0
(00.282151)      1: mnt: 	Mounting cgroup @/tmp/.criu.mntns.wHSji8/12-0000000000/sys/fs/cgroup/perf_event (0)
(00.282153)      1: mnt: 	Bind /sys/fs/cgroup/perf_event to /tmp/.criu.mntns.wHSji8/12-0000000000/sys/fs/cgroup/perf_event
(00.282163)      1: mnt: 928:/tmp/.criu.mntns.wHSji8/12-0000000000/sys/fs/cgroup/perf_event private 1 shared 0 slave 0
(00.282168)      1: mnt: 	Mounting tmpfs @/tmp/.criu.mntns.wHSji8/12-0000000000/sys/firmware (0)
(00.287415)      1: mnt: 929:/tmp/.criu.mntns.wHSji8/12-0000000000/sys/firmware private 1 shared 0 slave 0
(00.287436)      1: mnt: Start with 0:/tmp/.criu.mntns.wHSji8
(00.304941)      1: mnt: Move the root to /tmp/.criu.mntns.wHSji8/12-0000000000
iptables-restore: invalid option -- 'w'
ip6tables-restore: invalid option -- 'w'
(00.326434) Running post-setup-namespaces scripts
(00.326448) 	RPC
(00.326569)      1: Preparing info about shared resources
(00.326601)      1: Collecting 45/38 (flags 0)
(00.326607)      1: No filelocks.img image
(00.326611)      1:  `- ... done
(00.326613)      1: Collecting 39/27 (flags 0)
(00.326624)      1: Collected pipe data for 0xb7ec (chain 12)
(00.326628)      1:  `- ... done
(00.326630)      1: Collecting 40/27 (flags 0)
(00.326633)      1: No fifo-data.img image
(00.326635)      1:  `- ... done
(00.326637)      1: Collecting 38/64 (flags 0)
(00.326640)      1: No sk-queues.img image
(00.326642)      1:  `- ... done
(00.326662)      1: Found 10 VMAs in image
(00.326666)      1: vma 0x400000 0x48a000
(00.326668)      1: vma 0x48a000 0x547000
(00.326670)      1: vma 0x547000 0x55b000
(00.326672)      1: vma 0x55b000 0x579000
(00.326674)      1: vma 0xc000000000 0xc004000000
(00.326683)      1: vma 0x7f9633e5b000 0x7f963610c000
(00.326685)      1: vma 0x7ffc26189000 0x7ffc261aa000
(00.326687)      1: vma 0x7ffc261bb000 0x7ffc261be000
(00.326689)      1: vma 0x7ffc261be000 0x7ffc261c0000
(00.326691)      1: vma 0xffffffffff600000 0xffffffffff601000
(00.326698)      1: Collect fdinfo pid=1 fd=0 id=0x2
(00.326705)      1: Collect fdinfo pid=1 fd=1 id=0x3
(00.326709)      1: Collect fdinfo pid=1 fd=2 id=0x4
(00.326753)      1: skqueue: Preparing SCMs
(00.326757)      1: Pipes:
(00.326760)      1:  `- PIPE ID 0xb7ec
(00.326761)      1:   `- ID 0x5633ba02ac60 0x2
(00.326763)      1:    `- FD 0 pid 1
(00.326766)      1:     by 0x2
(00.326767)      1:  `- PIPE ID 0xb7ed
(00.326769)      1:   `- ID 0x5633ba02ae10 0x3
(00.326771)      1:    `- FD 1 pid 1
(00.326773)      1:     by 0x3
(00.326774)      1:  `- PIPE ID 0xb7ee
(00.326776)      1:   `- ID 0x5633ba02afc0 0x4
(00.326778)      1:    `- FD 2 pid 1
(00.326779)      1:     by 0x4
(00.326781)      1: unix: ghost: Resolving addresses
(00.326783)      1: File descs:
(00.326785)      1:  `- type 1 ID 0x1
(00.326787)      1:  `- type 2 ID 0x2
(00.326789)      1:    `- FD 0 pid 1
(00.326790)      1:  `- type 2 ID 0x3
(00.326792)      1:    `- FD 1 pid 1
(00.326794)      1:  `- type 2 ID 0x4
(00.326796)      1:    `- FD 2 pid 1
(00.326797)      1:  `- type 1 ID 0x5
(00.326799)      1:  `- type 1 ID 0x6
(00.329539)      1: Opened local page read 1 (parent 0)
(00.329552)      1: Enqueue page-read
(00.329555)      1: Enqueue page-read
(00.329557)      1: Enqueue page-read
(00.329559)      1: Enqueue page-read
(00.329561)      1: Enqueue page-read
(00.329562)      1: Enqueue page-read
(00.329564)      1: Enqueue page-read
(00.329566)      1: Enqueue page-read
(00.329567)      1: Enqueue page-read
(00.329569)      1: Enqueue page-read
(00.329571)      1: Enqueue page-read
(00.329572)      1: Enqueue page-read
(00.329574)      1: Enqueue page-read
(00.329576)      1: Enqueue page-read
(00.329577)      1: Enqueue page-read
(00.329579)      1: Enqueue page-read
(00.329581)      1: Enqueue page-read
(00.329582)      1: Enqueue page-read
(00.329584)      1: Enqueue page-read
(00.329586)      1: Enqueue page-read
(00.329587)      1: Enqueue page-read
(00.329589)      1: Enqueue page-read
(00.329591)      1: Enqueue page-read
(00.329592)      1: Enqueue page-read
(00.329594)      1: Enqueue page-read
(00.329596)      1: Enqueue page-read
(00.329597)      1: Enqueue page-read
(00.329599)      1: Enqueue page-read
(00.329601)      1: Enqueue page-read
(00.329602)      1: Enqueue page-read
(00.329604)      1: Enqueue page-read
(00.329606)      1: Enqueue page-read
(00.329607)      1: Enqueue page-read
(00.329609)      1: Enqueue page-read
(00.329611)      1: Enqueue page-read
(00.329612)      1: Enqueue page-read
(00.329614)      1: Enqueue page-read
(00.329616)      1: Enqueue page-read
(00.329617)      1: Enqueue page-read
(00.329619)      1: Enqueue page-read
(00.329621)      1: Enqueue page-read
(00.329622)      1: Enqueue page-read
(00.329624)      1: Enqueue page-read
(00.329626)      1: Enqueue page-read
(00.329627)      1: Enqueue page-read
(00.329629)      1: Enqueue page-read
(00.329631)      1: Enqueue page-read
(00.329632)      1: Enqueue page-read
(00.329634)      1: Enqueue page-read
(00.329636)      1: Enqueue page-read
(00.329637)      1: Enqueue page-read
(00.329639)      1: Enqueue page-read
(00.329641)      1: Enqueue page-read
(00.329642)      1: Enqueue page-read
(00.329644)      1: Enqueue page-read
(00.329646)      1: Enqueue page-read
(00.329647)      1: Enqueue page-read
(00.329649)      1: Enqueue page-read
(00.329651)      1: Enqueue page-read
(00.329652)      1: Enqueue page-read
(00.329654)      1: Enqueue page-read
(00.329656)      1: Enqueue page-read
(00.329657)      1: Enqueue page-read
(00.329659)      1: Enqueue page-read
(00.329661)      1: Enqueue page-read
(00.329662)      1: Enqueue page-read
(00.329664)      1: Enqueue page-read
(00.329669)      1: nr_restored_pages: 135
(00.329671)      1: nr_shared_pages:   0
(00.329679)      1: nr_dropped_pages:   0
(00.329681)      1: nr_lazy:           0
(00.329686)      1: Shrunk premap area to 0x7f32e9ecc000(0)
(00.329689)      1: Restore on-core sigactions for 1
(00.329728)      1: Restoring children in alien sessions:
(00.329732)      1: Restoring children in our session:
(00.329740)      1: Restoring 1 to 1 pgid
(00.329745)      1: Restoring resources
(00.329754)      1: Opening fdinfo-s
(00.329758)      1: 		Creating pipe pipe_id=0xb7ec id=0x2
(00.329766)      1: Found id pipe:[47084] (fd 0) in inherit fd list
(00.329768)      1: File pipe:[47084] will be restored from fd 0 dumped from inherit fd 0
(00.331581)      1: 		Create fd for 0
(00.331590)      1: 		Creating pipe pipe_id=0xb7ed id=0x3
(00.331599)      1: Found id pipe:[47085] (fd 1) in inherit fd list
(00.331601)      1: File pipe:[47085] will be restored from fd 1 dumped from inherit fd 1
(00.331614)      1: 		Create fd for 1
(00.331616)      1: 		Creating pipe pipe_id=0xb7ee id=0x4
(00.331621)      1: Found id pipe:[47086] (fd 2) in inherit fd list
(00.331623)      1: File pipe:[47086] will be restored from fd 2 dumped from inherit fd 2
(00.331631)      1: 		Create fd for 2
(00.331634)      1: Opening 0x00000000400000-0x0000000048a000 0000000000000000 (41) vma
(00.331649)      1: Opening 0x0000000048a000-0x00000000547000 0x0000000008a000 (41) vma
(00.331652)      1: Opening 0x00000000547000-0x0000000055b000 0x00000000147000 (41) vma
(00.331771)      1: `- render 57 iovs (0x400000:4096...)
(00.331783)      1: Restore via sigreturn
(00.331862)      1: Parsed 5633b8f36000-5633b9066000 vma
(00.331867)      1: Parsed 5633b9266000-5633b9285000 vma
(00.331869)      1: Parsed 5633b9266000-5633b928b000 vma
(00.331871)      1: Parsed 5633b9266000-5633b929d000 vma
(00.331873)      1: Parsed 5633ba027000-5633ba048000 vma
(00.331875)      1: Parsed 7f32f031c000-7f32f04b9000 vma
(00.331877)      1: Parsed 7f32f031c000-7f32f06b8000 vma
(00.331879)      1: Parsed 7f32f031c000-7f32f06b9000 vma
(00.331881)      1: Parsed 7f32f031c000-7f32f06ba000 vma
(00.331883)      1: Parsed 7f32f031c000-7f32f06d4000 vma
(00.331885)      1: Parsed 7f32f031c000-7f32f08d3000 vma
(00.331887)      1: Parsed 7f32f031c000-7f32f08d4000 vma
(00.331889)      1: Parsed 7f32f031c000-7f32f08d5000 vma
(00.331891)      1: Parsed 7f32f031c000-7f32f08d9000 vma
(00.331893)      1: Parsed 7f32f031c000-7f32f08e0000 vma
(00.331895)      1: Parsed 7f32f031c000-7f32f0adf000 vma
(00.331897)      1: Parsed 7f32f031c000-7f32f0ae0000 vma
(00.331899)      1: Parsed 7f32f031c000-7f32f0ae1000 vma
(00.331901)      1: Parsed 7f32f031c000-7f32f0cc8000 vma
(00.331902)      1: Parsed 7f32f031c000-7f32f0ec8000 vma
(00.331904)      1: Parsed 7f32f031c000-7f32f0ecc000 vma
(00.331906)      1: Parsed 7f32f031c000-7f32f0ece000 vma
(00.331908)      1: Parsed 7f32f031c000-7f32f0ed2000 vma
(00.331910)      1: Parsed 7f32f031c000-7f32f0ee9000 vma
(00.331912)      1: Parsed 7f32f031c000-7f32f10e8000 vma
(00.331914)      1: Parsed 7f32f031c000-7f32f10e9000 vma
(00.331916)      1: Parsed 7f32f031c000-7f32f10ea000 vma
(00.331918)      1: Parsed 7f32f031c000-7f32f10ec000 vma
(00.331920)      1: Parsed 7f32f031c000-7f32f110a000 vma
(00.331922)      1: Parsed 7f32f031c000-7f32f1309000 vma
(00.331924)      1: Parsed 7f32f031c000-7f32f130b000 vma
(00.331926)      1: Parsed 7f32f031c000-7f32f130c000 vma
(00.331928)      1: Parsed 7f32f031c000-7f32f130f000 vma
(00.331930)      1: Parsed 7f32f031c000-7f32f150e000 vma
(00.331931)      1: Parsed 7f32f031c000-7f32f150f000 vma
(00.331933)      1: Parsed 7f32f031c000-7f32f1510000 vma
(00.331935)      1: Parsed 7f32f031c000-7f32f1518000 vma
(00.331937)      1: Parsed 7f32f031c000-7f32f1717000 vma
(00.331939)      1: Parsed 7f32f031c000-7f32f1718000 vma
(00.331950)      1: Parsed 7f32f031c000-7f32f1719000 vma
(00.331952)      1: Parsed 7f32f031c000-7f32f172c000 vma
(00.331954)      1: Parsed 7f32f031c000-7f32f192b000 vma
(00.331956)      1: Parsed 7f32f031c000-7f32f192c000 vma
(00.331958)      1: Parsed 7f32f031c000-7f32f192d000 vma
(00.331960)      1: Parsed 7f32f031c000-7f32f192e000 vma
(00.331967)      1: Parsed 7f32f031c000-7f32f1955000 vma
(00.331969)      1: Parsed 7f32f1b2e000-7f32f1b31000 vma
(00.331971)      1: Parsed 7f32f1b2e000-7f32f1b3b000 vma
(00.331973)      1: Parsed 7f32f1b2e000-7f32f1b41000 vma
(00.331975)      1: Parsed 7f32f1b2e000-7f32f1b43000 vma
(00.331977)      1: Parsed 7f32f1b2e000-7f32f1b53000 vma
(00.331979)      1: Parsed 7f32f1b2e000-7f32f1b55000 vma
(00.331981)      1: Parsed 7f32f1b2e000-7f32f1b56000 vma
(00.331983)      1: Parsed 7f32f1b2e000-7f32f1b57000 vma
(00.331984)      1: Parsed 7f32f1b2e000-7f32f1b58000 vma
(00.331987)      1: Parsed 7ffc8c387000-7ffc8c3a8000 vma
(00.331989)      1: Parsed 7ffc8c3f4000-7ffc8c3f7000 vma
(00.331991)      1: Parsed 7ffc8c3f4000-7ffc8c3f9000 vma
(00.331993)      1: Parsed ffffffffff600000-ffffffffff601000 vma
(00.331998)      1: 5 threads require 252K of memory
(00.332001)      1: Found bootstrap VMA hint at: 0x10000 (needs ~272K)
(00.332115)      1: 	call mremap(0x7f32f1b2e000, 8192, 8192, MAYMOVE | FIXED, 0x4b000)
(00.332125)      1: 	call mremap(0x7f32f1b41000, 8192, 8192, MAYMOVE | FIXED, 0x4d000)
(00.332138)      1: x86: xsave runtime structure
(00.332141)      1: x86: -----------------------
(00.332143)      1: x86: cwd:0x40 swd:0 twd:0 fop:0 mxcsr:0x1fa0 mxcsr_mask:0xffff
(00.332145)      1: x86: magic1:0x46505853 extended_size:900 xstate_bv:0x17 xstate_size:896
(00.332148)      1: x86: xstate_bv: 0x17
(00.332149)      1: x86: -----------------------
(00.332151)      1: Thread    0 stack  0x1a080 rt_sigframe  0x22080
(00.332154)      1: x86: xsave runtime structure
(00.332156)      1: x86: -----------------------
(00.332157)      1: x86: cwd:0x40 swd:0 twd:0 fop:0 mxcsr:0x1fa0 mxcsr_mask:0xffff
(00.332159)      1: x86: magic1:0x46505853 extended_size:900 xstate_bv:0x17 xstate_size:896
(00.332161)      1: x86: xstate_bv: 0x17
(00.332163)      1: x86: -----------------------
(00.332167)      1: Thread    1 stack  0x23880 rt_sigframe  0x2b880
(00.332169)      1: x86: xsave runtime structure
(00.332171)      1: x86: -----------------------
(00.332173)      1: x86: cwd:0x40 swd:0 twd:0 fop:0 mxcsr:0x1fa0 mxcsr_mask:0xffff
(00.332175)      1: x86: magic1:0x46505853 extended_size:900 xstate_bv:0x17 xstate_size:896
(00.332177)      1: x86: xstate_bv: 0x17
(00.332178)      1: x86: -----------------------
(00.332181)      1: Thread    2 stack  0x2d080 rt_sigframe  0x35080
(00.332183)      1: x86: xsave runtime structure
(00.332185)      1: x86: -----------------------
(00.332186)      1: x86: cwd:0x40 swd:0 twd:0 fop:0 mxcsr:0x1fa0 mxcsr_mask:0xffff
(00.332188)      1: x86: magic1:0x46505853 extended_size:900 xstate_bv:0x17 xstate_size:896
(00.332190)      1: x86: xstate_bv: 0x17
(00.332192)      1: x86: -----------------------
(00.332195)      1: Thread    3 stack  0x36880 rt_sigframe  0x3e880
(00.332197)      1: x86: xsave runtime structure
(00.332199)      1: x86: -----------------------
(00.332200)      1: x86: cwd:0x40 swd:0 twd:0 fop:0 mxcsr:0x1fa0 mxcsr_mask:0xffff
(00.332202)      1: x86: magic1:0x46505853 extended_size:900 xstate_bv:0x17 xstate_size:896
(00.332204)      1: x86: xstate_bv: 0x17
(00.332206)      1: x86: -----------------------
(00.332208)      1: Thread    4 stack  0x40080 rt_sigframe  0x48080
(00.332228)      1: Going to chroot into /proc/self/fd/8
(00.332233)      1: Restoring umask to 22
(00.332258)      1: task_args: 0x4a000
task_args->pid: 1
task_args->nr_threads: 5
task_args->clone_restore_fn: 0x11260
task_args->thread_args: 0x4a540
(00.332263) pie: 1: Switched to the restorer 1
(00.332401) pie: 1: Mapping native vDSO at 0x4f000
(00.332409) pie: 1: 	mmap(0x400000 -> 0x48a000, 0x7 0x12 3)
(00.332416) pie: 1: 	mmap(0x48a000 -> 0x547000, 0x3 0x12 3)
(00.332421) pie: 1: 	mmap(0x547000 -> 0x55b000, 0x3 0x12 3)
(00.332425) pie: 1: 	mmap(0x55b000 -> 0x579000, 0x3 0x32 -1)
(00.332428) pie: 1: 	mmap(0xc000000000 -> 0xc004000000, 0x3 0x32 -1)
(00.332431) pie: 1: 	mmap(0x7f9633e5b000 -> 0x7f963610c000, 0x3 0x32 -1)
(00.332434) pie: 1: 	mmap(0x7ffc26189000 -> 0x7ffc261aa000, 0x3 0x132 -1)
(00.332442) pie: 1: 	mmap(0x7ffc261bb000 -> 0x7ffc261be000, 0x3 0x32 -1)
(00.332445) pie: 1: 	mmap(0x7ffc261be000 -> 0x7ffc261c0000, 0x7 0x32 -1)
(00.332449) pie: 1: Preadv 0x400000:4096... (57 iovs)
(00.332739) pie: 1: `- returned 552960
(00.332743) pie: 1:    `- skip pagemap
(00.332745) pie: 1:    `- skip pagemap
(00.332747) pie: 1:    `- skip pagemap
(00.332749) pie: 1:    `- skip pagemap
(00.332751) pie: 1:    `- skip pagemap
(00.332754) pie: 1:    `- skip pagemap
(00.332756) pie: 1:    `- skip pagemap
(00.332758) pie: 1:    `- skip pagemap
(00.332760) pie: 1:    `- skip pagemap
(00.332762) pie: 1:    `- skip pagemap
(00.332764) pie: 1:    `- skip pagemap
(00.332766) pie: 1:    `- skip pagemap
(00.332769) pie: 1:    `- skip pagemap
(00.332771) pie: 1:    `- skip pagemap
(00.332773) pie: 1:    `- skip pagemap
(00.332775) pie: 1:    `- skip pagemap
(00.332777) pie: 1:    `- skip pagemap
(00.332779) pie: 1:    `- skip pagemap
(00.332781) pie: 1:    `- skip pagemap
(00.332783) pie: 1:    `- skip pagemap
(00.332786) pie: 1:    `- skip pagemap
(00.332788) pie: 1:    `- skip pagemap
(00.332790) pie: 1:    `- skip pagemap
(00.332792) pie: 1:    `- skip pagemap
(00.332794) pie: 1:    `- skip pagemap
(00.332796) pie: 1:    `- skip pagemap
(00.332798) pie: 1:    `- skip pagemap
(00.332800) pie: 1:    `- skip pagemap
(00.332803) pie: 1:    `- skip pagemap
(00.332805) pie: 1:    `- skip pagemap
(00.332807) pie: 1:    `- skip pagemap
(00.332809) pie: 1:    `- skip pagemap
(00.332811) pie: 1:    `- skip pagemap
(00.332813) pie: 1:    `- skip pagemap
(00.332815) pie: 1:    `- skip pagemap
(00.332817) pie: 1:    `- skip pagemap
(00.332820) pie: 1:    `- skip pagemap
(00.332822) pie: 1:    `- skip pagemap
(00.332824) pie: 1:    `- skip pagemap
(00.332826) pie: 1:    `- skip pagemap
(00.332828) pie: 1:    `- skip pagemap
(00.332830) pie: 1:    `- skip pagemap
(00.332832) pie: 1:    `- skip pagemap
(00.332834) pie: 1:    `- skip pagemap
(00.332837) pie: 1:    `- skip pagemap
(00.332839) pie: 1:    `- skip pagemap
(00.332841) pie: 1:    `- skip pagemap
(00.332843) pie: 1:    `- skip pagemap
(00.332845) pie: 1:    `- skip pagemap
(00.332847) pie: 1:    `- skip pagemap
(00.332849) pie: 1:    `- skip pagemap
(00.332852) pie: 1:    `- skip pagemap
(00.332854) pie: 1:    `- skip pagemap
(00.332856) pie: 1:    `- skip pagemap
(00.332858) pie: 1:    `- skip pagemap
(00.332860) pie: 1:    `- skip pagemap
(00.332862) pie: 1:    `- skip pagemap
(00.332866) pie: 1: vdso: Parsing at 0x7ffc261be000 0x7ffc261c0000
(00.332869) pie: 1: vdso: PT_LOAD p_vaddr: 0x0
(00.332871) pie: 1: vdso: DT_HASH: 0x120
(00.332873) pie: 1: vdso: DT_STRTAB: 0x298
(00.332876) pie: 1: vdso: DT_SYMTAB: 0x1a8
(00.332878) pie: 1: vdso: DT_STRSZ: 0x5e
(00.332880) pie: 1: vdso: DT_SYMENT: 0x18
(00.332882) pie: 1: vdso: nbucket 0x3 nchain 0xa bucket 0x7ffc261be128 chain 0x7ffc261be134
(00.332886) pie: 1: vdso: image [vdso] 0x7ffc261be000-0x7ffc261c0000 [vvar] 0x7ffc261bb000-0x7ffc261be000
(00.332889) pie: 1: vdso: Runtime vdso/vvar matches dumpee, remap inplace
(00.332897) pie: 1: vdso: Remap rt-vdso 0x52000 -> 0x7ffc261be000
(00.332905) pie: 1: vdso: Remap rt-vvar 0x4f000 -> 0x7ffc261bb000
(00.332924) pie: 1: Restoring scheduler params 0.0.0
(00.333167) pie: 1: 1: Restored
(00.333190) pie: 10: Restoring scheduler params 0.0.0
(00.333196) pie: 10: 10: Restored
(00.333206) pie: 9: Restoring scheduler params 0.0.0
(00.333212) pie: 9: 9: Restored
(00.333222) pie: 8: Restoring scheduler params 0.0.0
(00.333227) pie: 8: 8: Restored
(00.333236) pie: 7: Restoring scheduler params 0.0.0
(00.333241) pie: 7: 7: Restored
(00.333282) Running post-restore scripts
(00.333287) 	RPC
(00.334506) mnt: Switching to new ns to clean ghosts
(00.351626) Unlock network
(00.351637) Running network-unlock scripts
(00.351640) 	RPC
iptables-restore: invalid option -- 'w'
ip6tables-restore: invalid option -- 'w'
(00.359535) pie: 10: seccomp: mode 0 on tid 10
(00.361432) pie: 9: seccomp: mode 0 on tid 9
(00.361460) pie: 9: restoring lsm profile changeprofile docker-default
(00.361541) pie: 8: seccomp: mode 0 on tid 8
(00.361572) pie: 8: restoring lsm profile changeprofile docker-default
(00.361612) pie: 7: seccomp: mode 0 on tid 7
(00.361633) pie: 7: restoring lsm profile changeprofile docker-default
(00.361650) pie: 1: seccomp: mode 0 on tid 1
(00.361690) pie: 1: restoring lsm profile changeprofile docker-default
(00.361859) pie: 10: restoring lsm profile changeprofile docker-default
(00.361946) Force no-breakpoints restore
(00.361961) Force no-breakpoints restore
(00.361970) Force no-breakpoints restore
(00.361978) Force no-breakpoints restore
(00.361985) Force no-breakpoints restore
(00.361989) Restore finished successfully. Resuming tasks.
(00.361992) 4457 was trapped
(00.361996) 4457 (native) is going to execute the syscall 202, required is 15
(00.362000) 4456 was trapped
(00.362003) 4456 (native) is going to execute the syscall 202, required is 15
(00.362006) 4455 was trapped
(00.362009) 4455 (native) is going to execute the syscall 202, required is 15
(00.362012) 4417 was trapped
(00.362014) 4417 (native) is going to execute the syscall 202, required is 15
(00.362026) 4458 was trapped
(00.362029) 4458 (native) is going to execute the syscall 202, required is 15
(00.362032) 4457 was trapped
(00.362034) 4457 (native) is going to execute the syscall 202, required is 15
(00.362037) 4456 was trapped
(00.362040) 4456 (native) is going to execute the syscall 202, required is 15
(00.362043) 4455 was trapped
(00.362045) 4455 (native) is going to execute the syscall 202, required is 15
(00.362048) 4417 was trapped
(00.362051) 4417 (native) is going to execute the syscall 202, required is 15
(00.362062) 4458 was trapped
(00.362065) 4458 (native) is going to execute the syscall 202, required is 15
(00.362068) 4457 was trapped
(00.362071) 4457 (native) is going to execute the syscall 202, required is 15
(00.362074) 4456 was trapped
(00.362076) 4456 (native) is going to execute the syscall 202, required is 15
(00.362079) 4455 was trapped
(00.362082) 4455 (native) is going to execute the syscall 202, required is 15
(00.362085) 4417 was trapped
(00.362087) 4417 (native) is going to execute the syscall 202, required is 15
(00.362103) 4458 was trapped
(00.362107) 4458 (native) is going to execute the syscall 202, required is 15
(00.362110) 4457 was trapped
(00.362113) 4457 (native) is going to execute the syscall 202, required is 15
(00.362116) 4456 was trapped
(00.362118) 4456 (native) is going to execute the syscall 202, required is 15
(00.362121) 4455 was trapped
(00.362124) 4455 (native) is going to execute the syscall 202, required is 15
(00.362127) 4417 was trapped
(00.362129) 4417 (native) is going to execute the syscall 202, required is 15
(00.362140) 4458 was trapped
(00.362143) 4458 (native) is going to execute the syscall 202, required is 15
(00.362147) 4457 was trapped
(00.362149) 4457 (native) is going to execute the syscall 15, required is 15
(00.362158) 4457 was stopped
(00.362160) 4458 was trapped
(00.362163) 4458 (native) is going to execute the syscall 15, required is 15
(00.362169) 4458 was stopped
(00.362171) 4456 was trapped
(00.362174) 4456 (native) is going to execute the syscall 15, required is 15
(00.362181) 4456 was stopped
(00.362183) 4455 was trapped
(00.362185) 4455 (native) is going to execute the syscall 15, required is 15
(00.362192) 4455 was stopped
(00.362212) 4417 was trapped
(00.362215) 4417 (native) is going to execute the syscall 3, required is 15
(00.362328) 4417 was trapped
(00.362335) 4417 (native) is going to execute the syscall 3, required is 15
(00.362343) 4417 was trapped
(00.362346) 4417 (native) is going to execute the syscall 3, required is 15
(00.362351) 4417 was trapped
(00.362354) 4417 (native) is going to execute the syscall 3, required is 15
(00.362360) 4417 was trapped
(00.362363) 4417 (native) is going to execute the syscall 11, required is 15
(00.362378) 4417 was trapped
(00.362382) 4417 (native) is going to execute the syscall 11, required is 15
(00.362388) 4417 was trapped
(00.362391) 4417 (native) is going to execute the syscall 15, required is 15
(00.362398) 4417 was stopped
(00.362414) 4417 was trapped
(00.362417) 4417 (native) is going to execute the syscall 11, required is 11
(00.362438) 4417 was stopped
(00.362448) Running pre-resume scripts
(00.362451) 	RPC
(00.380279) Writing stats
(00.380324) Running post-resume scripts
(00.380327) 	RPC
