(00.000000) Unable to get $HOME directory, local configuration file will not be used.(00.000000) files stat: fs/file-max 93280, fs/nr_open 1048576
(00.000000) rlimit: RLIMIT_NOFILE unlimited for self
(00.000040) Warn  (criu/log.c:203): The early log isn't empty
(00.000043) Version: 3.11 (gitid v3.11-230-ga284d197)
(00.000049) Running on ubuntu Linux 4.18.0-18-generic #19~18.04.1-Ubuntu SMP Fri Apr 5 10:22:13 UTC 2019 x86_64
(00.000058) Loaded kdat cache from /run/criu.kdat
(00.000083) Will dump/restore TCP connections
(00.000174) cpu: x86_family 6 x86_vendor_id GenuineIntel x86_model_id Intel(R) Core(TM) i5-6300HQ CPU @ 2.30GHz
(00.000182) cpu: fpu: xfeatures_mask 0x15 xsave_size 1088 xsave_size_max 1088 xsaves_size 960
(00.000197) cpu: fpu: x87 floating point registers     xstate_offsets      0 / 0      xstate_sizes    160 / 160   
(00.000200) cpu: fpu: AVX registers                    xstate_offsets    576 / 576    xstate_sizes    256 / 256   
(00.000202) cpu: fpu: MPX CSR                          xstate_offsets   1024 / 832    xstate_sizes     64 / 64    
(00.000204) cpu: fpu:1 fxsr:1 xsave:1 xsaveopt:1 xsavec:1 xgetbv1:0 xsaves:1
(00.000225) kernel pid_max=131072
(00.000228) Reading image tree
(00.000245) Add mnt ns 12 pid 1
(00.000249) Add net ns 9 pid 1
(00.000253) pstree pid_max=1
(00.000257) Will restore in 6c020000 namespaces
(00.000259) NS mask to use 6c020000
(00.000396) Collecting 37/54 (flags 2)
(00.000409) Collected [go/src/time/time] ID 0x1
(00.000413) Collected pipe entry ID 0x2 PIPE ID 0xb7ec
(00.000425) Found id pipe:[47084] (fd 1) in inherit fd list
(00.000429) Collected pipe entry ID 0x3 PIPE ID 0xb7ed
(00.000433) Found id pipe:[47085] (fd 2) in inherit fd list
(00.000439) Collected pipe entry ID 0x4 PIPE ID 0xb7ee
(00.000443) Found id pipe:[47086] (fd 9) in inherit fd list
(00.000446) Collected [go/src/time] ID 0x5
(00.000449) Collected [.] ID 0x6
(00.000453)  `- ... done
(00.000455) Collecting 43/63 (flags 0)
(00.000459) No remap-fpath.img image
(00.000461)  `- ... done
(00.000515) cg: rewriting docker/cc822f6bd3abca647ffe620337a92f50339193938df0345dd4dd9617e92df150 to /docker/4c80385912b3e14d59039f372c6db66860689e231b3dd11c2db27104daae9427
(00.000521) cg: rewriting docker/cc822f6bd3abca647ffe620337a92f50339193938df0345dd4dd9617e92df150 to /docker/4c80385912b3e14d59039f372c6db66860689e231b3dd11c2db27104daae9427
(00.000525) cg: rewriting docker/cc822f6bd3abca647ffe620337a92f50339193938df0345dd4dd9617e92df150 to /docker/4c80385912b3e14d59039f372c6db66860689e231b3dd11c2db27104daae9427
(00.000528) cg: rewriting docker/cc822f6bd3abca647ffe620337a92f50339193938df0345dd4dd9617e92df150 to /docker/4c80385912b3e14d59039f372c6db66860689e231b3dd11c2db27104daae9427
(00.000531) cg: rewriting docker/cc822f6bd3abca647ffe620337a92f50339193938df0345dd4dd9617e92df150 to /docker/4c80385912b3e14d59039f372c6db66860689e231b3dd11c2db27104daae9427
(00.000534) cg: rewriting docker/cc822f6bd3abca647ffe620337a92f50339193938df0345dd4dd9617e92df150 to /docker/4c80385912b3e14d59039f372c6db66860689e231b3dd11c2db27104daae9427
(00.000537) cg: rewriting docker/cc822f6bd3abca647ffe620337a92f50339193938df0345dd4dd9617e92df150 to /docker/4c80385912b3e14d59039f372c6db66860689e231b3dd11c2db27104daae9427
(00.000540) cg: rewriting docker/cc822f6bd3abca647ffe620337a92f50339193938df0345dd4dd9617e92df150 to /docker/4c80385912b3e14d59039f372c6db66860689e231b3dd11c2db27104daae9427
(00.000543) cg: rewriting  to /
(00.000545) cg: rewriting docker/cc822f6bd3abca647ffe620337a92f50339193938df0345dd4dd9617e92df150 to /docker/4c80385912b3e14d59039f372c6db66860689e231b3dd11c2db27104daae9427
(00.000548) cg: rewriting docker/cc822f6bd3abca647ffe620337a92f50339193938df0345dd4dd9617e92df150 to /docker/4c80385912b3e14d59039f372c6db66860689e231b3dd11c2db27104daae9427
(00.000551) cg: rewriting docker/cc822f6bd3abca647ffe620337a92f50339193938df0345dd4dd9617e92df150 to /docker/4c80385912b3e14d59039f372c6db66860689e231b3dd11c2db27104daae9427
(00.000554) cg: Preparing cgroups yard (cgroups restore mode 0x4)
(00.000698) cg: Opening .criu.cgyard.8u7LWr as cg yard
(00.000708) cg: 	Making controller dir .criu.cgyard.8u7LWr/perf_event (perf_event)
(00.011295) cg: Determined cgroup dir perf_event//docker/4c80385912b3e14d59039f372c6db66860689e231b3dd11c2db27104daae9427 already exist
(00.011306) cg: Skip restoring properties on cgroup dir perf_event//docker/4c80385912b3e14d59039f372c6db66860689e231b3dd11c2db27104daae9427
(00.011319) cg: 	Making controller dir .criu.cgyard.8u7LWr/net_cls,net_prio (net_cls,net_prio)
(00.011547) cg: Determined cgroup dir net_cls,net_prio//docker/4c80385912b3e14d59039f372c6db66860689e231b3dd11c2db27104daae9427 already exist
(00.011551) cg: Skip restoring properties on cgroup dir net_cls,net_prio//docker/4c80385912b3e14d59039f372c6db66860689e231b3dd11c2db27104daae9427
(00.011560) cg: 	Making controller dir .criu.cgyard.8u7LWr/pids (pids)
(00.011732) cg: Determined cgroup dir pids//docker/4c80385912b3e14d59039f372c6db66860689e231b3dd11c2db27104daae9427 already exist
(00.011736) cg: Skip restoring properties on cgroup dir pids//docker/4c80385912b3e14d59039f372c6db66860689e231b3dd11c2db27104daae9427
(00.011760) cg: 	Making controller dir .criu.cgyard.8u7LWr/devices (devices)
(00.011867) cg: Determined cgroup dir devices//docker/4c80385912b3e14d59039f372c6db66860689e231b3dd11c2db27104daae9427 already exist
(00.011871) cg: Skip restoring properties on cgroup dir devices//docker/4c80385912b3e14d59039f372c6db66860689e231b3dd11c2db27104daae9427
(00.011879) cg: 	Making controller dir .criu.cgyard.8u7LWr/cpuset (cpuset)
(00.011985) cg: Determined cgroup dir cpuset//docker/4c80385912b3e14d59039f372c6db66860689e231b3dd11c2db27104daae9427 already exist
(00.011989) cg: Skip restoring properties on cgroup dir cpuset//docker/4c80385912b3e14d59039f372c6db66860689e231b3dd11c2db27104daae9427
(00.011996) cg: 	Making controller dir .criu.cgyard.8u7LWr/blkio (blkio)
(00.012102) cg: Determined cgroup dir blkio//docker/4c80385912b3e14d59039f372c6db66860689e231b3dd11c2db27104daae9427 already exist
(00.012105) cg: Skip restoring properties on cgroup dir blkio//docker/4c80385912b3e14d59039f372c6db66860689e231b3dd11c2db27104daae9427
(00.012113) cg: 	Making controller dir .criu.cgyard.8u7LWr/cpu,cpuacct (cpu,cpuacct)
(00.012220) cg: Determined cgroup dir cpu,cpuacct//docker/4c80385912b3e14d59039f372c6db66860689e231b3dd11c2db27104daae9427 already exist
(00.012223) cg: Skip restoring properties on cgroup dir cpu,cpuacct//docker/4c80385912b3e14d59039f372c6db66860689e231b3dd11c2db27104daae9427
(00.012231) cg: 	Making controller dir .criu.cgyard.8u7LWr/freezer (freezer)
(00.012338) cg: Determined cgroup dir freezer//docker/4c80385912b3e14d59039f372c6db66860689e231b3dd11c2db27104daae9427 already exist
(00.012342) cg: Skip restoring properties on cgroup dir freezer//docker/4c80385912b3e14d59039f372c6db66860689e231b3dd11c2db27104daae9427
(00.012349) cg: 	Making controller dir .criu.cgyard.8u7LWr/rdma (rdma)
(00.012454) cg: Determined cgroup dir rdma// already exist
(00.012458) cg: Skip restoring properties on cgroup dir rdma//
(00.012465) cg: 	Making controller dir .criu.cgyard.8u7LWr/memory (memory)
(00.023874) cg: Determined cgroup dir memory//docker/4c80385912b3e14d59039f372c6db66860689e231b3dd11c2db27104daae9427 already exist
(00.023885) cg: Skip restoring properties on cgroup dir memory//docker/4c80385912b3e14d59039f372c6db66860689e231b3dd11c2db27104daae9427
(00.023896) cg: 	Making controller dir .criu.cgyard.8u7LWr/hugetlb (hugetlb)
(00.025170) cg: Determined cgroup dir hugetlb//docker/4c80385912b3e14d59039f372c6db66860689e231b3dd11c2db27104daae9427 already exist
(00.025176) cg: Skip restoring properties on cgroup dir hugetlb//docker/4c80385912b3e14d59039f372c6db66860689e231b3dd11c2db27104daae9427
(00.025187) cg: 	Making controller dir .criu.cgyard.8u7LWr/systemd (none,name=systemd)
(00.026751) cg: Determined cgroup dir systemd//docker/4c80385912b3e14d59039f372c6db66860689e231b3dd11c2db27104daae9427 already exist
(00.026758) cg: Skip restoring properties on cgroup dir systemd//docker/4c80385912b3e14d59039f372c6db66860689e231b3dd11c2db27104daae9427
(00.026770) Running pre-restore scripts
(00.026772) 	RPC
(00.032515) Saved netns fd for links restore
(00.032614) mnt: Reading mountpoint images (id 12 pid 1)
(00.032620) mnt: 		Will mount 929 from /
(00.032622) mnt: 		Will mount 929 @ /tmp/.criu.mntns.detTL7/12-0000000000/sys/firmware
(00.032624) mnt: 	Read 929 mp @ /tmp/.criu.mntns.detTL7/12-0000000000/sys/firmware
(00.032629) mnt: 		Will mount 928 from /sys/fs/cgroup/perf_event (E)
(00.032631) mnt: 		Will mount 928 @ /tmp/.criu.mntns.detTL7/12-0000000000/sys/fs/cgroup/perf_event
(00.032632) mnt: 	Read 928 mp @ /tmp/.criu.mntns.detTL7/12-0000000000/sys/fs/cgroup/perf_event
(00.032635) mnt: 		Will mount 927 from /sys/fs/cgroup/net_cls,net_prio (E)
(00.032637) mnt: 		Will mount 927 @ /tmp/.criu.mntns.detTL7/12-0000000000/sys/fs/cgroup/net_cls,net_prio
(00.032639) mnt: 	Read 927 mp @ /tmp/.criu.mntns.detTL7/12-0000000000/sys/fs/cgroup/net_cls,net_prio
(00.032642) mnt: 		Will mount 926 from /sys/fs/cgroup/pids/system.slice/docker.service (E)
(00.032643) mnt: 		Will mount 926 @ /tmp/.criu.mntns.detTL7/12-0000000000/sys/fs/cgroup/pids
(00.032645) mnt: 	Read 926 mp @ /tmp/.criu.mntns.detTL7/12-0000000000/sys/fs/cgroup/pids
(00.032647) mnt: 		Will mount 925 from /sys/fs/cgroup/devices/system.slice/docker.service (E)
(00.032649) mnt: 		Will mount 925 @ /tmp/.criu.mntns.detTL7/12-0000000000/sys/fs/cgroup/devices
(00.032650) mnt: 	Read 925 mp @ /tmp/.criu.mntns.detTL7/12-0000000000/sys/fs/cgroup/devices
(00.032656) mnt: 		Will mount 924 from /sys/fs/cgroup/cpuset (E)
(00.032658) mnt: 		Will mount 924 @ /tmp/.criu.mntns.detTL7/12-0000000000/sys/fs/cgroup/cpuset
(00.032660) mnt: 	Read 924 mp @ /tmp/.criu.mntns.detTL7/12-0000000000/sys/fs/cgroup/cpuset
(00.032662) mnt: 		Will mount 923 from /sys/fs/cgroup/blkio (E)
(00.032664) mnt: 		Will mount 923 @ /tmp/.criu.mntns.detTL7/12-0000000000/sys/fs/cgroup/blkio
(00.032666) mnt: 	Read 923 mp @ /tmp/.criu.mntns.detTL7/12-0000000000/sys/fs/cgroup/blkio
(00.032668) mnt: 		Will mount 922 from /sys/fs/cgroup/cpu,cpuacct (E)
(00.032670) mnt: 		Will mount 922 @ /tmp/.criu.mntns.detTL7/12-0000000000/sys/fs/cgroup/cpu,cpuacct
(00.032671) mnt: 	Read 922 mp @ /tmp/.criu.mntns.detTL7/12-0000000000/sys/fs/cgroup/cpu,cpuacct
(00.032674) mnt: 		Will mount 921 from /sys/fs/cgroup/freezer (E)
(00.032676) mnt: 		Will mount 921 @ /tmp/.criu.mntns.detTL7/12-0000000000/sys/fs/cgroup/freezer
(00.032677) mnt: 	Read 921 mp @ /tmp/.criu.mntns.detTL7/12-0000000000/sys/fs/cgroup/freezer
(00.032680) mnt: 		Will mount 920 from /sys/fs/cgroup/rdma (E)
(00.032681) mnt: 		Will mount 920 @ /tmp/.criu.mntns.detTL7/12-0000000000/sys/fs/cgroup/rdma
(00.032683) mnt: 	Read 920 mp @ /tmp/.criu.mntns.detTL7/12-0000000000/sys/fs/cgroup/rdma
(00.032685) mnt: 		Will mount 919 from /sys/fs/cgroup/memory (E)
(00.032687) mnt: 		Will mount 919 @ /tmp/.criu.mntns.detTL7/12-0000000000/sys/fs/cgroup/memory
(00.032688) mnt: 	Read 919 mp @ /tmp/.criu.mntns.detTL7/12-0000000000/sys/fs/cgroup/memory
(00.032692) mnt: 		Will mount 918 from /sys/fs/cgroup/hugetlb (E)
(00.032694) mnt: 		Will mount 918 @ /tmp/.criu.mntns.detTL7/12-0000000000/sys/fs/cgroup/hugetlb
(00.032695) mnt: 	Read 918 mp @ /tmp/.criu.mntns.detTL7/12-0000000000/sys/fs/cgroup/hugetlb
(00.032698) mnt: 		Will mount 917 from /sys/fs/cgroup/systemd/system.slice/docker.service (E)
(00.032700) mnt: 		Will mount 917 @ /tmp/.criu.mntns.detTL7/12-0000000000/sys/fs/cgroup/systemd
(00.032701) mnt: 	Read 917 mp @ /tmp/.criu.mntns.detTL7/12-0000000000/sys/fs/cgroup/systemd
(00.032703) mnt: 		Will mount 916 from /
(00.032705) mnt: 		Will mount 916 @ /tmp/.criu.mntns.detTL7/12-0000000000/sys/fs/cgroup
(00.032706) mnt: 	Read 916 mp @ /tmp/.criu.mntns.detTL7/12-0000000000/sys/fs/cgroup
(00.032709) mnt: 		Will mount 915 from /
(00.032710) mnt: 		Will mount 915 @ /tmp/.criu.mntns.detTL7/12-0000000000/sys
(00.032712) mnt: 	Read 915 mp @ /tmp/.criu.mntns.detTL7/12-0000000000/sys
(00.032714) mnt: 		Will mount 914 from /var/lib/docker/containers/4c80385912b3e14d59039f372c6db66860689e231b3dd11c2db27104daae9427/shm (E)
(00.032716) mnt: 		Will mount 914 @ /tmp/.criu.mntns.detTL7/12-0000000000/dev/shm
(00.032721) mnt: 	Read 914 mp @ /tmp/.criu.mntns.detTL7/12-0000000000/dev/shm
(00.032725) mnt: 		Will mount 913 from /
(00.032727) mnt: 		Will mount 913 @ /tmp/.criu.mntns.detTL7/12-0000000000/dev/mqueue
(00.032728) mnt: 	Read 913 mp @ /tmp/.criu.mntns.detTL7/12-0000000000/dev/mqueue
(00.032730) mnt: 		Will mount 912 from /
(00.032732) mnt: 		Will mount 912 @ /tmp/.criu.mntns.detTL7/12-0000000000/dev/pts
(00.032734) mnt: 	Read 912 mp @ /tmp/.criu.mntns.detTL7/12-0000000000/dev/pts
(00.032736) mnt: 		Will mount 911 from /
(00.032737) mnt: 		Will mount 911 @ /tmp/.criu.mntns.detTL7/12-0000000000/dev
(00.032739) mnt: 	Read 911 mp @ /tmp/.criu.mntns.detTL7/12-0000000000/dev
(00.032741) mnt: 		Will mount 910 from /dev/null (E)
(00.032743) mnt: 		Will mount 910 @ /tmp/.criu.mntns.detTL7/12-0000000000/proc/sched_debug
(00.032744) mnt: 	Read 910 mp @ /tmp/.criu.mntns.detTL7/12-0000000000/proc/sched_debug
(00.032747) mnt: 		Will mount 909 from /dev/null (E)
(00.032749) mnt: 		Will mount 909 @ /tmp/.criu.mntns.detTL7/12-0000000000/proc/timer_list
(00.032750) mnt: 	Read 909 mp @ /tmp/.criu.mntns.detTL7/12-0000000000/proc/timer_list
(00.032754) mnt: 		Will mount 908 from /dev/null (E)
(00.032756) mnt: 		Will mount 908 @ /tmp/.criu.mntns.detTL7/12-0000000000/proc/kcore
(00.032757) mnt: 	Read 908 mp @ /tmp/.criu.mntns.detTL7/12-0000000000/proc/kcore
(00.032759) mnt: 		Will mount 907 from /sysrq-trigger
(00.032761) mnt: 		Will mount 907 @ /tmp/.criu.mntns.detTL7/12-0000000000/proc/sysrq-trigger
(00.032762) mnt: 	Read 907 mp @ /tmp/.criu.mntns.detTL7/12-0000000000/proc/sysrq-trigger
(00.032765) mnt: 		Will mount 906 from /sys
(00.032766) mnt: 		Will mount 906 @ /tmp/.criu.mntns.detTL7/12-0000000000/proc/sys
(00.032768) mnt: 	Read 906 mp @ /tmp/.criu.mntns.detTL7/12-0000000000/proc/sys
(00.032770) mnt: 		Will mount 905 from /irq
(00.032771) mnt: 		Will mount 905 @ /tmp/.criu.mntns.detTL7/12-0000000000/proc/irq
(00.032773) mnt: 	Read 905 mp @ /tmp/.criu.mntns.detTL7/12-0000000000/proc/irq
(00.032775) mnt: 		Will mount 904 from /fs
(00.032777) mnt: 		Will mount 904 @ /tmp/.criu.mntns.detTL7/12-0000000000/proc/fs
(00.032778) mnt: 	Read 904 mp @ /tmp/.criu.mntns.detTL7/12-0000000000/proc/fs
(00.032781) mnt: 		Will mount 903 from /bus
(00.032783) mnt: 		Will mount 903 @ /tmp/.criu.mntns.detTL7/12-0000000000/proc/bus
(00.032785) mnt: 	Read 903 mp @ /tmp/.criu.mntns.detTL7/12-0000000000/proc/bus
(00.032787) mnt: 		Will mount 902 from /asound
(00.032788) mnt: 		Will mount 902 @ /tmp/.criu.mntns.detTL7/12-0000000000/proc/asound
(00.032790) mnt: 	Read 902 mp @ /tmp/.criu.mntns.detTL7/12-0000000000/proc/asound
(00.032792) mnt: 		Will mount 901 from /
(00.032793) mnt: 		Will mount 901 @ /tmp/.criu.mntns.detTL7/12-0000000000/proc
(00.032795) mnt: 	Read 901 mp @ /tmp/.criu.mntns.detTL7/12-0000000000/proc
(00.032798) mnt: 		Will mount 900 from /var/lib/docker/containers/4c80385912b3e14d59039f372c6db66860689e231b3dd11c2db27104daae9427/hosts (E)
(00.032799) mnt: 		Will mount 900 @ /tmp/.criu.mntns.detTL7/12-0000000000/etc/hosts
(00.032801) mnt: 	Read 900 mp @ /tmp/.criu.mntns.detTL7/12-0000000000/etc/hosts
(00.032803) mnt: 		Will mount 899 from /var/lib/docker/containers/4c80385912b3e14d59039f372c6db66860689e231b3dd11c2db27104daae9427/hostname (E)
(00.032805) mnt: 		Will mount 899 @ /tmp/.criu.mntns.detTL7/12-0000000000/etc/hostname
(00.032806) mnt: 	Read 899 mp @ /tmp/.criu.mntns.detTL7/12-0000000000/etc/hostname
(00.032810) mnt: 		Will mount 898 from /var/lib/docker/containers/4c80385912b3e14d59039f372c6db66860689e231b3dd11c2db27104daae9427/resolv.conf (E)
(00.032812) mnt: 		Will mount 898 @ /tmp/.criu.mntns.detTL7/12-0000000000/etc/resolv.conf
(00.032814) mnt: 	Read 898 mp @ /tmp/.criu.mntns.detTL7/12-0000000000/etc/resolv.conf
(00.032816) mnt: 		Will mount 897 from /
(00.032818) mnt: 		Will mount 897 @ /tmp/.criu.mntns.detTL7/12-0000000000/
(00.032819) mnt: 	Read 897 mp @ /tmp/.criu.mntns.detTL7/12-0000000000/
(00.032825) No netns-9.img image
(00.032866) Warn  (criu/cr-restore.c:1266): Set CLONE_PARENT | CLONE_NEWPID but it might cause restore problem,because not all kernels support such clone flags combinations!
(00.032871) Forking task with 1 pid (flags 0x6c028000)
(00.041943) PID: real 4715 virt 1
(00.042013) Wait until namespaces are created
(00.059930) Running setup-namespaces scripts
(00.059943) 	RPC
(00.267918)      1: cg: Move into 2
(00.267975)      1: cg:   `-> blkio//docker/4c80385912b3e14d59039f372c6db66860689e231b3dd11c2db27104daae9427/tasks
(00.268023)      1: cg:   `-> cpu,cpuacct//docker/4c80385912b3e14d59039f372c6db66860689e231b3dd11c2db27104daae9427/tasks
(00.268041)      1: cg:   `-> cpuset//docker/4c80385912b3e14d59039f372c6db66860689e231b3dd11c2db27104daae9427/tasks
(00.268055)      1: cg:   `-> devices//docker/4c80385912b3e14d59039f372c6db66860689e231b3dd11c2db27104daae9427/tasks
(00.268068)      1: cg:   `-> freezer//docker/4c80385912b3e14d59039f372c6db66860689e231b3dd11c2db27104daae9427/tasks
(00.268081)      1: cg:   `-> hugetlb//docker/4c80385912b3e14d59039f372c6db66860689e231b3dd11c2db27104daae9427/tasks
(00.268094)      1: cg:   `-> memory//docker/4c80385912b3e14d59039f372c6db66860689e231b3dd11c2db27104daae9427/tasks
(00.268107)      1: cg:   `-> systemd//docker/4c80385912b3e14d59039f372c6db66860689e231b3dd11c2db27104daae9427/tasks
(00.268120)      1: cg:   `-> net_cls,net_prio//docker/4c80385912b3e14d59039f372c6db66860689e231b3dd11c2db27104daae9427/tasks
(00.268132)      1: cg:   `-> perf_event//docker/4c80385912b3e14d59039f372c6db66860689e231b3dd11c2db27104daae9427/tasks
(00.268145)      1: cg:   `-> pids//docker/4c80385912b3e14d59039f372c6db66860689e231b3dd11c2db27104daae9427/tasks
(00.268159)      1: cg:   `-> rdma///tasks
(00.268171)      1: Calling restore_sid() for init
(00.268178)      1: Restoring 1 to 1 sid
(00.268381)      1: Mount procfs in crtools-proc.HGsMbO
(00.268584)      1: Collecting 41/37 (flags 2)
(00.268611)      1: No tty-info.img image
(00.268615)      1:  `- ... done
(00.268618)      1: Collecting 42/51 (flags 0)
(00.268623)      1: No tty-data.img image
(00.268635)      1:  `- ... done
(00.268639)      1: Restoring namespaces 1 flags 0x6c028000
(00.283202)      1: kernel/hostname nr 12
(00.283265)      1: kernel/domainname nr 6
(00.283486)      1: Restoring IPC namespace
(00.283494)      1: Restoring IPC variables
(00.284591)      1: Restoring IPC shared memory
(00.284608)      1: No ipcns-shm-10.img image
(00.284611)      1: Restoring IPC message queues
(00.284616)      1: No ipcns-msg-10.img image
(00.284618)      1: Restoring IPC semaphores sets
(00.284622)      1: No ipcns-sem-10.img image
(00.284674)      1: No netns-ct-9.img image
(00.284686)      1: No netns-exp-9.img image
(00.284730)      1: mnt: Restoring mount namespace
(00.284740)      1: mnt: Building mountpoints tree
(00.284744)      1: mnt: 	Building plain mount tree
(00.284747)      1: mnt: 		Working on 897->789
(00.284753)      1: mnt: Mountpoint 897 (@/tmp/.criu.mntns.detTL7/12-0000000000/) w/o parent 789
(00.284759)      1: mnt: Mountpoint 897 (@/tmp/.criu.mntns.detTL7/12-0000000000/) get parent 0 (@/tmp/.criu.mntns.detTL7)
(00.284763)      1: mnt: 		Working on 898->897
(00.284765)      1: mnt: 		Working on 899->897
(00.284771)      1: mnt: 		Working on 900->897
(00.284774)      1: mnt: 		Working on 901->897
(00.284777)      1: mnt: 		Working on 902->901
(00.284779)      1: mnt: 		Working on 903->901
(00.284784)      1: mnt: 		Working on 904->901
(00.284787)      1: mnt: 		Working on 905->901
(00.284790)      1: mnt: 		Working on 906->901
(00.284792)      1: mnt: 		Working on 907->901
(00.284794)      1: mnt: 		Working on 908->901
(00.284799)      1: mnt: 		Working on 909->901
(00.284803)      1: mnt: 		Working on 910->901
(00.284805)      1: mnt: 		Working on 911->897
(00.284807)      1: mnt: 		Working on 912->911
(00.284809)      1: mnt: 		Working on 913->911
(00.284811)      1: mnt: 		Working on 914->911
(00.284816)      1: mnt: 		Working on 915->897
(00.284820)      1: mnt: 		Working on 916->915
(00.284822)      1: mnt: 		Working on 917->916
(00.284824)      1: mnt: 		Working on 918->916
(00.284826)      1: mnt: 		Working on 919->916
(00.284838)      1: mnt: 		Working on 920->916
(00.284841)      1: mnt: 		Working on 921->916
(00.284843)      1: mnt: 		Working on 922->916
(00.284845)      1: mnt: 		Working on 923->916
(00.284847)      1: mnt: 		Working on 924->916
(00.284851)      1: mnt: 		Working on 925->916
(00.284857)      1: mnt: 		Working on 926->916
(00.284860)      1: mnt: 		Working on 927->916
(00.284865)      1: mnt: 		Working on 928->916
(00.284868)      1: mnt: 		Working on 929->915
(00.284870)      1: mnt: 	Resorting siblings on 0
(00.284872)      1: mnt: 	Resorting siblings on 897
(00.284874)      1: mnt: 	Resorting siblings on 898
(00.284876)      1: mnt: 	Resorting siblings on 899
(00.284878)      1: mnt: 	Resorting siblings on 900
(00.284880)      1: mnt: 	Resorting siblings on 901
(00.284881)      1: mnt: 	Resorting siblings on 902
(00.284883)      1: mnt: 	Resorting siblings on 903
(00.284885)      1: mnt: 	Resorting siblings on 904
(00.284886)      1: mnt: 	Resorting siblings on 905
(00.284888)      1: mnt: 	Resorting siblings on 906
(00.284890)      1: mnt: 	Resorting siblings on 907
(00.284892)      1: mnt: 	Resorting siblings on 908
(00.284894)      1: mnt: 	Resorting siblings on 909
(00.284896)      1: mnt: 	Resorting siblings on 910
(00.284898)      1: mnt: 	Resorting siblings on 911
(00.284900)      1: mnt: 	Resorting siblings on 912
(00.284901)      1: mnt: 	Resorting siblings on 913
(00.284903)      1: mnt: 	Resorting siblings on 914
(00.284905)      1: mnt: 	Resorting siblings on 915
(00.284907)      1: mnt: 	Resorting siblings on 916
(00.284908)      1: mnt: 	Resorting siblings on 917
(00.284910)      1: mnt: 	Resorting siblings on 918
(00.284912)      1: mnt: 	Resorting siblings on 919
(00.284914)      1: mnt: 	Resorting siblings on 920
(00.284916)      1: mnt: 	Resorting siblings on 921
(00.284918)      1: mnt: 	Resorting siblings on 922
(00.284920)      1: mnt: 	Resorting siblings on 923
(00.284922)      1: mnt: 	Resorting siblings on 924
(00.284925)      1: mnt: 	Resorting siblings on 925
(00.284927)      1: mnt: 	Resorting siblings on 926
(00.284929)      1: mnt: 	Resorting siblings on 927
(00.284932)      1: mnt: 	Resorting siblings on 928
(00.284933)      1: mnt: 	Resorting siblings on 929
(00.284935)      1: mnt: Done:
(00.284937)      1: mnt: [/tmp/.criu.mntns.detTL7](0->0)
(00.284939)      1: mnt:  [/tmp/.criu.mntns.detTL7/12-0000000000/](897->789)
(00.284941)      1: mnt:   [/tmp/.criu.mntns.detTL7/12-0000000000/etc/resolv.conf](898->897)
(00.284943)      1: mnt:   <--
(00.284945)      1: mnt:   [/tmp/.criu.mntns.detTL7/12-0000000000/etc/hostname](899->897)
(00.284947)      1: mnt:   <--
(00.284948)      1: mnt:   [/tmp/.criu.mntns.detTL7/12-0000000000/etc/hosts](900->897)
(00.284950)      1: mnt:   <--
(00.284952)      1: mnt:   [/tmp/.criu.mntns.detTL7/12-0000000000/proc](901->897)
(00.284954)      1: mnt:    [/tmp/.criu.mntns.detTL7/12-0000000000/proc/asound](902->901)
(00.284955)      1: mnt:    <--
(00.284957)      1: mnt:    [/tmp/.criu.mntns.detTL7/12-0000000000/proc/bus](903->901)
(00.284959)      1: mnt:    <--
(00.284960)      1: mnt:    [/tmp/.criu.mntns.detTL7/12-0000000000/proc/fs](904->901)
(00.284962)      1: mnt:    <--
(00.284964)      1: mnt:    [/tmp/.criu.mntns.detTL7/12-0000000000/proc/irq](905->901)
(00.284965)      1: mnt:    <--
(00.284967)      1: mnt:    [/tmp/.criu.mntns.detTL7/12-0000000000/proc/sys](906->901)
(00.284969)      1: mnt:    <--
(00.284970)      1: mnt:    [/tmp/.criu.mntns.detTL7/12-0000000000/proc/sysrq-trigger](907->901)
(00.284972)      1: mnt:    <--
(00.284974)      1: mnt:    [/tmp/.criu.mntns.detTL7/12-0000000000/proc/kcore](908->901)
(00.284975)      1: mnt:    <--
(00.284977)      1: mnt:    [/tmp/.criu.mntns.detTL7/12-0000000000/proc/timer_list](909->901)
(00.284979)      1: mnt:    <--
(00.284980)      1: mnt:    [/tmp/.criu.mntns.detTL7/12-0000000000/proc/sched_debug](910->901)
(00.284982)      1: mnt:    <--
(00.284984)      1: mnt:   <--
(00.284985)      1: mnt:   [/tmp/.criu.mntns.detTL7/12-0000000000/dev](911->897)
(00.284987)      1: mnt:    [/tmp/.criu.mntns.detTL7/12-0000000000/dev/pts](912->911)
(00.284992)      1: mnt:    <--
(00.284994)      1: mnt:    [/tmp/.criu.mntns.detTL7/12-0000000000/dev/mqueue](913->911)
(00.284996)      1: mnt:    <--
(00.284997)      1: mnt:    [/tmp/.criu.mntns.detTL7/12-0000000000/dev/shm](914->911)
(00.284999)      1: mnt:    <--
(00.285001)      1: mnt:   <--
(00.285002)      1: mnt:   [/tmp/.criu.mntns.detTL7/12-0000000000/sys](915->897)
(00.285004)      1: mnt:    [/tmp/.criu.mntns.detTL7/12-0000000000/sys/fs/cgroup](916->915)
(00.285006)      1: mnt:     [/tmp/.criu.mntns.detTL7/12-0000000000/sys/fs/cgroup/systemd](917->916)
(00.285008)      1: mnt:     <--
(00.285009)      1: mnt:     [/tmp/.criu.mntns.detTL7/12-0000000000/sys/fs/cgroup/hugetlb](918->916)
(00.285011)      1: mnt:     <--
(00.285013)      1: mnt:     [/tmp/.criu.mntns.detTL7/12-0000000000/sys/fs/cgroup/memory](919->916)
(00.285014)      1: mnt:     <--
(00.285016)      1: mnt:     [/tmp/.criu.mntns.detTL7/12-0000000000/sys/fs/cgroup/rdma](920->916)
(00.285018)      1: mnt:     <--
(00.285019)      1: mnt:     [/tmp/.criu.mntns.detTL7/12-0000000000/sys/fs/cgroup/freezer](921->916)
(00.285021)      1: mnt:     <--
(00.285023)      1: mnt:     [/tmp/.criu.mntns.detTL7/12-0000000000/sys/fs/cgroup/cpu,cpuacct](922->916)
(00.285024)      1: mnt:     <--
(00.285026)      1: mnt:     [/tmp/.criu.mntns.detTL7/12-0000000000/sys/fs/cgroup/blkio](923->916)
(00.285028)      1: mnt:     <--
(00.285029)      1: mnt:     [/tmp/.criu.mntns.detTL7/12-0000000000/sys/fs/cgroup/cpuset](924->916)
(00.285031)      1: mnt:     <--
(00.285033)      1: mnt:     [/tmp/.criu.mntns.detTL7/12-0000000000/sys/fs/cgroup/devices](925->916)
(00.285034)      1: mnt:     <--
(00.285036)      1: mnt:     [/tmp/.criu.mntns.detTL7/12-0000000000/sys/fs/cgroup/pids](926->916)
(00.285038)      1: mnt:     <--
(00.285039)      1: mnt:     [/tmp/.criu.mntns.detTL7/12-0000000000/sys/fs/cgroup/net_cls,net_prio](927->916)
(00.285041)      1: mnt:     <--
(00.285043)      1: mnt:     [/tmp/.criu.mntns.detTL7/12-0000000000/sys/fs/cgroup/perf_event](928->916)
(00.285044)      1: mnt:     <--
(00.285046)      1: mnt:    <--
(00.285048)      1: mnt:    [/tmp/.criu.mntns.detTL7/12-0000000000/sys/firmware](929->915)
(00.285049)      1: mnt:    <--
(00.285051)      1: mnt:   <--
(00.285053)      1: mnt:  <--
(00.285054)      1: mnt: <--
(00.285056)      1: mnt: Inspecting sharing on 897 shared_id 0 master_id 0 (@/tmp/.criu.mntns.detTL7/12-0000000000/)
(00.285059)      1: mnt: Inspecting sharing on 898 shared_id 0 master_id 0 (@/tmp/.criu.mntns.detTL7/12-0000000000/etc/resolv.conf)
(00.285061)      1: mnt: 	The mount 899 is bind for 898 (@/tmp/.criu.mntns.detTL7/12-0000000000/etc/hostname -> @/tmp/.criu.mntns.detTL7/12-0000000000/etc/resolv.conf)
(00.285063)      1: mnt: 	The mount 900 is bind for 898 (@/tmp/.criu.mntns.detTL7/12-0000000000/etc/hosts -> @/tmp/.criu.mntns.detTL7/12-0000000000/etc/resolv.conf)
(00.285065)      1: mnt: Inspecting sharing on 899 shared_id 0 master_id 0 (@/tmp/.criu.mntns.detTL7/12-0000000000/etc/hostname)
(00.285067)      1: mnt: Inspecting sharing on 900 shared_id 0 master_id 0 (@/tmp/.criu.mntns.detTL7/12-0000000000/etc/hosts)
(00.285069)      1: mnt: Inspecting sharing on 901 shared_id 0 master_id 0 (@/tmp/.criu.mntns.detTL7/12-0000000000/proc)
(00.285071)      1: mnt: 	The mount 902 is bind for 901 (@/tmp/.criu.mntns.detTL7/12-0000000000/proc/asound -> @/tmp/.criu.mntns.detTL7/12-0000000000/proc)
(00.285073)      1: mnt: 	The mount 903 is bind for 901 (@/tmp/.criu.mntns.detTL7/12-0000000000/proc/bus -> @/tmp/.criu.mntns.detTL7/12-0000000000/proc)
(00.285075)      1: mnt: 	The mount 904 is bind for 901 (@/tmp/.criu.mntns.detTL7/12-0000000000/proc/fs -> @/tmp/.criu.mntns.detTL7/12-0000000000/proc)
(00.285076)      1: mnt: 	The mount 905 is bind for 901 (@/tmp/.criu.mntns.detTL7/12-0000000000/proc/irq -> @/tmp/.criu.mntns.detTL7/12-0000000000/proc)
(00.285078)      1: mnt: 	The mount 906 is bind for 901 (@/tmp/.criu.mntns.detTL7/12-0000000000/proc/sys -> @/tmp/.criu.mntns.detTL7/12-0000000000/proc)
(00.285082)      1: mnt: 	The mount 907 is bind for 901 (@/tmp/.criu.mntns.detTL7/12-0000000000/proc/sysrq-trigger -> @/tmp/.criu.mntns.detTL7/12-0000000000/proc)
(00.285084)      1: mnt: Inspecting sharing on 902 shared_id 0 master_id 0 (@/tmp/.criu.mntns.detTL7/12-0000000000/proc/asound)
(00.285086)      1: mnt: Inspecting sharing on 903 shared_id 0 master_id 0 (@/tmp/.criu.mntns.detTL7/12-0000000000/proc/bus)
(00.285088)      1: mnt: Inspecting sharing on 904 shared_id 0 master_id 0 (@/tmp/.criu.mntns.detTL7/12-0000000000/proc/fs)
(00.285090)      1: mnt: Inspecting sharing on 905 shared_id 0 master_id 0 (@/tmp/.criu.mntns.detTL7/12-0000000000/proc/irq)
(00.285092)      1: mnt: Inspecting sharing on 906 shared_id 0 master_id 0 (@/tmp/.criu.mntns.detTL7/12-0000000000/proc/sys)
(00.285093)      1: mnt: Inspecting sharing on 907 shared_id 0 master_id 0 (@/tmp/.criu.mntns.detTL7/12-0000000000/proc/sysrq-trigger)
(00.285095)      1: mnt: Inspecting sharing on 908 shared_id 0 master_id 0 (@/tmp/.criu.mntns.detTL7/12-0000000000/proc/kcore)
(00.285097)      1: mnt: 	The mount 909 is bind for 908 (@/tmp/.criu.mntns.detTL7/12-0000000000/proc/timer_list -> @/tmp/.criu.mntns.detTL7/12-0000000000/proc/kcore)
(00.285099)      1: mnt: 	The mount 910 is bind for 908 (@/tmp/.criu.mntns.detTL7/12-0000000000/proc/sched_debug -> @/tmp/.criu.mntns.detTL7/12-0000000000/proc/kcore)
(00.285101)      1: mnt: Inspecting sharing on 909 shared_id 0 master_id 0 (@/tmp/.criu.mntns.detTL7/12-0000000000/proc/timer_list)
(00.285103)      1: mnt: Inspecting sharing on 910 shared_id 0 master_id 0 (@/tmp/.criu.mntns.detTL7/12-0000000000/proc/sched_debug)
(00.285105)      1: mnt: Inspecting sharing on 911 shared_id 0 master_id 0 (@/tmp/.criu.mntns.detTL7/12-0000000000/dev)
(00.285107)      1: mnt: Inspecting sharing on 912 shared_id 0 master_id 0 (@/tmp/.criu.mntns.detTL7/12-0000000000/dev/pts)
(00.285109)      1: mnt: Inspecting sharing on 913 shared_id 0 master_id 0 (@/tmp/.criu.mntns.detTL7/12-0000000000/dev/mqueue)
(00.285111)      1: mnt: Inspecting sharing on 914 shared_id 0 master_id 0 (@/tmp/.criu.mntns.detTL7/12-0000000000/dev/shm)
(00.285112)      1: mnt: Inspecting sharing on 915 shared_id 0 master_id 0 (@/tmp/.criu.mntns.detTL7/12-0000000000/sys)
(00.285114)      1: mnt: Inspecting sharing on 916 shared_id 0 master_id 0 (@/tmp/.criu.mntns.detTL7/12-0000000000/sys/fs/cgroup)
(00.285116)      1: mnt: Inspecting sharing on 917 shared_id 0 master_id 0 (@/tmp/.criu.mntns.detTL7/12-0000000000/sys/fs/cgroup/systemd)
(00.285118)      1: mnt: Inspecting sharing on 918 shared_id 0 master_id 0 (@/tmp/.criu.mntns.detTL7/12-0000000000/sys/fs/cgroup/hugetlb)
(00.285120)      1: mnt: Inspecting sharing on 919 shared_id 0 master_id 0 (@/tmp/.criu.mntns.detTL7/12-0000000000/sys/fs/cgroup/memory)
(00.285122)      1: mnt: Inspecting sharing on 920 shared_id 0 master_id 0 (@/tmp/.criu.mntns.detTL7/12-0000000000/sys/fs/cgroup/rdma)
(00.285124)      1: mnt: Inspecting sharing on 921 shared_id 0 master_id 0 (@/tmp/.criu.mntns.detTL7/12-0000000000/sys/fs/cgroup/freezer)
(00.285126)      1: mnt: Inspecting sharing on 922 shared_id 0 master_id 0 (@/tmp/.criu.mntns.detTL7/12-0000000000/sys/fs/cgroup/cpu,cpuacct)
(00.285128)      1: mnt: Inspecting sharing on 923 shared_id 0 master_id 0 (@/tmp/.criu.mntns.detTL7/12-0000000000/sys/fs/cgroup/blkio)
(00.285130)      1: mnt: Inspecting sharing on 924 shared_id 0 master_id 0 (@/tmp/.criu.mntns.detTL7/12-0000000000/sys/fs/cgroup/cpuset)
(00.285131)      1: mnt: Inspecting sharing on 925 shared_id 0 master_id 0 (@/tmp/.criu.mntns.detTL7/12-0000000000/sys/fs/cgroup/devices)
(00.285133)      1: mnt: Inspecting sharing on 926 shared_id 0 master_id 0 (@/tmp/.criu.mntns.detTL7/12-0000000000/sys/fs/cgroup/pids)
(00.285135)      1: mnt: Inspecting sharing on 927 shared_id 0 master_id 0 (@/tmp/.criu.mntns.detTL7/12-0000000000/sys/fs/cgroup/net_cls,net_prio)
(00.285137)      1: mnt: Inspecting sharing on 928 shared_id 0 master_id 0 (@/tmp/.criu.mntns.detTL7/12-0000000000/sys/fs/cgroup/perf_event)
(00.285139)      1: mnt: Inspecting sharing on 929 shared_id 0 master_id 0 (@/tmp/.criu.mntns.detTL7/12-0000000000/sys/firmware)
(00.285147)      1: mnt: Start with 0:/tmp/.criu.mntns.detTL7
(00.285166)      1: mnt: Start with 0:/tmp/.criu.mntns.detTL7
(00.303200)      1: mnt: Start with 0:/tmp/.criu.mntns.detTL7
(00.303217)      1: mnt: 	Mounting aufs @/tmp/.criu.mntns.detTL7/12-0000000000/ (0)
(00.303237)      1: mnt: 897:/tmp/.criu.mntns.detTL7/12-0000000000/ private 1 shared 0 slave 0
(00.303247)      1: mnt: 	Mounting unsupported @/tmp/.criu.mntns.detTL7/12-0000000000/etc/resolv.conf (0)
(00.303250)      1: mnt: 	Bind /var/lib/docker/containers/4c80385912b3e14d59039f372c6db66860689e231b3dd11c2db27104daae9427/resolv.conf to /tmp/.criu.mntns.detTL7/12-0000000000/etc/resolv.conf
(00.303997)      1: mnt: 898:/tmp/.criu.mntns.detTL7/12-0000000000/etc/resolv.conf private 1 shared 0 slave 0
(00.304012)      1: mnt: 	Mounting unsupported @/tmp/.criu.mntns.detTL7/12-0000000000/etc/hostname (0)
(00.304015)      1: mnt: 	Bind /var/lib/docker/containers/4c80385912b3e14d59039f372c6db66860689e231b3dd11c2db27104daae9427/hostname to /tmp/.criu.mntns.detTL7/12-0000000000/etc/hostname
(00.304060)      1: mnt: 899:/tmp/.criu.mntns.detTL7/12-0000000000/etc/hostname private 1 shared 0 slave 0
(00.304067)      1: mnt: 	Mounting unsupported @/tmp/.criu.mntns.detTL7/12-0000000000/etc/hosts (0)
(00.304070)      1: mnt: 	Bind /var/lib/docker/containers/4c80385912b3e14d59039f372c6db66860689e231b3dd11c2db27104daae9427/hosts to /tmp/.criu.mntns.detTL7/12-0000000000/etc/hosts
(00.304082)      1: mnt: 900:/tmp/.criu.mntns.detTL7/12-0000000000/etc/hosts private 1 shared 0 slave 0
(00.304088)      1: mnt: 	Mounting proc @/tmp/.criu.mntns.detTL7/12-0000000000/proc (0)
(00.304182)      1: mnt: 901:/tmp/.criu.mntns.detTL7/12-0000000000/proc private 1 shared 0 slave 0
(00.304193)      1: mnt: 		Bind private /tmp/.criu.mntns.detTL7/12-0000000000/proc/sysrq-trigger
(00.304195)      1: mnt: 		Bind private /tmp/.criu.mntns.detTL7/12-0000000000/proc/sys
(00.304197)      1: mnt: 		Bind private /tmp/.criu.mntns.detTL7/12-0000000000/proc/irq
(00.304199)      1: mnt: 		Bind private /tmp/.criu.mntns.detTL7/12-0000000000/proc/fs
(00.304201)      1: mnt: 		Bind private /tmp/.criu.mntns.detTL7/12-0000000000/proc/bus
(00.304202)      1: mnt: 		Bind private /tmp/.criu.mntns.detTL7/12-0000000000/proc/asound
(00.304204)      1: mnt: 	Mounting proc @/tmp/.criu.mntns.detTL7/12-0000000000/proc/asound (0)
(00.304207)      1: mnt: 	Bind /tmp/.criu.mntns.detTL7/12-0000000000/proc/asound to /tmp/.criu.mntns.detTL7/12-0000000000/proc/asound
(00.304222)      1: mnt: 902:/tmp/.criu.mntns.detTL7/12-0000000000/proc/asound private 1 shared 0 slave 0
(00.304227)      1: mnt: 	Mounting proc @/tmp/.criu.mntns.detTL7/12-0000000000/proc/bus (0)
(00.304229)      1: mnt: 	Bind /tmp/.criu.mntns.detTL7/12-0000000000/proc/bus to /tmp/.criu.mntns.detTL7/12-0000000000/proc/bus
(00.304241)      1: mnt: 903:/tmp/.criu.mntns.detTL7/12-0000000000/proc/bus private 1 shared 0 slave 0
(00.304245)      1: mnt: 	Mounting proc @/tmp/.criu.mntns.detTL7/12-0000000000/proc/fs (0)
(00.304248)      1: mnt: 	Bind /tmp/.criu.mntns.detTL7/12-0000000000/proc/fs to /tmp/.criu.mntns.detTL7/12-0000000000/proc/fs
(00.304261)      1: mnt: 904:/tmp/.criu.mntns.detTL7/12-0000000000/proc/fs private 1 shared 0 slave 0
(00.304266)      1: mnt: 	Mounting proc @/tmp/.criu.mntns.detTL7/12-0000000000/proc/irq (0)
(00.304268)      1: mnt: 	Bind /tmp/.criu.mntns.detTL7/12-0000000000/proc/irq to /tmp/.criu.mntns.detTL7/12-0000000000/proc/irq
(00.304279)      1: mnt: 905:/tmp/.criu.mntns.detTL7/12-0000000000/proc/irq private 1 shared 0 slave 0
(00.304283)      1: mnt: 	Mounting proc @/tmp/.criu.mntns.detTL7/12-0000000000/proc/sys (0)
(00.304286)      1: mnt: 	Bind /tmp/.criu.mntns.detTL7/12-0000000000/proc/sys to /tmp/.criu.mntns.detTL7/12-0000000000/proc/sys
(00.304296)      1: mnt: 906:/tmp/.criu.mntns.detTL7/12-0000000000/proc/sys private 1 shared 0 slave 0
(00.304301)      1: mnt: 	Mounting proc @/tmp/.criu.mntns.detTL7/12-0000000000/proc/sysrq-trigger (0)
(00.304311)      1: mnt: 	Bind /tmp/.criu.mntns.detTL7/12-0000000000/proc/sysrq-trigger to /tmp/.criu.mntns.detTL7/12-0000000000/proc/sysrq-trigger
(00.304323)      1: mnt: 907:/tmp/.criu.mntns.detTL7/12-0000000000/proc/sysrq-trigger private 1 shared 0 slave 0
(00.304328)      1: mnt: 	Mounting devtmpfs @/tmp/.criu.mntns.detTL7/12-0000000000/proc/kcore (0)
(00.304330)      1: mnt: 	Bind /dev/null to /tmp/.criu.mntns.detTL7/12-0000000000/proc/kcore
(00.304341)      1: mnt: 908:/tmp/.criu.mntns.detTL7/12-0000000000/proc/kcore private 1 shared 0 slave 0
(00.304346)      1: mnt: 		Bind private /tmp/.criu.mntns.detTL7/12-0000000000/proc/sched_debug
(00.304348)      1: mnt: 		Bind private /tmp/.criu.mntns.detTL7/12-0000000000/proc/timer_list
(00.304350)      1: mnt: 	Mounting devtmpfs @/tmp/.criu.mntns.detTL7/12-0000000000/proc/timer_list (0)
(00.304352)      1: mnt: 	Bind /dev/null to /tmp/.criu.mntns.detTL7/12-0000000000/proc/timer_list
(00.304362)      1: mnt: 909:/tmp/.criu.mntns.detTL7/12-0000000000/proc/timer_list private 1 shared 0 slave 0
(00.304366)      1: mnt: 	Mounting devtmpfs @/tmp/.criu.mntns.detTL7/12-0000000000/proc/sched_debug (0)
(00.304368)      1: mnt: 	Bind /dev/null to /tmp/.criu.mntns.detTL7/12-0000000000/proc/sched_debug
(00.304378)      1: mnt: 910:/tmp/.criu.mntns.detTL7/12-0000000000/proc/sched_debug private 1 shared 0 slave 0
(00.304382)      1: mnt: 	Mounting tmpfs @/tmp/.criu.mntns.detTL7/12-0000000000/dev (0)
(00.333378)      1: mnt: 911:/tmp/.criu.mntns.detTL7/12-0000000000/dev private 1 shared 0 slave 0
(00.336971)      1: mnt: 	Mounting devpts @/tmp/.criu.mntns.detTL7/12-0000000000/dev/pts (0)
(00.337114)      1: mnt: 912:/tmp/.criu.mntns.detTL7/12-0000000000/dev/pts private 1 shared 0 slave 0
(00.337121)      1: mnt: 	Mounting mqueue @/tmp/.criu.mntns.detTL7/12-0000000000/dev/mqueue (0)
(00.337213)      1: mnt: 913:/tmp/.criu.mntns.detTL7/12-0000000000/dev/mqueue private 1 shared 0 slave 0
(00.337219)      1: mnt: 	Mounting tmpfs @/tmp/.criu.mntns.detTL7/12-0000000000/dev/shm (0)
(00.337221)      1: mnt: 	Bind /var/lib/docker/containers/4c80385912b3e14d59039f372c6db66860689e231b3dd11c2db27104daae9427/shm to /tmp/.criu.mntns.detTL7/12-0000000000/dev/shm
(00.337235)      1: mnt: 914:/tmp/.criu.mntns.detTL7/12-0000000000/dev/shm private 1 shared 0 slave 0
(00.337240)      1: mnt: 	Mounting sysfs @/tmp/.criu.mntns.detTL7/12-0000000000/sys (0)
(00.337484)      1: mnt: 915:/tmp/.criu.mntns.detTL7/12-0000000000/sys private 1 shared 0 slave 0
(00.337494)      1: mnt: 	Mounting tmpfs @/tmp/.criu.mntns.detTL7/12-0000000000/sys/fs/cgroup (0)
(00.353600)      1: mnt: 916:/tmp/.criu.mntns.detTL7/12-0000000000/sys/fs/cgroup private 1 shared 0 slave 0
(00.353623)      1: mnt: 	Mounting cgroup @/tmp/.criu.mntns.detTL7/12-0000000000/sys/fs/cgroup/systemd (0)
(00.353626)      1: mnt: 	Bind /sys/fs/cgroup/systemd/system.slice/docker.service to /tmp/.criu.mntns.detTL7/12-0000000000/sys/fs/cgroup/systemd
(00.353645)      1: mnt: 917:/tmp/.criu.mntns.detTL7/12-0000000000/sys/fs/cgroup/systemd private 1 shared 0 slave 0
(00.353651)      1: mnt: 	Mounting cgroup @/tmp/.criu.mntns.detTL7/12-0000000000/sys/fs/cgroup/hugetlb (0)
(00.353653)      1: mnt: 	Bind /sys/fs/cgroup/hugetlb to /tmp/.criu.mntns.detTL7/12-0000000000/sys/fs/cgroup/hugetlb
(00.353664)      1: mnt: 918:/tmp/.criu.mntns.detTL7/12-0000000000/sys/fs/cgroup/hugetlb private 1 shared 0 slave 0
(00.353670)      1: mnt: 	Mounting cgroup @/tmp/.criu.mntns.detTL7/12-0000000000/sys/fs/cgroup/memory (0)
(00.353672)      1: mnt: 	Bind /sys/fs/cgroup/memory to /tmp/.criu.mntns.detTL7/12-0000000000/sys/fs/cgroup/memory
(00.353682)      1: mnt: 919:/tmp/.criu.mntns.detTL7/12-0000000000/sys/fs/cgroup/memory private 1 shared 0 slave 0
(00.353687)      1: mnt: 	Mounting cgroup @/tmp/.criu.mntns.detTL7/12-0000000000/sys/fs/cgroup/rdma (0)
(00.353689)      1: mnt: 	Bind /sys/fs/cgroup/rdma to /tmp/.criu.mntns.detTL7/12-0000000000/sys/fs/cgroup/rdma
(00.353699)      1: mnt: 920:/tmp/.criu.mntns.detTL7/12-0000000000/sys/fs/cgroup/rdma private 1 shared 0 slave 0
(00.353704)      1: mnt: 	Mounting cgroup @/tmp/.criu.mntns.detTL7/12-0000000000/sys/fs/cgroup/freezer (0)
(00.353713)      1: mnt: 	Bind /sys/fs/cgroup/freezer to /tmp/.criu.mntns.detTL7/12-0000000000/sys/fs/cgroup/freezer
(00.353723)      1: mnt: 921:/tmp/.criu.mntns.detTL7/12-0000000000/sys/fs/cgroup/freezer private 1 shared 0 slave 0
(00.353728)      1: mnt: 	Mounting cgroup @/tmp/.criu.mntns.detTL7/12-0000000000/sys/fs/cgroup/cpu,cpuacct (0)
(00.353730)      1: mnt: 	Bind /sys/fs/cgroup/cpu,cpuacct to /tmp/.criu.mntns.detTL7/12-0000000000/sys/fs/cgroup/cpu,cpuacct
(00.353740)      1: mnt: 922:/tmp/.criu.mntns.detTL7/12-0000000000/sys/fs/cgroup/cpu,cpuacct private 1 shared 0 slave 0
(00.353745)      1: mnt: 	Mounting cgroup @/tmp/.criu.mntns.detTL7/12-0000000000/sys/fs/cgroup/blkio (0)
(00.353747)      1: mnt: 	Bind /sys/fs/cgroup/blkio to /tmp/.criu.mntns.detTL7/12-0000000000/sys/fs/cgroup/blkio
(00.353757)      1: mnt: 923:/tmp/.criu.mntns.detTL7/12-0000000000/sys/fs/cgroup/blkio private 1 shared 0 slave 0
(00.353762)      1: mnt: 	Mounting cgroup @/tmp/.criu.mntns.detTL7/12-0000000000/sys/fs/cgroup/cpuset (0)
(00.353763)      1: mnt: 	Bind /sys/fs/cgroup/cpuset to /tmp/.criu.mntns.detTL7/12-0000000000/sys/fs/cgroup/cpuset
(00.353773)      1: mnt: 924:/tmp/.criu.mntns.detTL7/12-0000000000/sys/fs/cgroup/cpuset private 1 shared 0 slave 0
(00.353780)      1: mnt: 	Mounting cgroup @/tmp/.criu.mntns.detTL7/12-0000000000/sys/fs/cgroup/devices (0)
(00.353782)      1: mnt: 	Bind /sys/fs/cgroup/devices/system.slice/docker.service to /tmp/.criu.mntns.detTL7/12-0000000000/sys/fs/cgroup/devices
(00.353794)      1: mnt: 925:/tmp/.criu.mntns.detTL7/12-0000000000/sys/fs/cgroup/devices private 1 shared 0 slave 0
(00.353799)      1: mnt: 	Mounting cgroup @/tmp/.criu.mntns.detTL7/12-0000000000/sys/fs/cgroup/pids (0)
(00.353801)      1: mnt: 	Bind /sys/fs/cgroup/pids/system.slice/docker.service to /tmp/.criu.mntns.detTL7/12-0000000000/sys/fs/cgroup/pids
(00.353813)      1: mnt: 926:/tmp/.criu.mntns.detTL7/12-0000000000/sys/fs/cgroup/pids private 1 shared 0 slave 0
(00.353819)      1: mnt: 	Mounting cgroup @/tmp/.criu.mntns.detTL7/12-0000000000/sys/fs/cgroup/net_cls,net_prio (0)
(00.353821)      1: mnt: 	Bind /sys/fs/cgroup/net_cls,net_prio to /tmp/.criu.mntns.detTL7/12-0000000000/sys/fs/cgroup/net_cls,net_prio
(00.353832)      1: mnt: 927:/tmp/.criu.mntns.detTL7/12-0000000000/sys/fs/cgroup/net_cls,net_prio private 1 shared 0 slave 0
(00.353837)      1: mnt: 	Mounting cgroup @/tmp/.criu.mntns.detTL7/12-0000000000/sys/fs/cgroup/perf_event (0)
(00.353838)      1: mnt: 	Bind /sys/fs/cgroup/perf_event to /tmp/.criu.mntns.detTL7/12-0000000000/sys/fs/cgroup/perf_event
(00.353848)      1: mnt: 928:/tmp/.criu.mntns.detTL7/12-0000000000/sys/fs/cgroup/perf_event private 1 shared 0 slave 0
(00.353853)      1: mnt: 	Mounting tmpfs @/tmp/.criu.mntns.detTL7/12-0000000000/sys/firmware (0)
(00.361440)      1: mnt: 929:/tmp/.criu.mntns.detTL7/12-0000000000/sys/firmware private 1 shared 0 slave 0
(00.361457)      1: mnt: Start with 0:/tmp/.criu.mntns.detTL7
(00.362086)      1: mnt: Move the root to /tmp/.criu.mntns.detTL7/12-0000000000
iptables-restore: invalid option -- 'w'
ip6tables-restore: invalid option -- 'w'
(00.392384) Running post-setup-namespaces scripts
(00.392394) 	RPC
(00.392475)      1: Preparing info about shared resources
(00.392507)      1: Collecting 45/38 (flags 0)
(00.392513)      1: No filelocks.img image
(00.392515)      1:  `- ... done
(00.392517)      1: Collecting 39/27 (flags 0)
(00.392528)      1: Collected pipe data for 0xb7ec (chain 12)
(00.392532)      1:  `- ... done
(00.392534)      1: Collecting 40/27 (flags 0)
(00.392539)      1: No fifo-data.img image
(00.392541)      1:  `- ... done
(00.392543)      1: Collecting 38/64 (flags 0)
(00.392546)      1: No sk-queues.img image
(00.392548)      1:  `- ... done
(00.392566)      1: Found 10 VMAs in image
(00.392570)      1: vma 0x400000 0x48a000
(00.392572)      1: vma 0x48a000 0x547000
(00.392573)      1: vma 0x547000 0x55b000
(00.392575)      1: vma 0x55b000 0x579000
(00.392576)      1: vma 0xc000000000 0xc004000000
(00.392584)      1: vma 0x7f9633e5b000 0x7f963610c000
(00.392586)      1: vma 0x7ffc26189000 0x7ffc261aa000
(00.392587)      1: vma 0x7ffc261bb000 0x7ffc261be000
(00.392589)      1: vma 0x7ffc261be000 0x7ffc261c0000
(00.392590)      1: vma 0xffffffffff600000 0xffffffffff601000
(00.392598)      1: Collect fdinfo pid=1 fd=0 id=0x2
(00.392605)      1: Collect fdinfo pid=1 fd=1 id=0x3
(00.392609)      1: Collect fdinfo pid=1 fd=2 id=0x4
(00.392648)      1: skqueue: Preparing SCMs
(00.392652)      1: Pipes:
(00.392654)      1:  `- PIPE ID 0xb7ec
(00.392656)      1:   `- ID 0x558a2e35ac60 0x2
(00.392658)      1:    `- FD 0 pid 1
(00.392659)      1:     by 0x2
(00.392661)      1:  `- PIPE ID 0xb7ed
(00.392662)      1:   `- ID 0x558a2e35ae10 0x3
(00.392664)      1:    `- FD 1 pid 1
(00.392665)      1:     by 0x3
(00.392667)      1:  `- PIPE ID 0xb7ee
(00.392668)      1:   `- ID 0x558a2e35afc0 0x4
(00.392670)      1:    `- FD 2 pid 1
(00.392671)      1:     by 0x4
(00.392673)      1: unix: ghost: Resolving addresses
(00.392675)      1: File descs:
(00.392676)      1:  `- type 1 ID 0x1
(00.392678)      1:  `- type 2 ID 0x2
(00.392679)      1:    `- FD 0 pid 1
(00.392681)      1:  `- type 2 ID 0x3
(00.392682)      1:    `- FD 1 pid 1
(00.392684)      1:  `- type 2 ID 0x4
(00.392685)      1:    `- FD 2 pid 1
(00.392687)      1:  `- type 1 ID 0x5
(00.392688)      1:  `- type 1 ID 0x6
(00.394800)      1: Opened local page read 1 (parent 0)
(00.394808)      1: Enqueue page-read
(00.394810)      1: Enqueue page-read
(00.394812)      1: Enqueue page-read
(00.394813)      1: Enqueue page-read
(00.394815)      1: Enqueue page-read
(00.394816)      1: Enqueue page-read
(00.394818)      1: Enqueue page-read
(00.394819)      1: Enqueue page-read
(00.394820)      1: Enqueue page-read
(00.394822)      1: Enqueue page-read
(00.394823)      1: Enqueue page-read
(00.394825)      1: Enqueue page-read
(00.394826)      1: Enqueue page-read
(00.394827)      1: Enqueue page-read
(00.394829)      1: Enqueue page-read
(00.394830)      1: Enqueue page-read
(00.394832)      1: Enqueue page-read
(00.394833)      1: Enqueue page-read
(00.394834)      1: Enqueue page-read
(00.394836)      1: Enqueue page-read
(00.394837)      1: Enqueue page-read
(00.394839)      1: Enqueue page-read
(00.394840)      1: Enqueue page-read
(00.394841)      1: Enqueue page-read
(00.394843)      1: Enqueue page-read
(00.394844)      1: Enqueue page-read
(00.394846)      1: Enqueue page-read
(00.394847)      1: Enqueue page-read
(00.394848)      1: Enqueue page-read
(00.394850)      1: Enqueue page-read
(00.394851)      1: Enqueue page-read
(00.394852)      1: Enqueue page-read
(00.394854)      1: Enqueue page-read
(00.394855)      1: Enqueue page-read
(00.394857)      1: Enqueue page-read
(00.394858)      1: Enqueue page-read
(00.394859)      1: Enqueue page-read
(00.394861)      1: Enqueue page-read
(00.394862)      1: Enqueue page-read
(00.394864)      1: Enqueue page-read
(00.394865)      1: Enqueue page-read
(00.394866)      1: Enqueue page-read
(00.394868)      1: Enqueue page-read
(00.394869)      1: Enqueue page-read
(00.394871)      1: Enqueue page-read
(00.394872)      1: Enqueue page-read
(00.394873)      1: Enqueue page-read
(00.394875)      1: Enqueue page-read
(00.394876)      1: Enqueue page-read
(00.394878)      1: Enqueue page-read
(00.394879)      1: Enqueue page-read
(00.394880)      1: Enqueue page-read
(00.394882)      1: Enqueue page-read
(00.394883)      1: Enqueue page-read
(00.394885)      1: Enqueue page-read
(00.394886)      1: Enqueue page-read
(00.394887)      1: Enqueue page-read
(00.394889)      1: Enqueue page-read
(00.394890)      1: Enqueue page-read
(00.394892)      1: Enqueue page-read
(00.394893)      1: Enqueue page-read
(00.394894)      1: Enqueue page-read
(00.394896)      1: Enqueue page-read
(00.394897)      1: Enqueue page-read
(00.394899)      1: Enqueue page-read
(00.394900)      1: Enqueue page-read
(00.394901)      1: Enqueue page-read
(00.394906)      1: nr_restored_pages: 135
(00.394907)      1: nr_shared_pages:   0
(00.394913)      1: nr_dropped_pages:   0
(00.394915)      1: nr_lazy:           0
(00.394919)      1: Shrunk premap area to 0x7f82ce7f6000(0)
(00.394922)      1: Restore on-core sigactions for 1
(00.394967)      1: Restoring children in alien sessions:
(00.394970)      1: Restoring children in our session:
(00.394977)      1: Restoring 1 to 1 pgid
(00.394982)      1: Restoring resources
(00.394989)      1: Opening fdinfo-s
(00.394993)      1: 		Creating pipe pipe_id=0xb7ec id=0x2
(00.394999)      1: Found id pipe:[47084] (fd 0) in inherit fd list
(00.395002)      1: File pipe:[47084] will be restored from fd 0 dumped from inherit fd 0
(00.395014)      1: 		Create fd for 0
(00.395016)      1: 		Creating pipe pipe_id=0xb7ed id=0x3
(00.395020)      1: Found id pipe:[47085] (fd 1) in inherit fd list
(00.395022)      1: File pipe:[47085] will be restored from fd 1 dumped from inherit fd 1
(00.395029)      1: 		Create fd for 1
(00.395031)      1: 		Creating pipe pipe_id=0xb7ee id=0x4
(00.395035)      1: Found id pipe:[47086] (fd 2) in inherit fd list
(00.395037)      1: File pipe:[47086] will be restored from fd 2 dumped from inherit fd 2
(00.395043)      1: 		Create fd for 2
(00.395046)      1: Opening 0x00000000400000-0x0000000048a000 0000000000000000 (41) vma
(00.395058)      1: Opening 0x0000000048a000-0x00000000547000 0x0000000008a000 (41) vma
(00.395061)      1: Opening 0x00000000547000-0x0000000055b000 0x00000000147000 (41) vma
(00.395154)      1: `- render 57 iovs (0x400000:4096...)
(00.395163)      1: Restore via sigreturn
(00.395233)      1: Parsed 558a2ca47000-558a2cb77000 vma
(00.395237)      1: Parsed 558a2cd77000-558a2cd96000 vma
(00.395239)      1: Parsed 558a2cd77000-558a2cd9c000 vma
(00.395241)      1: Parsed 558a2cd77000-558a2cdae000 vma
(00.395243)      1: Parsed 558a2e357000-558a2e378000 vma
(00.395245)      1: Parsed 7f82d4c46000-7f82d4de3000 vma
(00.395246)      1: Parsed 7f82d4c46000-7f82d4fe2000 vma
(00.395248)      1: Parsed 7f82d4c46000-7f82d4fe3000 vma
(00.395250)      1: Parsed 7f82d4c46000-7f82d4fe4000 vma
(00.395251)      1: Parsed 7f82d4c46000-7f82d4ffe000 vma
(00.395253)      1: Parsed 7f82d4c46000-7f82d51fd000 vma
(00.395255)      1: Parsed 7f82d4c46000-7f82d51fe000 vma
(00.395257)      1: Parsed 7f82d4c46000-7f82d51ff000 vma
(00.395258)      1: Parsed 7f82d4c46000-7f82d5203000 vma
(00.395260)      1: Parsed 7f82d4c46000-7f82d520a000 vma
(00.395262)      1: Parsed 7f82d4c46000-7f82d5409000 vma
(00.395263)      1: Parsed 7f82d4c46000-7f82d540a000 vma
(00.395265)      1: Parsed 7f82d4c46000-7f82d540b000 vma
(00.395267)      1: Parsed 7f82d4c46000-7f82d55f2000 vma
(00.395268)      1: Parsed 7f82d4c46000-7f82d57f2000 vma
(00.395270)      1: Parsed 7f82d4c46000-7f82d57f6000 vma
(00.395272)      1: Parsed 7f82d4c46000-7f82d57f8000 vma
(00.395273)      1: Parsed 7f82d4c46000-7f82d57fc000 vma
(00.395275)      1: Parsed 7f82d4c46000-7f82d5813000 vma
(00.395277)      1: Parsed 7f82d4c46000-7f82d5a12000 vma
(00.395278)      1: Parsed 7f82d4c46000-7f82d5a13000 vma
(00.395280)      1: Parsed 7f82d4c46000-7f82d5a14000 vma
(00.395282)      1: Parsed 7f82d4c46000-7f82d5a16000 vma
(00.395283)      1: Parsed 7f82d4c46000-7f82d5a34000 vma
(00.395285)      1: Parsed 7f82d4c46000-7f82d5c33000 vma
(00.395287)      1: Parsed 7f82d4c46000-7f82d5c35000 vma
(00.395288)      1: Parsed 7f82d4c46000-7f82d5c36000 vma
(00.395290)      1: Parsed 7f82d4c46000-7f82d5c39000 vma
(00.395292)      1: Parsed 7f82d4c46000-7f82d5e38000 vma
(00.395293)      1: Parsed 7f82d4c46000-7f82d5e39000 vma
(00.395295)      1: Parsed 7f82d4c46000-7f82d5e3a000 vma
(00.395297)      1: Parsed 7f82d4c46000-7f82d5e42000 vma
(00.395298)      1: Parsed 7f82d4c46000-7f82d6041000 vma
(00.395300)      1: Parsed 7f82d4c46000-7f82d6042000 vma
(00.395309)      1: Parsed 7f82d4c46000-7f82d6043000 vma
(00.395311)      1: Parsed 7f82d4c46000-7f82d6056000 vma
(00.395313)      1: Parsed 7f82d4c46000-7f82d6255000 vma
(00.395315)      1: Parsed 7f82d4c46000-7f82d6256000 vma
(00.395316)      1: Parsed 7f82d4c46000-7f82d6257000 vma
(00.395318)      1: Parsed 7f82d4c46000-7f82d6258000 vma
(00.395324)      1: Parsed 7f82d4c46000-7f82d627f000 vma
(00.395326)      1: Parsed 7f82d6458000-7f82d645b000 vma
(00.395327)      1: Parsed 7f82d6458000-7f82d6465000 vma
(00.395329)      1: Parsed 7f82d6458000-7f82d646b000 vma
(00.395331)      1: Parsed 7f82d6458000-7f82d646d000 vma
(00.395332)      1: Parsed 7f82d6458000-7f82d647d000 vma
(00.395334)      1: Parsed 7f82d6458000-7f82d647f000 vma
(00.395336)      1: Parsed 7f82d6458000-7f82d6480000 vma
(00.395337)      1: Parsed 7f82d6458000-7f82d6481000 vma
(00.395339)      1: Parsed 7f82d6458000-7f82d6482000 vma
(00.395341)      1: Parsed 7ffc2efe6000-7ffc2f007000 vma
(00.395343)      1: Parsed 7ffc2f116000-7ffc2f119000 vma
(00.395344)      1: Parsed 7ffc2f116000-7ffc2f11b000 vma
(00.395346)      1: Parsed ffffffffff600000-ffffffffff601000 vma
(00.395351)      1: 5 threads require 252K of memory
(00.395354)      1: Found bootstrap VMA hint at: 0x10000 (needs ~272K)
(00.395449)      1: 	call mremap(0x7f82d6458000, 8192, 8192, MAYMOVE | FIXED, 0x4b000)
(00.395457)      1: 	call mremap(0x7f82d646b000, 8192, 8192, MAYMOVE | FIXED, 0x4d000)
(00.395469)      1: x86: xsave runtime structure
(00.395472)      1: x86: -----------------------
(00.395473)      1: x86: cwd:0x40 swd:0 twd:0 fop:0 mxcsr:0x1fa0 mxcsr_mask:0xffff
(00.395475)      1: x86: magic1:0x46505853 extended_size:900 xstate_bv:0x17 xstate_size:896
(00.395477)      1: x86: xstate_bv: 0x17
(00.395479)      1: x86: -----------------------
(00.395480)      1: Thread    0 stack  0x1a080 rt_sigframe  0x22080
(00.395483)      1: x86: xsave runtime structure
(00.395484)      1: x86: -----------------------
(00.395486)      1: x86: cwd:0x40 swd:0 twd:0 fop:0 mxcsr:0x1fa0 mxcsr_mask:0xffff
(00.395488)      1: x86: magic1:0x46505853 extended_size:900 xstate_bv:0x17 xstate_size:896
(00.395489)      1: x86: xstate_bv: 0x17
(00.395491)      1: x86: -----------------------
(00.395494)      1: Thread    1 stack  0x23880 rt_sigframe  0x2b880
(00.395497)      1: x86: xsave runtime structure
(00.395498)      1: x86: -----------------------
(00.395499)      1: x86: cwd:0x40 swd:0 twd:0 fop:0 mxcsr:0x1fa0 mxcsr_mask:0xffff
(00.395501)      1: x86: magic1:0x46505853 extended_size:900 xstate_bv:0x17 xstate_size:896
(00.395503)      1: x86: xstate_bv: 0x17
(00.395504)      1: x86: -----------------------
(00.395507)      1: Thread    2 stack  0x2d080 rt_sigframe  0x35080
(00.395509)      1: x86: xsave runtime structure
(00.395510)      1: x86: -----------------------
(00.395512)      1: x86: cwd:0x40 swd:0 twd:0 fop:0 mxcsr:0x1fa0 mxcsr_mask:0xffff
(00.395514)      1: x86: magic1:0x46505853 extended_size:900 xstate_bv:0x17 xstate_size:896
(00.395515)      1: x86: xstate_bv: 0x17
(00.395517)      1: x86: -----------------------
(00.395519)      1: Thread    3 stack  0x36880 rt_sigframe  0x3e880
(00.395521)      1: x86: xsave runtime structure
(00.395523)      1: x86: -----------------------
(00.395524)      1: x86: cwd:0x40 swd:0 twd:0 fop:0 mxcsr:0x1fa0 mxcsr_mask:0xffff
(00.395526)      1: x86: magic1:0x46505853 extended_size:900 xstate_bv:0x17 xstate_size:896
(00.395527)      1: x86: xstate_bv: 0x17
(00.395529)      1: x86: -----------------------
(00.395531)      1: Thread    4 stack  0x40080 rt_sigframe  0x48080
(00.395549)      1: Going to chroot into /proc/self/fd/8
(00.395553)      1: Restoring umask to 22
(00.395576)      1: task_args: 0x4a000
task_args->pid: 1
task_args->nr_threads: 5
task_args->clone_restore_fn: 0x11260
task_args->thread_args: 0x4a540
(00.395581) pie: 1: Switched to the restorer 1
(00.395777) pie: 1: Mapping native vDSO at 0x4f000
(00.395784) pie: 1: 	mmap(0x400000 -> 0x48a000, 0x7 0x12 3)
(00.395791) pie: 1: 	mmap(0x48a000 -> 0x547000, 0x3 0x12 3)
(00.395795) pie: 1: 	mmap(0x547000 -> 0x55b000, 0x3 0x12 3)
(00.395798) pie: 1: 	mmap(0x55b000 -> 0x579000, 0x3 0x32 -1)
(00.395801) pie: 1: 	mmap(0xc000000000 -> 0xc004000000, 0x3 0x32 -1)
(00.395804) pie: 1: 	mmap(0x7f9633e5b000 -> 0x7f963610c000, 0x3 0x32 -1)
(00.395807) pie: 1: 	mmap(0x7ffc26189000 -> 0x7ffc261aa000, 0x3 0x132 -1)
(00.395813) pie: 1: 	mmap(0x7ffc261bb000 -> 0x7ffc261be000, 0x3 0x32 -1)
(00.395816) pie: 1: 	mmap(0x7ffc261be000 -> 0x7ffc261c0000, 0x7 0x32 -1)
(00.395819) pie: 1: Preadv 0x400000:4096... (57 iovs)
(00.398261) pie: 1: `- returned 552960
(00.398270) pie: 1:    `- skip pagemap
(00.398272) pie: 1:    `- skip pagemap
(00.398273) pie: 1:    `- skip pagemap
(00.398275) pie: 1:    `- skip pagemap
(00.398277) pie: 1:    `- skip pagemap
(00.398279) pie: 1:    `- skip pagemap
(00.398281) pie: 1:    `- skip pagemap
(00.398282) pie: 1:    `- skip pagemap
(00.398284) pie: 1:    `- skip pagemap
(00.398286) pie: 1:    `- skip pagemap
(00.398288) pie: 1:    `- skip pagemap
(00.398290) pie: 1:    `- skip pagemap
(00.398291) pie: 1:    `- skip pagemap
(00.398293) pie: 1:    `- skip pagemap
(00.398295) pie: 1:    `- skip pagemap
(00.398297) pie: 1:    `- skip pagemap
(00.398299) pie: 1:    `- skip pagemap
(00.398300) pie: 1:    `- skip pagemap
(00.398302) pie: 1:    `- skip pagemap
(00.398304) pie: 1:    `- skip pagemap
(00.398306) pie: 1:    `- skip pagemap
(00.398307) pie: 1:    `- skip pagemap
(00.398309) pie: 1:    `- skip pagemap
(00.398311) pie: 1:    `- skip pagemap
(00.398313) pie: 1:    `- skip pagemap
(00.398315) pie: 1:    `- skip pagemap
(00.398316) pie: 1:    `- skip pagemap
(00.398318) pie: 1:    `- skip pagemap
(00.398320) pie: 1:    `- skip pagemap
(00.398322) pie: 1:    `- skip pagemap
(00.398324) pie: 1:    `- skip pagemap
(00.398325) pie: 1:    `- skip pagemap
(00.398327) pie: 1:    `- skip pagemap
(00.398329) pie: 1:    `- skip pagemap
(00.398331) pie: 1:    `- skip pagemap
(00.398332) pie: 1:    `- skip pagemap
(00.398334) pie: 1:    `- skip pagemap
(00.398336) pie: 1:    `- skip pagemap
(00.398338) pie: 1:    `- skip pagemap
(00.398340) pie: 1:    `- skip pagemap
(00.398341) pie: 1:    `- skip pagemap
(00.398343) pie: 1:    `- skip pagemap
(00.398345) pie: 1:    `- skip pagemap
(00.398347) pie: 1:    `- skip pagemap
(00.398348) pie: 1:    `- skip pagemap
(00.398350) pie: 1:    `- skip pagemap
(00.398352) pie: 1:    `- skip pagemap
(00.398354) pie: 1:    `- skip pagemap
(00.398356) pie: 1:    `- skip pagemap
(00.398357) pie: 1:    `- skip pagemap
(00.398359) pie: 1:    `- skip pagemap
(00.398361) pie: 1:    `- skip pagemap
(00.398363) pie: 1:    `- skip pagemap
(00.398365) pie: 1:    `- skip pagemap
(00.398366) pie: 1:    `- skip pagemap
(00.398368) pie: 1:    `- skip pagemap
(00.398370) pie: 1:    `- skip pagemap
(00.398374) pie: 1: vdso: Parsing at 0x7ffc261be000 0x7ffc261c0000
(00.398376) pie: 1: vdso: PT_LOAD p_vaddr: 0x0
(00.398378) pie: 1: vdso: DT_HASH: 0x120
(00.398380) pie: 1: vdso: DT_STRTAB: 0x298
(00.398382) pie: 1: vdso: DT_SYMTAB: 0x1a8
(00.398384) pie: 1: vdso: DT_STRSZ: 0x5e
(00.398386) pie: 1: vdso: DT_SYMENT: 0x18
(00.398388) pie: 1: vdso: nbucket 0x3 nchain 0xa bucket 0x7ffc261be128 chain 0x7ffc261be134
(00.398391) pie: 1: vdso: image [vdso] 0x7ffc261be000-0x7ffc261c0000 [vvar] 0x7ffc261bb000-0x7ffc261be000
(00.398393) pie: 1: vdso: Runtime vdso/vvar matches dumpee, remap inplace
(00.398403) pie: 1: vdso: Remap rt-vdso 0x52000 -> 0x7ffc261be000
(00.398410) pie: 1: vdso: Remap rt-vvar 0x4f000 -> 0x7ffc261bb000
(00.398427) pie: 1: Restoring scheduler params 0.0.0
(00.398551) pie: 1: 1: Restored
(00.398568) pie: 10: Restoring scheduler params 0.0.0
(00.398592) pie: 10: 10: Restored
(00.398601) pie: 9: Restoring scheduler params 0.0.0
(00.398605) pie: 9: 9: Restored
(00.398629) pie: 8: Restoring scheduler params 0.0.0
(00.398634) pie: 8: 8: Restored
(00.398641) pie: 7: Restoring scheduler params 0.0.0
(00.398646) pie: 7: 7: Restored
(00.398685) Running post-restore scripts
(00.398690) 	RPC
(00.399464) mnt: Switching to new ns to clean ghosts
(00.414933) Unlock network
(00.414944) Running network-unlock scripts
(00.414946) 	RPC
iptables-restore: invalid option -- 'w'
ip6tables-restore: invalid option -- 'w'
(00.419172) pie: 10: seccomp: mode 0 on tid 10
(00.424956) pie: 9: seccomp: mode 0 on tid 9
(00.424987) pie: 9: restoring lsm profile changeprofile docker-default
(00.425022) pie: 8: seccomp: mode 0 on tid 8
(00.425049) pie: 8: restoring lsm profile changeprofile docker-default
(00.425067) pie: 7: seccomp: mode 0 on tid 7
(00.425086) pie: 7: restoring lsm profile changeprofile docker-default
(00.425112) pie: 1: seccomp: mode 0 on tid 1
(00.425135) pie: 1: restoring lsm profile changeprofile docker-default
(00.425166) pie: 10: restoring lsm profile changeprofile docker-default
(00.425208) Force no-breakpoints restore
(00.425223) Force no-breakpoints restore
(00.425231) Force no-breakpoints restore
(00.425239) Force no-breakpoints restore
(00.425247) Force no-breakpoints restore
(00.425250) Restore finished successfully. Resuming tasks.
(00.425254) 4756 was trapped
(00.425258) 4756 (native) is going to execute the syscall 202, required is 15
(00.425261) 4755 was trapped
(00.425264) 4755 (native) is going to execute the syscall 202, required is 15
(00.425267) 4754 was trapped
(00.425270) 4754 (native) is going to execute the syscall 202, required is 15
(00.425273) 4715 was trapped
(00.425275) 4715 (native) is going to execute the syscall 202, required is 15
(00.425286) 4757 was trapped
(00.425289) 4757 (native) is going to execute the syscall 202, required is 15
(00.425292) 4756 was trapped
(00.425295) 4756 (native) is going to execute the syscall 202, required is 15
(00.425297) 4755 was trapped
(00.425300) 4755 (native) is going to execute the syscall 202, required is 15
(00.425303) 4754 was trapped
(00.425305) 4754 (native) is going to execute the syscall 202, required is 15
(00.425308) 4715 was trapped
(00.425311) 4715 (native) is going to execute the syscall 202, required is 15
(00.425321) 4757 was trapped
(00.425324) 4757 (native) is going to execute the syscall 202, required is 15
(00.425327) 4756 was trapped
(00.425330) 4756 (native) is going to execute the syscall 202, required is 15
(00.425333) 4755 was trapped
(00.425335) 4755 (native) is going to execute the syscall 202, required is 15
(00.425338) 4754 was trapped
(00.425340) 4754 (native) is going to execute the syscall 202, required is 15
(00.425343) 4715 was trapped
(00.425346) 4715 (native) is going to execute the syscall 202, required is 15
(00.425356) 4757 was trapped
(00.425359) 4757 (native) is going to execute the syscall 202, required is 15
(00.425362) 4756 was trapped
(00.425364) 4756 (native) is going to execute the syscall 202, required is 15
(00.425367) 4755 was trapped
(00.425370) 4755 (native) is going to execute the syscall 202, required is 15
(00.425373) 4754 was trapped
(00.425375) 4754 (native) is going to execute the syscall 202, required is 15
(00.425378) 4715 was trapped
(00.425380) 4715 (native) is going to execute the syscall 202, required is 15
(00.425391) 4757 was trapped
(00.425394) 4757 (native) is going to execute the syscall 202, required is 15
(00.425397) 4756 was trapped
(00.425399) 4756 (native) is going to execute the syscall 15, required is 15
(00.425408) 4756 was stopped
(00.425410) 4757 was trapped
(00.425412) 4757 (native) is going to execute the syscall 15, required is 15
(00.425418) 4757 was stopped
(00.425420) 4755 was trapped
(00.425423) 4755 (native) is going to execute the syscall 15, required is 15
(00.425429) 4755 was stopped
(00.425431) 4754 was trapped
(00.425434) 4754 (native) is going to execute the syscall 15, required is 15
(00.425440) 4754 was stopped
(00.425442) 4715 was trapped
(00.425445) 4715 (native) is going to execute the syscall 3, required is 15
(00.425454) 4715 was trapped
(00.425457) 4715 (native) is going to execute the syscall 3, required is 15
(00.425463) 4715 was trapped
(00.425466) 4715 (native) is going to execute the syscall 3, required is 15
(00.425471) 4715 was trapped
(00.425474) 4715 (native) is going to execute the syscall 3, required is 15
(00.425480) 4715 was trapped
(00.425482) 4715 (native) is going to execute the syscall 11, required is 15
(00.425499) 4715 was trapped
(00.425503) 4715 (native) is going to execute the syscall 11, required is 15
(00.425509) 4715 was trapped
(00.425512) 4715 (native) is going to execute the syscall 15, required is 15
(00.425518) 4715 was stopped
(00.425534) 4715 was trapped
(00.425537) 4715 (native) is going to execute the syscall 11, required is 11
(00.425558) 4715 was stopped
(00.425565) Running pre-resume scripts
(00.425567) 	RPC
(00.443219) Writing stats
(00.443281) Running post-resume scripts
(00.443283) 	RPC
